Classic Timing Analyzer report for decoder_enable_three_eight
Sat Sep 30 11:00:41 2017
Quartus II Version 9.1 Build 350 03/24/2010 Service Pack 2 SJ Web Edition


---------------------
; Table of Contents ;
---------------------
  1. Legal Notice
  2. Timing Analyzer Summary
  3. Timing Analyzer Settings
  4. Parallel Compilation
  5. tpd
  6. Timing Analyzer Messages



----------------
; Legal Notice ;
----------------
Copyright (C) 1991-2010 Altera Corporation
Your use of Altera Corporation's design tools, logic functions 
and other software and tools, and its AMPP partner logic 
functions, and any output files from any of the foregoing 
(including device programming or simulation files), and any 
associated documentation or information are expressly subject 
to the terms and conditions of the Altera Program License 
Subscription Agreement, Altera MegaCore Function License 
Agreement, or other applicable license agreement, including, 
without limitation, that your use is for the sole purpose of 
programming logic devices manufactured by Altera and sold by 
Altera or its authorized distributors.  Please refer to the 
applicable agreement for further details.



+-------------------------------------------------------------------------------------------------------------------------+
; Timing Analyzer Summary                                                                                                 ;
+------------------------------+-------+---------------+-------------+------+------+------------+----------+--------------+
; Type                         ; Slack ; Required Time ; Actual Time ; From ; To   ; From Clock ; To Clock ; Failed Paths ;
+------------------------------+-------+---------------+-------------+------+------+------------+----------+--------------+
; Worst-case tpd               ; N/A   ; None          ; 11.187 ns   ; en   ; f[1] ; --         ; --       ; 0            ;
; Total number of failed paths ;       ;               ;             ;      ;      ;            ;          ; 0            ;
+------------------------------+-------+---------------+-------------+------+------+------------+----------+--------------+


+-----------------------------------------------------------------------------------------------------------------------------------------------------+
; Timing Analyzer Settings                                                                                                                            ;
+------------------------------------------------------------------------------------------------------+--------------------+------+----+-------------+
; Option                                                                                               ; Setting            ; From ; To ; Entity Name ;
+------------------------------------------------------------------------------------------------------+--------------------+------+----+-------------+
; Device Name                                                                                          ; EP2C35F672C6       ;      ;    ;             ;
; Timing Models                                                                                        ; Final              ;      ;    ;             ;
; Default hold multicycle                                                                              ; Same as Multicycle ;      ;    ;             ;
; Cut paths between unrelated clock domains                                                            ; On                 ;      ;    ;             ;
; Cut off read during write signal paths                                                               ; On                 ;      ;    ;             ;
; Cut off feedback from I/O pins                                                                       ; On                 ;      ;    ;             ;
; Report Combined Fast/Slow Timing                                                                     ; Off                ;      ;    ;             ;
; Ignore Clock Settings                                                                                ; Off                ;      ;    ;             ;
; Analyze latches as synchronous elements                                                              ; On                 ;      ;    ;             ;
; Enable Recovery/Removal analysis                                                                     ; Off                ;      ;    ;             ;
; Enable Clock Latency                                                                                 ; Off                ;      ;    ;             ;
; Use TimeQuest Timing Analyzer                                                                        ; Off                ;      ;    ;             ;
; Minimum Core Junction Temperature                                                                    ; 0                  ;      ;    ;             ;
; Maximum Core Junction Temperature                                                                    ; 85                 ;      ;    ;             ;
; Number of source nodes to report per destination node                                                ; 10                 ;      ;    ;             ;
; Number of destination nodes to report                                                                ; 10                 ;      ;    ;             ;
; Number of paths to report                                                                            ; 200                ;      ;    ;             ;
; Report Minimum Timing Checks                                                                         ; Off                ;      ;    ;             ;
; Use Fast Timing Models                                                                               ; Off                ;      ;    ;             ;
; Report IO Paths Separately                                                                           ; Off                ;      ;    ;             ;
; Perform Multicorner Analysis                                                                         ; On                 ;      ;    ;             ;
; Reports the worst-case path for each clock domain and analysis                                       ; Off                ;      ;    ;             ;
; Reports worst-case timing paths for each clock domain and analysis                                   ; On                 ;      ;    ;             ;
; Specifies the maximum number of worst-case timing paths to report for each clock domain and analysis ; 100                ;      ;    ;             ;
; Removes common clock path pessimism (CCPP) during slack computation                                  ; Off                ;      ;    ;             ;
; Output I/O Timing Endpoint                                                                           ; Near End           ;      ;    ;             ;
+------------------------------------------------------------------------------------------------------+--------------------+------+----+-------------+


Parallel compilation was disabled, but you have multiple processors available. Enable parallel compilation to reduce compilation time.
+-------------------------------------+
; Parallel Compilation                ;
+----------------------------+--------+
; Processors                 ; Number ;
+----------------------------+--------+
; Number detected on machine ; 2      ;
; Maximum allowed            ; 1      ;
+----------------------------+--------+


+-----------------------------------------------------------+
; tpd                                                       ;
+-------+-------------------+-----------------+------+------+
; Slack ; Required P2P Time ; Actual P2P Time ; From ; To   ;
+-------+-------------------+-----------------+------+------+
; N/A   ; None              ; 11.187 ns       ; en   ; f[1] ;
; N/A   ; None              ; 11.175 ns       ; en   ; f[0] ;
; N/A   ; None              ; 10.972 ns       ; en   ; f[5] ;
; N/A   ; None              ; 10.970 ns       ; en   ; f[4] ;
; N/A   ; None              ; 10.960 ns       ; en   ; f[7] ;
; N/A   ; None              ; 10.959 ns       ; en   ; f[6] ;
; N/A   ; None              ; 10.947 ns       ; en   ; f[2] ;
; N/A   ; None              ; 10.947 ns       ; en   ; f[3] ;
; N/A   ; None              ; 6.858 ns        ; a[1] ; f[0] ;
; N/A   ; None              ; 6.828 ns        ; a[1] ; f[1] ;
; N/A   ; None              ; 6.731 ns        ; a[0] ; f[1] ;
; N/A   ; None              ; 6.688 ns        ; a[0] ; f[0] ;
; N/A   ; None              ; 6.635 ns        ; a[1] ; f[4] ;
; N/A   ; None              ; 6.627 ns        ; a[1] ; f[2] ;
; N/A   ; None              ; 6.616 ns        ; a[1] ; f[7] ;
; N/A   ; None              ; 6.614 ns        ; a[1] ; f[3] ;
; N/A   ; None              ; 6.603 ns        ; a[1] ; f[5] ;
; N/A   ; None              ; 6.599 ns        ; a[1] ; f[6] ;
; N/A   ; None              ; 6.516 ns        ; a[0] ; f[5] ;
; N/A   ; None              ; 6.504 ns        ; a[0] ; f[7] ;
; N/A   ; None              ; 6.503 ns        ; a[0] ; f[6] ;
; N/A   ; None              ; 6.491 ns        ; a[0] ; f[2] ;
; N/A   ; None              ; 6.489 ns        ; a[0] ; f[3] ;
; N/A   ; None              ; 6.483 ns        ; a[0] ; f[4] ;
+-------+-------------------+-----------------+------+------+


+--------------------------+
; Timing Analyzer Messages ;
+--------------------------+
Info: *******************************************************************
Info: Running Quartus II Classic Timing Analyzer
    Info: Version 9.1 Build 350 03/24/2010 Service Pack 2 SJ Web Edition
    Info: Processing started: Sat Sep 30 11:00:41 2017
Info: Command: quartus_tan --read_settings_files=off --write_settings_files=off decoder_enable_three_eight -c decoder_enable_three_eight --timing_analysis_only
Info: Longest tpd from source pin "en" to destination pin "f[1]" is 11.187 ns
    Info: 1: + IC(0.000 ns) + CELL(0.852 ns) = 0.852 ns; Loc. = PIN_V2; Fanout = 8; PIN Node = 'en'
    Info: 2: + IC(6.497 ns) + CELL(0.150 ns) = 7.499 ns; Loc. = LCCOMB_X62_Y4_N20; Fanout = 1; COMB Node = 'decoder_enable_three_eight:inst|decoder_enable:decoder0|f[1]~2'
    Info: 3: + IC(0.870 ns) + CELL(2.818 ns) = 11.187 ns; Loc. = PIN_AF23; Fanout = 0; PIN Node = 'f[1]'
    Info: Total cell delay = 3.820 ns ( 34.15 % )
    Info: Total interconnect delay = 7.367 ns ( 65.85 % )
Info: Quartus II Classic Timing Analyzer was successful. 0 errors, 0 warnings
    Info: Peak virtual memory: 176 megabytes
    Info: Processing ended: Sat Sep 30 11:00:41 2017
    Info: Elapsed time: 00:00:00
    Info: Total CPU time (on all processors): 00:00:01


