Simulator report for Multiplier
Tue Oct 24 09:36:25 2017
Quartus II Version 9.1 Build 350 03/24/2010 Service Pack 2 SJ Web Edition


---------------------
; Table of Contents ;
---------------------
  1. Legal Notice
  2. Simulator Summary
  3. Simulator Settings
  4. Simulation Waveforms
  5. Coverage Summary
  6. Complete 1/0-Value Coverage
  7. Missing 1-Value Coverage
  8. Missing 0-Value Coverage
  9. Simulator INI Usage
 10. Simulator Messages



----------------
; Legal Notice ;
----------------
Copyright (C) 1991-2010 Altera Corporation
Your use of Altera Corporation's design tools, logic functions 
and other software and tools, and its AMPP partner logic 
functions, and any output files from any of the foregoing 
(including device programming or simulation files), and any 
associated documentation or information are expressly subject 
to the terms and conditions of the Altera Program License 
Subscription Agreement, Altera MegaCore Function License 
Agreement, or other applicable license agreement, including, 
without limitation, that your use is for the sole purpose of 
programming logic devices manufactured by Altera and sold by 
Altera or its authorized distributors.  Please refer to the 
applicable agreement for further details.



+--------------------------------------------+
; Simulator Summary                          ;
+-----------------------------+--------------+
; Type                        ; Value        ;
+-----------------------------+--------------+
; Simulation Start Time       ; 0 ps         ;
; Simulation End Time         ; 1.0 us       ;
; Simulation Netlist Size     ; 162 nodes    ;
; Simulation Coverage         ;       0.00 % ;
; Total Number of Transitions ; 0            ;
; Simulation Breakpoints      ; 0            ;
; Family                      ; Cyclone II   ;
+-----------------------------+--------------+


+-------------------------------------------------------------------------------------------------------------------------------------+
; Simulator Settings                                                                                                                  ;
+--------------------------------------------------------------------------------------------+------------------------+---------------+
; Option                                                                                     ; Setting                ; Default Value ;
+--------------------------------------------------------------------------------------------+------------------------+---------------+
; Simulation mode                                                                            ; Functional             ; Timing        ;
; Start time                                                                                 ; 0 ns                   ; 0 ns          ;
; Simulation results format                                                                  ; CVWF                   ;               ;
; Vector input source                                                                        ; TreeAdder_Waveform.vwf ;               ;
; Add pins automatically to simulation output waveforms                                      ; On                     ; On            ;
; Check outputs                                                                              ; Off                    ; Off           ;
; Report simulation coverage                                                                 ; On                     ; On            ;
; Display complete 1/0 value coverage report                                                 ; On                     ; On            ;
; Display missing 1-value coverage report                                                    ; On                     ; On            ;
; Display missing 0-value coverage report                                                    ; On                     ; On            ;
; Detect setup and hold time violations                                                      ; Off                    ; Off           ;
; Detect glitches                                                                            ; Off                    ; Off           ;
; Disable timing delays in Timing Simulation                                                 ; Off                    ; Off           ;
; Generate Signal Activity File                                                              ; Off                    ; Off           ;
; Generate VCD File for PowerPlay Power Analyzer                                             ; Off                    ; Off           ;
; Group bus channels in simulation results                                                   ; Off                    ; Off           ;
; Preserve fewer signal transitions to reduce memory requirements                            ; On                     ; On            ;
; Trigger vector comparison with the specified mode                                          ; INPUT_EDGE             ; INPUT_EDGE    ;
; Disable setup and hold time violations detection in input registers of bi-directional pins ; Off                    ; Off           ;
; Overwrite Waveform Inputs With Simulation Outputs                                          ; Off                    ;               ;
; Perform Glitch Filtering in Timing Simulation                                              ; Auto                   ; Auto          ;
+--------------------------------------------------------------------------------------------+------------------------+---------------+


+----------------------+
; Simulation Waveforms ;
+----------------------+
Waveform report data cannot be output to ASCII.
Please use Quartus II to view the waveform report data.


+--------------------------------------------------------------------+
; Coverage Summary                                                   ;
+-----------------------------------------------------+--------------+
; Type                                                ; Value        ;
+-----------------------------------------------------+--------------+
; Total coverage as a percentage                      ;       0.00 % ;
; Total nodes checked                                 ; 162          ;
; Total output ports checked                          ; 162          ;
; Total output ports with complete 1/0-value coverage ; 0            ;
; Total output ports with no 1/0-value coverage       ; 162          ;
; Total output ports with no 1-value coverage         ; 162          ;
; Total output ports with no 0-value coverage         ; 162          ;
+-----------------------------------------------------+--------------+


The following table displays output ports that toggle between 1 and 0 during simulation.
+-------------------------------------------------+
; Complete 1/0-Value Coverage                     ;
+-----------+------------------+------------------+
; Node Name ; Output Port Name ; Output Port Type ;
+-----------+------------------+------------------+


The following table displays output ports that do not toggle to 1 during simulation.
+--------------------------------------------------------------------------------------------------------------------------------------------------------------------------------------+
; Missing 1-Value Coverage                                                                                                                                                             ;
+---------------------------------------------------------------------------------+---------------------------------------------------------------------------------+------------------+
; Node Name                                                                       ; Output Port Name                                                                ; Output Port Type ;
+---------------------------------------------------------------------------------+---------------------------------------------------------------------------------+------------------+
; |Block1|sum0                                                                    ; |Block1|sum0                                                                    ; pin_out          ;
; |Block1|h3                                                                      ; |Block1|h3                                                                      ; out              ;
; |Block1|h2                                                                      ; |Block1|h2                                                                      ; out              ;
; |Block1|h1                                                                      ; |Block1|h1                                                                      ; out              ;
; |Block1|h0                                                                      ; |Block1|h0                                                                      ; out              ;
; |Block1|g3                                                                      ; |Block1|g3                                                                      ; out              ;
; |Block1|g2                                                                      ; |Block1|g2                                                                      ; out              ;
; |Block1|g1                                                                      ; |Block1|g1                                                                      ; out              ;
; |Block1|g0                                                                      ; |Block1|g0                                                                      ; out              ;
; |Block1|f3                                                                      ; |Block1|f3                                                                      ; out              ;
; |Block1|f2                                                                      ; |Block1|f2                                                                      ; out              ;
; |Block1|f1                                                                      ; |Block1|f1                                                                      ; out              ;
; |Block1|f0                                                                      ; |Block1|f0                                                                      ; out              ;
; |Block1|e3                                                                      ; |Block1|e3                                                                      ; out              ;
; |Block1|e2                                                                      ; |Block1|e2                                                                      ; out              ;
; |Block1|e1                                                                      ; |Block1|e1                                                                      ; out              ;
; |Block1|e0                                                                      ; |Block1|e0                                                                      ; out              ;
; |Block1|d3                                                                      ; |Block1|d3                                                                      ; out              ;
; |Block1|d2                                                                      ; |Block1|d2                                                                      ; out              ;
; |Block1|d1                                                                      ; |Block1|d1                                                                      ; out              ;
; |Block1|d0                                                                      ; |Block1|d0                                                                      ; out              ;
; |Block1|c3                                                                      ; |Block1|c3                                                                      ; out              ;
; |Block1|c2                                                                      ; |Block1|c2                                                                      ; out              ;
; |Block1|c1                                                                      ; |Block1|c1                                                                      ; out              ;
; |Block1|c0                                                                      ; |Block1|c0                                                                      ; out              ;
; |Block1|a3                                                                      ; |Block1|a3                                                                      ; out              ;
; |Block1|a2                                                                      ; |Block1|a2                                                                      ; out              ;
; |Block1|a1                                                                      ; |Block1|a1                                                                      ; out              ;
; |Block1|a0                                                                      ; |Block1|a0                                                                      ; out              ;
; |Block1|b3                                                                      ; |Block1|b3                                                                      ; out              ;
; |Block1|b2                                                                      ; |Block1|b2                                                                      ; out              ;
; |Block1|b1                                                                      ; |Block1|b1                                                                      ; out              ;
; |Block1|b0                                                                      ; |Block1|b0                                                                      ; out              ;
; |Block1|sum1                                                                    ; |Block1|sum1                                                                    ; pin_out          ;
; |Block1|sum2                                                                    ; |Block1|sum2                                                                    ; pin_out          ;
; |Block1|sum3                                                                    ; |Block1|sum3                                                                    ; pin_out          ;
; |Block1|Csc21100_4bit_add_sub:inst|Csc21100_1bit_add_sub:Csc_Bit_Adder3|sum~0   ; |Block1|Csc21100_4bit_add_sub:inst|Csc21100_1bit_add_sub:Csc_Bit_Adder3|sum~0   ; out0             ;
; |Block1|Csc21100_4bit_add_sub:inst|Csc21100_1bit_add_sub:Csc_Bit_Adder3|sum     ; |Block1|Csc21100_4bit_add_sub:inst|Csc21100_1bit_add_sub:Csc_Bit_Adder3|sum     ; out0             ;
; |Block1|Csc21100_4bit_add_sub:inst|Csc21100_1bit_add_sub:Csc_Bit_Adder2|sum~0   ; |Block1|Csc21100_4bit_add_sub:inst|Csc21100_1bit_add_sub:Csc_Bit_Adder2|sum~0   ; out0             ;
; |Block1|Csc21100_4bit_add_sub:inst|Csc21100_1bit_add_sub:Csc_Bit_Adder2|sum     ; |Block1|Csc21100_4bit_add_sub:inst|Csc21100_1bit_add_sub:Csc_Bit_Adder2|sum     ; out0             ;
; |Block1|Csc21100_4bit_add_sub:inst|Csc21100_1bit_add_sub:Csc_Bit_Adder2|cout~0  ; |Block1|Csc21100_4bit_add_sub:inst|Csc21100_1bit_add_sub:Csc_Bit_Adder2|cout~0  ; out0             ;
; |Block1|Csc21100_4bit_add_sub:inst|Csc21100_1bit_add_sub:Csc_Bit_Adder2|cout~1  ; |Block1|Csc21100_4bit_add_sub:inst|Csc21100_1bit_add_sub:Csc_Bit_Adder2|cout~1  ; out0             ;
; |Block1|Csc21100_4bit_add_sub:inst|Csc21100_1bit_add_sub:Csc_Bit_Adder2|cout~2  ; |Block1|Csc21100_4bit_add_sub:inst|Csc21100_1bit_add_sub:Csc_Bit_Adder2|cout~2  ; out0             ;
; |Block1|Csc21100_4bit_add_sub:inst|Csc21100_1bit_add_sub:Csc_Bit_Adder2|cout~3  ; |Block1|Csc21100_4bit_add_sub:inst|Csc21100_1bit_add_sub:Csc_Bit_Adder2|cout~3  ; out0             ;
; |Block1|Csc21100_4bit_add_sub:inst|Csc21100_1bit_add_sub:Csc_Bit_Adder2|cout    ; |Block1|Csc21100_4bit_add_sub:inst|Csc21100_1bit_add_sub:Csc_Bit_Adder2|cout    ; out0             ;
; |Block1|Csc21100_4bit_add_sub:inst|Csc21100_1bit_add_sub:Csc_Bit_Adder1|sum~0   ; |Block1|Csc21100_4bit_add_sub:inst|Csc21100_1bit_add_sub:Csc_Bit_Adder1|sum~0   ; out0             ;
; |Block1|Csc21100_4bit_add_sub:inst|Csc21100_1bit_add_sub:Csc_Bit_Adder1|sum     ; |Block1|Csc21100_4bit_add_sub:inst|Csc21100_1bit_add_sub:Csc_Bit_Adder1|sum     ; out0             ;
; |Block1|Csc21100_4bit_add_sub:inst|Csc21100_1bit_add_sub:Csc_Bit_Adder1|cout~0  ; |Block1|Csc21100_4bit_add_sub:inst|Csc21100_1bit_add_sub:Csc_Bit_Adder1|cout~0  ; out0             ;
; |Block1|Csc21100_4bit_add_sub:inst|Csc21100_1bit_add_sub:Csc_Bit_Adder1|cout~1  ; |Block1|Csc21100_4bit_add_sub:inst|Csc21100_1bit_add_sub:Csc_Bit_Adder1|cout~1  ; out0             ;
; |Block1|Csc21100_4bit_add_sub:inst|Csc21100_1bit_add_sub:Csc_Bit_Adder1|cout~2  ; |Block1|Csc21100_4bit_add_sub:inst|Csc21100_1bit_add_sub:Csc_Bit_Adder1|cout~2  ; out0             ;
; |Block1|Csc21100_4bit_add_sub:inst|Csc21100_1bit_add_sub:Csc_Bit_Adder1|cout~3  ; |Block1|Csc21100_4bit_add_sub:inst|Csc21100_1bit_add_sub:Csc_Bit_Adder1|cout~3  ; out0             ;
; |Block1|Csc21100_4bit_add_sub:inst|Csc21100_1bit_add_sub:Csc_Bit_Adder1|cout    ; |Block1|Csc21100_4bit_add_sub:inst|Csc21100_1bit_add_sub:Csc_Bit_Adder1|cout    ; out0             ;
; |Block1|Csc21100_4bit_add_sub:inst|Csc21100_1bit_add_sub:Csc_Bit_Adder0|sum~0   ; |Block1|Csc21100_4bit_add_sub:inst|Csc21100_1bit_add_sub:Csc_Bit_Adder0|sum~0   ; out0             ;
; |Block1|Csc21100_4bit_add_sub:inst|Csc21100_1bit_add_sub:Csc_Bit_Adder0|cout~3  ; |Block1|Csc21100_4bit_add_sub:inst|Csc21100_1bit_add_sub:Csc_Bit_Adder0|cout~3  ; out0             ;
; |Block1|Csc21100_4bit_add_sub:inst1|Csc21100_1bit_add_sub:Csc_Bit_Adder3|sum~0  ; |Block1|Csc21100_4bit_add_sub:inst1|Csc21100_1bit_add_sub:Csc_Bit_Adder3|sum~0  ; out0             ;
; |Block1|Csc21100_4bit_add_sub:inst1|Csc21100_1bit_add_sub:Csc_Bit_Adder3|sum    ; |Block1|Csc21100_4bit_add_sub:inst1|Csc21100_1bit_add_sub:Csc_Bit_Adder3|sum    ; out0             ;
; |Block1|Csc21100_4bit_add_sub:inst1|Csc21100_1bit_add_sub:Csc_Bit_Adder2|sum~0  ; |Block1|Csc21100_4bit_add_sub:inst1|Csc21100_1bit_add_sub:Csc_Bit_Adder2|sum~0  ; out0             ;
; |Block1|Csc21100_4bit_add_sub:inst1|Csc21100_1bit_add_sub:Csc_Bit_Adder2|sum    ; |Block1|Csc21100_4bit_add_sub:inst1|Csc21100_1bit_add_sub:Csc_Bit_Adder2|sum    ; out0             ;
; |Block1|Csc21100_4bit_add_sub:inst1|Csc21100_1bit_add_sub:Csc_Bit_Adder2|cout~0 ; |Block1|Csc21100_4bit_add_sub:inst1|Csc21100_1bit_add_sub:Csc_Bit_Adder2|cout~0 ; out0             ;
; |Block1|Csc21100_4bit_add_sub:inst1|Csc21100_1bit_add_sub:Csc_Bit_Adder2|cout~1 ; |Block1|Csc21100_4bit_add_sub:inst1|Csc21100_1bit_add_sub:Csc_Bit_Adder2|cout~1 ; out0             ;
; |Block1|Csc21100_4bit_add_sub:inst1|Csc21100_1bit_add_sub:Csc_Bit_Adder2|cout~2 ; |Block1|Csc21100_4bit_add_sub:inst1|Csc21100_1bit_add_sub:Csc_Bit_Adder2|cout~2 ; out0             ;
; |Block1|Csc21100_4bit_add_sub:inst1|Csc21100_1bit_add_sub:Csc_Bit_Adder2|cout~3 ; |Block1|Csc21100_4bit_add_sub:inst1|Csc21100_1bit_add_sub:Csc_Bit_Adder2|cout~3 ; out0             ;
; |Block1|Csc21100_4bit_add_sub:inst1|Csc21100_1bit_add_sub:Csc_Bit_Adder2|cout   ; |Block1|Csc21100_4bit_add_sub:inst1|Csc21100_1bit_add_sub:Csc_Bit_Adder2|cout   ; out0             ;
; |Block1|Csc21100_4bit_add_sub:inst1|Csc21100_1bit_add_sub:Csc_Bit_Adder1|sum~0  ; |Block1|Csc21100_4bit_add_sub:inst1|Csc21100_1bit_add_sub:Csc_Bit_Adder1|sum~0  ; out0             ;
; |Block1|Csc21100_4bit_add_sub:inst1|Csc21100_1bit_add_sub:Csc_Bit_Adder1|sum    ; |Block1|Csc21100_4bit_add_sub:inst1|Csc21100_1bit_add_sub:Csc_Bit_Adder1|sum    ; out0             ;
; |Block1|Csc21100_4bit_add_sub:inst1|Csc21100_1bit_add_sub:Csc_Bit_Adder1|cout~0 ; |Block1|Csc21100_4bit_add_sub:inst1|Csc21100_1bit_add_sub:Csc_Bit_Adder1|cout~0 ; out0             ;
; |Block1|Csc21100_4bit_add_sub:inst1|Csc21100_1bit_add_sub:Csc_Bit_Adder1|cout~1 ; |Block1|Csc21100_4bit_add_sub:inst1|Csc21100_1bit_add_sub:Csc_Bit_Adder1|cout~1 ; out0             ;
; |Block1|Csc21100_4bit_add_sub:inst1|Csc21100_1bit_add_sub:Csc_Bit_Adder1|cout~2 ; |Block1|Csc21100_4bit_add_sub:inst1|Csc21100_1bit_add_sub:Csc_Bit_Adder1|cout~2 ; out0             ;
; |Block1|Csc21100_4bit_add_sub:inst1|Csc21100_1bit_add_sub:Csc_Bit_Adder1|cout~3 ; |Block1|Csc21100_4bit_add_sub:inst1|Csc21100_1bit_add_sub:Csc_Bit_Adder1|cout~3 ; out0             ;
; |Block1|Csc21100_4bit_add_sub:inst1|Csc21100_1bit_add_sub:Csc_Bit_Adder1|cout   ; |Block1|Csc21100_4bit_add_sub:inst1|Csc21100_1bit_add_sub:Csc_Bit_Adder1|cout   ; out0             ;
; |Block1|Csc21100_4bit_add_sub:inst1|Csc21100_1bit_add_sub:Csc_Bit_Adder0|sum~0  ; |Block1|Csc21100_4bit_add_sub:inst1|Csc21100_1bit_add_sub:Csc_Bit_Adder0|sum~0  ; out0             ;
; |Block1|Csc21100_4bit_add_sub:inst1|Csc21100_1bit_add_sub:Csc_Bit_Adder0|cout~3 ; |Block1|Csc21100_4bit_add_sub:inst1|Csc21100_1bit_add_sub:Csc_Bit_Adder0|cout~3 ; out0             ;
; |Block1|Csc21100_4bit_add_sub:inst4|Csc21100_1bit_add_sub:Csc_Bit_Adder3|sum~0  ; |Block1|Csc21100_4bit_add_sub:inst4|Csc21100_1bit_add_sub:Csc_Bit_Adder3|sum~0  ; out0             ;
; |Block1|Csc21100_4bit_add_sub:inst4|Csc21100_1bit_add_sub:Csc_Bit_Adder3|sum    ; |Block1|Csc21100_4bit_add_sub:inst4|Csc21100_1bit_add_sub:Csc_Bit_Adder3|sum    ; out0             ;
; |Block1|Csc21100_4bit_add_sub:inst4|Csc21100_1bit_add_sub:Csc_Bit_Adder2|sum~0  ; |Block1|Csc21100_4bit_add_sub:inst4|Csc21100_1bit_add_sub:Csc_Bit_Adder2|sum~0  ; out0             ;
; |Block1|Csc21100_4bit_add_sub:inst4|Csc21100_1bit_add_sub:Csc_Bit_Adder2|sum    ; |Block1|Csc21100_4bit_add_sub:inst4|Csc21100_1bit_add_sub:Csc_Bit_Adder2|sum    ; out0             ;
; |Block1|Csc21100_4bit_add_sub:inst4|Csc21100_1bit_add_sub:Csc_Bit_Adder2|cout~0 ; |Block1|Csc21100_4bit_add_sub:inst4|Csc21100_1bit_add_sub:Csc_Bit_Adder2|cout~0 ; out0             ;
; |Block1|Csc21100_4bit_add_sub:inst4|Csc21100_1bit_add_sub:Csc_Bit_Adder2|cout~1 ; |Block1|Csc21100_4bit_add_sub:inst4|Csc21100_1bit_add_sub:Csc_Bit_Adder2|cout~1 ; out0             ;
; |Block1|Csc21100_4bit_add_sub:inst4|Csc21100_1bit_add_sub:Csc_Bit_Adder2|cout~2 ; |Block1|Csc21100_4bit_add_sub:inst4|Csc21100_1bit_add_sub:Csc_Bit_Adder2|cout~2 ; out0             ;
; |Block1|Csc21100_4bit_add_sub:inst4|Csc21100_1bit_add_sub:Csc_Bit_Adder2|cout~3 ; |Block1|Csc21100_4bit_add_sub:inst4|Csc21100_1bit_add_sub:Csc_Bit_Adder2|cout~3 ; out0             ;
; |Block1|Csc21100_4bit_add_sub:inst4|Csc21100_1bit_add_sub:Csc_Bit_Adder2|cout   ; |Block1|Csc21100_4bit_add_sub:inst4|Csc21100_1bit_add_sub:Csc_Bit_Adder2|cout   ; out0             ;
; |Block1|Csc21100_4bit_add_sub:inst4|Csc21100_1bit_add_sub:Csc_Bit_Adder1|sum~0  ; |Block1|Csc21100_4bit_add_sub:inst4|Csc21100_1bit_add_sub:Csc_Bit_Adder1|sum~0  ; out0             ;
; |Block1|Csc21100_4bit_add_sub:inst4|Csc21100_1bit_add_sub:Csc_Bit_Adder1|sum    ; |Block1|Csc21100_4bit_add_sub:inst4|Csc21100_1bit_add_sub:Csc_Bit_Adder1|sum    ; out0             ;
; |Block1|Csc21100_4bit_add_sub:inst4|Csc21100_1bit_add_sub:Csc_Bit_Adder1|cout~0 ; |Block1|Csc21100_4bit_add_sub:inst4|Csc21100_1bit_add_sub:Csc_Bit_Adder1|cout~0 ; out0             ;
; |Block1|Csc21100_4bit_add_sub:inst4|Csc21100_1bit_add_sub:Csc_Bit_Adder1|cout~1 ; |Block1|Csc21100_4bit_add_sub:inst4|Csc21100_1bit_add_sub:Csc_Bit_Adder1|cout~1 ; out0             ;
; |Block1|Csc21100_4bit_add_sub:inst4|Csc21100_1bit_add_sub:Csc_Bit_Adder1|cout~2 ; |Block1|Csc21100_4bit_add_sub:inst4|Csc21100_1bit_add_sub:Csc_Bit_Adder1|cout~2 ; out0             ;
; |Block1|Csc21100_4bit_add_sub:inst4|Csc21100_1bit_add_sub:Csc_Bit_Adder1|cout~3 ; |Block1|Csc21100_4bit_add_sub:inst4|Csc21100_1bit_add_sub:Csc_Bit_Adder1|cout~3 ; out0             ;
; |Block1|Csc21100_4bit_add_sub:inst4|Csc21100_1bit_add_sub:Csc_Bit_Adder1|cout   ; |Block1|Csc21100_4bit_add_sub:inst4|Csc21100_1bit_add_sub:Csc_Bit_Adder1|cout   ; out0             ;
; |Block1|Csc21100_4bit_add_sub:inst4|Csc21100_1bit_add_sub:Csc_Bit_Adder0|sum~0  ; |Block1|Csc21100_4bit_add_sub:inst4|Csc21100_1bit_add_sub:Csc_Bit_Adder0|sum~0  ; out0             ;
; |Block1|Csc21100_4bit_add_sub:inst4|Csc21100_1bit_add_sub:Csc_Bit_Adder0|cout~3 ; |Block1|Csc21100_4bit_add_sub:inst4|Csc21100_1bit_add_sub:Csc_Bit_Adder0|cout~3 ; out0             ;
; |Block1|Csc21100_4bit_add_sub:inst2|Csc21100_1bit_add_sub:Csc_Bit_Adder3|sum~0  ; |Block1|Csc21100_4bit_add_sub:inst2|Csc21100_1bit_add_sub:Csc_Bit_Adder3|sum~0  ; out0             ;
; |Block1|Csc21100_4bit_add_sub:inst2|Csc21100_1bit_add_sub:Csc_Bit_Adder3|sum    ; |Block1|Csc21100_4bit_add_sub:inst2|Csc21100_1bit_add_sub:Csc_Bit_Adder3|sum    ; out0             ;
; |Block1|Csc21100_4bit_add_sub:inst2|Csc21100_1bit_add_sub:Csc_Bit_Adder2|sum~0  ; |Block1|Csc21100_4bit_add_sub:inst2|Csc21100_1bit_add_sub:Csc_Bit_Adder2|sum~0  ; out0             ;
; |Block1|Csc21100_4bit_add_sub:inst2|Csc21100_1bit_add_sub:Csc_Bit_Adder2|sum    ; |Block1|Csc21100_4bit_add_sub:inst2|Csc21100_1bit_add_sub:Csc_Bit_Adder2|sum    ; out0             ;
; |Block1|Csc21100_4bit_add_sub:inst2|Csc21100_1bit_add_sub:Csc_Bit_Adder2|cout~0 ; |Block1|Csc21100_4bit_add_sub:inst2|Csc21100_1bit_add_sub:Csc_Bit_Adder2|cout~0 ; out0             ;
; |Block1|Csc21100_4bit_add_sub:inst2|Csc21100_1bit_add_sub:Csc_Bit_Adder2|cout~1 ; |Block1|Csc21100_4bit_add_sub:inst2|Csc21100_1bit_add_sub:Csc_Bit_Adder2|cout~1 ; out0             ;
; |Block1|Csc21100_4bit_add_sub:inst2|Csc21100_1bit_add_sub:Csc_Bit_Adder2|cout~2 ; |Block1|Csc21100_4bit_add_sub:inst2|Csc21100_1bit_add_sub:Csc_Bit_Adder2|cout~2 ; out0             ;
; |Block1|Csc21100_4bit_add_sub:inst2|Csc21100_1bit_add_sub:Csc_Bit_Adder2|cout~3 ; |Block1|Csc21100_4bit_add_sub:inst2|Csc21100_1bit_add_sub:Csc_Bit_Adder2|cout~3 ; out0             ;
; |Block1|Csc21100_4bit_add_sub:inst2|Csc21100_1bit_add_sub:Csc_Bit_Adder2|cout   ; |Block1|Csc21100_4bit_add_sub:inst2|Csc21100_1bit_add_sub:Csc_Bit_Adder2|cout   ; out0             ;
; |Block1|Csc21100_4bit_add_sub:inst2|Csc21100_1bit_add_sub:Csc_Bit_Adder1|sum~0  ; |Block1|Csc21100_4bit_add_sub:inst2|Csc21100_1bit_add_sub:Csc_Bit_Adder1|sum~0  ; out0             ;
; |Block1|Csc21100_4bit_add_sub:inst2|Csc21100_1bit_add_sub:Csc_Bit_Adder1|sum    ; |Block1|Csc21100_4bit_add_sub:inst2|Csc21100_1bit_add_sub:Csc_Bit_Adder1|sum    ; out0             ;
; |Block1|Csc21100_4bit_add_sub:inst2|Csc21100_1bit_add_sub:Csc_Bit_Adder1|cout~0 ; |Block1|Csc21100_4bit_add_sub:inst2|Csc21100_1bit_add_sub:Csc_Bit_Adder1|cout~0 ; out0             ;
; |Block1|Csc21100_4bit_add_sub:inst2|Csc21100_1bit_add_sub:Csc_Bit_Adder1|cout~1 ; |Block1|Csc21100_4bit_add_sub:inst2|Csc21100_1bit_add_sub:Csc_Bit_Adder1|cout~1 ; out0             ;
; |Block1|Csc21100_4bit_add_sub:inst2|Csc21100_1bit_add_sub:Csc_Bit_Adder1|cout~2 ; |Block1|Csc21100_4bit_add_sub:inst2|Csc21100_1bit_add_sub:Csc_Bit_Adder1|cout~2 ; out0             ;
; |Block1|Csc21100_4bit_add_sub:inst2|Csc21100_1bit_add_sub:Csc_Bit_Adder1|cout~3 ; |Block1|Csc21100_4bit_add_sub:inst2|Csc21100_1bit_add_sub:Csc_Bit_Adder1|cout~3 ; out0             ;
; |Block1|Csc21100_4bit_add_sub:inst2|Csc21100_1bit_add_sub:Csc_Bit_Adder1|cout   ; |Block1|Csc21100_4bit_add_sub:inst2|Csc21100_1bit_add_sub:Csc_Bit_Adder1|cout   ; out0             ;
; |Block1|Csc21100_4bit_add_sub:inst2|Csc21100_1bit_add_sub:Csc_Bit_Adder0|sum~0  ; |Block1|Csc21100_4bit_add_sub:inst2|Csc21100_1bit_add_sub:Csc_Bit_Adder0|sum~0  ; out0             ;
; |Block1|Csc21100_4bit_add_sub:inst2|Csc21100_1bit_add_sub:Csc_Bit_Adder0|cout~3 ; |Block1|Csc21100_4bit_add_sub:inst2|Csc21100_1bit_add_sub:Csc_Bit_Adder0|cout~3 ; out0             ;
; |Block1|Csc21100_4bit_add_sub:inst3|Csc21100_1bit_add_sub:Csc_Bit_Adder3|sum~0  ; |Block1|Csc21100_4bit_add_sub:inst3|Csc21100_1bit_add_sub:Csc_Bit_Adder3|sum~0  ; out0             ;
; |Block1|Csc21100_4bit_add_sub:inst3|Csc21100_1bit_add_sub:Csc_Bit_Adder3|sum    ; |Block1|Csc21100_4bit_add_sub:inst3|Csc21100_1bit_add_sub:Csc_Bit_Adder3|sum    ; out0             ;
; |Block1|Csc21100_4bit_add_sub:inst3|Csc21100_1bit_add_sub:Csc_Bit_Adder2|sum~0  ; |Block1|Csc21100_4bit_add_sub:inst3|Csc21100_1bit_add_sub:Csc_Bit_Adder2|sum~0  ; out0             ;
; |Block1|Csc21100_4bit_add_sub:inst3|Csc21100_1bit_add_sub:Csc_Bit_Adder2|sum    ; |Block1|Csc21100_4bit_add_sub:inst3|Csc21100_1bit_add_sub:Csc_Bit_Adder2|sum    ; out0             ;
; |Block1|Csc21100_4bit_add_sub:inst3|Csc21100_1bit_add_sub:Csc_Bit_Adder2|cout~0 ; |Block1|Csc21100_4bit_add_sub:inst3|Csc21100_1bit_add_sub:Csc_Bit_Adder2|cout~0 ; out0             ;
; |Block1|Csc21100_4bit_add_sub:inst3|Csc21100_1bit_add_sub:Csc_Bit_Adder2|cout~1 ; |Block1|Csc21100_4bit_add_sub:inst3|Csc21100_1bit_add_sub:Csc_Bit_Adder2|cout~1 ; out0             ;
; |Block1|Csc21100_4bit_add_sub:inst3|Csc21100_1bit_add_sub:Csc_Bit_Adder2|cout~2 ; |Block1|Csc21100_4bit_add_sub:inst3|Csc21100_1bit_add_sub:Csc_Bit_Adder2|cout~2 ; out0             ;
; |Block1|Csc21100_4bit_add_sub:inst3|Csc21100_1bit_add_sub:Csc_Bit_Adder2|cout~3 ; |Block1|Csc21100_4bit_add_sub:inst3|Csc21100_1bit_add_sub:Csc_Bit_Adder2|cout~3 ; out0             ;
; |Block1|Csc21100_4bit_add_sub:inst3|Csc21100_1bit_add_sub:Csc_Bit_Adder2|cout   ; |Block1|Csc21100_4bit_add_sub:inst3|Csc21100_1bit_add_sub:Csc_Bit_Adder2|cout   ; out0             ;
; |Block1|Csc21100_4bit_add_sub:inst3|Csc21100_1bit_add_sub:Csc_Bit_Adder1|sum~0  ; |Block1|Csc21100_4bit_add_sub:inst3|Csc21100_1bit_add_sub:Csc_Bit_Adder1|sum~0  ; out0             ;
; |Block1|Csc21100_4bit_add_sub:inst3|Csc21100_1bit_add_sub:Csc_Bit_Adder1|sum    ; |Block1|Csc21100_4bit_add_sub:inst3|Csc21100_1bit_add_sub:Csc_Bit_Adder1|sum    ; out0             ;
; |Block1|Csc21100_4bit_add_sub:inst3|Csc21100_1bit_add_sub:Csc_Bit_Adder1|cout~0 ; |Block1|Csc21100_4bit_add_sub:inst3|Csc21100_1bit_add_sub:Csc_Bit_Adder1|cout~0 ; out0             ;
; |Block1|Csc21100_4bit_add_sub:inst3|Csc21100_1bit_add_sub:Csc_Bit_Adder1|cout~1 ; |Block1|Csc21100_4bit_add_sub:inst3|Csc21100_1bit_add_sub:Csc_Bit_Adder1|cout~1 ; out0             ;
; |Block1|Csc21100_4bit_add_sub:inst3|Csc21100_1bit_add_sub:Csc_Bit_Adder1|cout~2 ; |Block1|Csc21100_4bit_add_sub:inst3|Csc21100_1bit_add_sub:Csc_Bit_Adder1|cout~2 ; out0             ;
; |Block1|Csc21100_4bit_add_sub:inst3|Csc21100_1bit_add_sub:Csc_Bit_Adder1|cout~3 ; |Block1|Csc21100_4bit_add_sub:inst3|Csc21100_1bit_add_sub:Csc_Bit_Adder1|cout~3 ; out0             ;
; |Block1|Csc21100_4bit_add_sub:inst3|Csc21100_1bit_add_sub:Csc_Bit_Adder1|cout   ; |Block1|Csc21100_4bit_add_sub:inst3|Csc21100_1bit_add_sub:Csc_Bit_Adder1|cout   ; out0             ;
; |Block1|Csc21100_4bit_add_sub:inst3|Csc21100_1bit_add_sub:Csc_Bit_Adder0|sum~0  ; |Block1|Csc21100_4bit_add_sub:inst3|Csc21100_1bit_add_sub:Csc_Bit_Adder0|sum~0  ; out0             ;
; |Block1|Csc21100_4bit_add_sub:inst3|Csc21100_1bit_add_sub:Csc_Bit_Adder0|cout~3 ; |Block1|Csc21100_4bit_add_sub:inst3|Csc21100_1bit_add_sub:Csc_Bit_Adder0|cout~3 ; out0             ;
; |Block1|Csc21100_4bit_add_sub:inst5|Csc21100_1bit_add_sub:Csc_Bit_Adder3|sum~0  ; |Block1|Csc21100_4bit_add_sub:inst5|Csc21100_1bit_add_sub:Csc_Bit_Adder3|sum~0  ; out0             ;
; |Block1|Csc21100_4bit_add_sub:inst5|Csc21100_1bit_add_sub:Csc_Bit_Adder3|sum    ; |Block1|Csc21100_4bit_add_sub:inst5|Csc21100_1bit_add_sub:Csc_Bit_Adder3|sum    ; out0             ;
; |Block1|Csc21100_4bit_add_sub:inst5|Csc21100_1bit_add_sub:Csc_Bit_Adder2|sum~0  ; |Block1|Csc21100_4bit_add_sub:inst5|Csc21100_1bit_add_sub:Csc_Bit_Adder2|sum~0  ; out0             ;
; |Block1|Csc21100_4bit_add_sub:inst5|Csc21100_1bit_add_sub:Csc_Bit_Adder2|sum    ; |Block1|Csc21100_4bit_add_sub:inst5|Csc21100_1bit_add_sub:Csc_Bit_Adder2|sum    ; out0             ;
; |Block1|Csc21100_4bit_add_sub:inst5|Csc21100_1bit_add_sub:Csc_Bit_Adder2|cout~0 ; |Block1|Csc21100_4bit_add_sub:inst5|Csc21100_1bit_add_sub:Csc_Bit_Adder2|cout~0 ; out0             ;
; |Block1|Csc21100_4bit_add_sub:inst5|Csc21100_1bit_add_sub:Csc_Bit_Adder2|cout~1 ; |Block1|Csc21100_4bit_add_sub:inst5|Csc21100_1bit_add_sub:Csc_Bit_Adder2|cout~1 ; out0             ;
; |Block1|Csc21100_4bit_add_sub:inst5|Csc21100_1bit_add_sub:Csc_Bit_Adder2|cout~2 ; |Block1|Csc21100_4bit_add_sub:inst5|Csc21100_1bit_add_sub:Csc_Bit_Adder2|cout~2 ; out0             ;
; |Block1|Csc21100_4bit_add_sub:inst5|Csc21100_1bit_add_sub:Csc_Bit_Adder2|cout~3 ; |Block1|Csc21100_4bit_add_sub:inst5|Csc21100_1bit_add_sub:Csc_Bit_Adder2|cout~3 ; out0             ;
; |Block1|Csc21100_4bit_add_sub:inst5|Csc21100_1bit_add_sub:Csc_Bit_Adder2|cout   ; |Block1|Csc21100_4bit_add_sub:inst5|Csc21100_1bit_add_sub:Csc_Bit_Adder2|cout   ; out0             ;
; |Block1|Csc21100_4bit_add_sub:inst5|Csc21100_1bit_add_sub:Csc_Bit_Adder1|sum~0  ; |Block1|Csc21100_4bit_add_sub:inst5|Csc21100_1bit_add_sub:Csc_Bit_Adder1|sum~0  ; out0             ;
; |Block1|Csc21100_4bit_add_sub:inst5|Csc21100_1bit_add_sub:Csc_Bit_Adder1|sum    ; |Block1|Csc21100_4bit_add_sub:inst5|Csc21100_1bit_add_sub:Csc_Bit_Adder1|sum    ; out0             ;
; |Block1|Csc21100_4bit_add_sub:inst5|Csc21100_1bit_add_sub:Csc_Bit_Adder1|cout~0 ; |Block1|Csc21100_4bit_add_sub:inst5|Csc21100_1bit_add_sub:Csc_Bit_Adder1|cout~0 ; out0             ;
; |Block1|Csc21100_4bit_add_sub:inst5|Csc21100_1bit_add_sub:Csc_Bit_Adder1|cout~1 ; |Block1|Csc21100_4bit_add_sub:inst5|Csc21100_1bit_add_sub:Csc_Bit_Adder1|cout~1 ; out0             ;
; |Block1|Csc21100_4bit_add_sub:inst5|Csc21100_1bit_add_sub:Csc_Bit_Adder1|cout~2 ; |Block1|Csc21100_4bit_add_sub:inst5|Csc21100_1bit_add_sub:Csc_Bit_Adder1|cout~2 ; out0             ;
; |Block1|Csc21100_4bit_add_sub:inst5|Csc21100_1bit_add_sub:Csc_Bit_Adder1|cout~3 ; |Block1|Csc21100_4bit_add_sub:inst5|Csc21100_1bit_add_sub:Csc_Bit_Adder1|cout~3 ; out0             ;
; |Block1|Csc21100_4bit_add_sub:inst5|Csc21100_1bit_add_sub:Csc_Bit_Adder1|cout   ; |Block1|Csc21100_4bit_add_sub:inst5|Csc21100_1bit_add_sub:Csc_Bit_Adder1|cout   ; out0             ;
; |Block1|Csc21100_4bit_add_sub:inst5|Csc21100_1bit_add_sub:Csc_Bit_Adder0|sum~0  ; |Block1|Csc21100_4bit_add_sub:inst5|Csc21100_1bit_add_sub:Csc_Bit_Adder0|sum~0  ; out0             ;
; |Block1|Csc21100_4bit_add_sub:inst5|Csc21100_1bit_add_sub:Csc_Bit_Adder0|cout~3 ; |Block1|Csc21100_4bit_add_sub:inst5|Csc21100_1bit_add_sub:Csc_Bit_Adder0|cout~3 ; out0             ;
; |Block1|Csc21100_4bit_add_sub:inst6|Csc21100_1bit_add_sub:Csc_Bit_Adder3|sum~0  ; |Block1|Csc21100_4bit_add_sub:inst6|Csc21100_1bit_add_sub:Csc_Bit_Adder3|sum~0  ; out0             ;
; |Block1|Csc21100_4bit_add_sub:inst6|Csc21100_1bit_add_sub:Csc_Bit_Adder3|sum    ; |Block1|Csc21100_4bit_add_sub:inst6|Csc21100_1bit_add_sub:Csc_Bit_Adder3|sum    ; out0             ;
; |Block1|Csc21100_4bit_add_sub:inst6|Csc21100_1bit_add_sub:Csc_Bit_Adder2|sum~0  ; |Block1|Csc21100_4bit_add_sub:inst6|Csc21100_1bit_add_sub:Csc_Bit_Adder2|sum~0  ; out0             ;
; |Block1|Csc21100_4bit_add_sub:inst6|Csc21100_1bit_add_sub:Csc_Bit_Adder2|sum    ; |Block1|Csc21100_4bit_add_sub:inst6|Csc21100_1bit_add_sub:Csc_Bit_Adder2|sum    ; out0             ;
; |Block1|Csc21100_4bit_add_sub:inst6|Csc21100_1bit_add_sub:Csc_Bit_Adder2|cout~0 ; |Block1|Csc21100_4bit_add_sub:inst6|Csc21100_1bit_add_sub:Csc_Bit_Adder2|cout~0 ; out0             ;
; |Block1|Csc21100_4bit_add_sub:inst6|Csc21100_1bit_add_sub:Csc_Bit_Adder2|cout~1 ; |Block1|Csc21100_4bit_add_sub:inst6|Csc21100_1bit_add_sub:Csc_Bit_Adder2|cout~1 ; out0             ;
; |Block1|Csc21100_4bit_add_sub:inst6|Csc21100_1bit_add_sub:Csc_Bit_Adder2|cout~2 ; |Block1|Csc21100_4bit_add_sub:inst6|Csc21100_1bit_add_sub:Csc_Bit_Adder2|cout~2 ; out0             ;
; |Block1|Csc21100_4bit_add_sub:inst6|Csc21100_1bit_add_sub:Csc_Bit_Adder2|cout~3 ; |Block1|Csc21100_4bit_add_sub:inst6|Csc21100_1bit_add_sub:Csc_Bit_Adder2|cout~3 ; out0             ;
; |Block1|Csc21100_4bit_add_sub:inst6|Csc21100_1bit_add_sub:Csc_Bit_Adder2|cout   ; |Block1|Csc21100_4bit_add_sub:inst6|Csc21100_1bit_add_sub:Csc_Bit_Adder2|cout   ; out0             ;
; |Block1|Csc21100_4bit_add_sub:inst6|Csc21100_1bit_add_sub:Csc_Bit_Adder1|sum~0  ; |Block1|Csc21100_4bit_add_sub:inst6|Csc21100_1bit_add_sub:Csc_Bit_Adder1|sum~0  ; out0             ;
; |Block1|Csc21100_4bit_add_sub:inst6|Csc21100_1bit_add_sub:Csc_Bit_Adder1|sum    ; |Block1|Csc21100_4bit_add_sub:inst6|Csc21100_1bit_add_sub:Csc_Bit_Adder1|sum    ; out0             ;
; |Block1|Csc21100_4bit_add_sub:inst6|Csc21100_1bit_add_sub:Csc_Bit_Adder1|cout~0 ; |Block1|Csc21100_4bit_add_sub:inst6|Csc21100_1bit_add_sub:Csc_Bit_Adder1|cout~0 ; out0             ;
; |Block1|Csc21100_4bit_add_sub:inst6|Csc21100_1bit_add_sub:Csc_Bit_Adder1|cout~1 ; |Block1|Csc21100_4bit_add_sub:inst6|Csc21100_1bit_add_sub:Csc_Bit_Adder1|cout~1 ; out0             ;
; |Block1|Csc21100_4bit_add_sub:inst6|Csc21100_1bit_add_sub:Csc_Bit_Adder1|cout~2 ; |Block1|Csc21100_4bit_add_sub:inst6|Csc21100_1bit_add_sub:Csc_Bit_Adder1|cout~2 ; out0             ;
; |Block1|Csc21100_4bit_add_sub:inst6|Csc21100_1bit_add_sub:Csc_Bit_Adder1|cout~3 ; |Block1|Csc21100_4bit_add_sub:inst6|Csc21100_1bit_add_sub:Csc_Bit_Adder1|cout~3 ; out0             ;
; |Block1|Csc21100_4bit_add_sub:inst6|Csc21100_1bit_add_sub:Csc_Bit_Adder1|cout   ; |Block1|Csc21100_4bit_add_sub:inst6|Csc21100_1bit_add_sub:Csc_Bit_Adder1|cout   ; out0             ;
; |Block1|Csc21100_4bit_add_sub:inst6|Csc21100_1bit_add_sub:Csc_Bit_Adder0|sum~0  ; |Block1|Csc21100_4bit_add_sub:inst6|Csc21100_1bit_add_sub:Csc_Bit_Adder0|sum~0  ; out0             ;
; |Block1|Csc21100_4bit_add_sub:inst6|Csc21100_1bit_add_sub:Csc_Bit_Adder0|cout~3 ; |Block1|Csc21100_4bit_add_sub:inst6|Csc21100_1bit_add_sub:Csc_Bit_Adder0|cout~3 ; out0             ;
+---------------------------------------------------------------------------------+---------------------------------------------------------------------------------+------------------+


The following table displays output ports that do not toggle to 0 during simulation.
+--------------------------------------------------------------------------------------------------------------------------------------------------------------------------------------+
; Missing 0-Value Coverage                                                                                                                                                             ;
+---------------------------------------------------------------------------------+---------------------------------------------------------------------------------+------------------+
; Node Name                                                                       ; Output Port Name                                                                ; Output Port Type ;
+---------------------------------------------------------------------------------+---------------------------------------------------------------------------------+------------------+
; |Block1|sum0                                                                    ; |Block1|sum0                                                                    ; pin_out          ;
; |Block1|h3                                                                      ; |Block1|h3                                                                      ; out              ;
; |Block1|h2                                                                      ; |Block1|h2                                                                      ; out              ;
; |Block1|h1                                                                      ; |Block1|h1                                                                      ; out              ;
; |Block1|h0                                                                      ; |Block1|h0                                                                      ; out              ;
; |Block1|g3                                                                      ; |Block1|g3                                                                      ; out              ;
; |Block1|g2                                                                      ; |Block1|g2                                                                      ; out              ;
; |Block1|g1                                                                      ; |Block1|g1                                                                      ; out              ;
; |Block1|g0                                                                      ; |Block1|g0                                                                      ; out              ;
; |Block1|f3                                                                      ; |Block1|f3                                                                      ; out              ;
; |Block1|f2                                                                      ; |Block1|f2                                                                      ; out              ;
; |Block1|f1                                                                      ; |Block1|f1                                                                      ; out              ;
; |Block1|f0                                                                      ; |Block1|f0                                                                      ; out              ;
; |Block1|e3                                                                      ; |Block1|e3                                                                      ; out              ;
; |Block1|e2                                                                      ; |Block1|e2                                                                      ; out              ;
; |Block1|e1                                                                      ; |Block1|e1                                                                      ; out              ;
; |Block1|e0                                                                      ; |Block1|e0                                                                      ; out              ;
; |Block1|d3                                                                      ; |Block1|d3                                                                      ; out              ;
; |Block1|d2                                                                      ; |Block1|d2                                                                      ; out              ;
; |Block1|d1                                                                      ; |Block1|d1                                                                      ; out              ;
; |Block1|d0                                                                      ; |Block1|d0                                                                      ; out              ;
; |Block1|c3                                                                      ; |Block1|c3                                                                      ; out              ;
; |Block1|c2                                                                      ; |Block1|c2                                                                      ; out              ;
; |Block1|c1                                                                      ; |Block1|c1                                                                      ; out              ;
; |Block1|c0                                                                      ; |Block1|c0                                                                      ; out              ;
; |Block1|a3                                                                      ; |Block1|a3                                                                      ; out              ;
; |Block1|a2                                                                      ; |Block1|a2                                                                      ; out              ;
; |Block1|a1                                                                      ; |Block1|a1                                                                      ; out              ;
; |Block1|a0                                                                      ; |Block1|a0                                                                      ; out              ;
; |Block1|b3                                                                      ; |Block1|b3                                                                      ; out              ;
; |Block1|b2                                                                      ; |Block1|b2                                                                      ; out              ;
; |Block1|b1                                                                      ; |Block1|b1                                                                      ; out              ;
; |Block1|b0                                                                      ; |Block1|b0                                                                      ; out              ;
; |Block1|sum1                                                                    ; |Block1|sum1                                                                    ; pin_out          ;
; |Block1|sum2                                                                    ; |Block1|sum2                                                                    ; pin_out          ;
; |Block1|sum3                                                                    ; |Block1|sum3                                                                    ; pin_out          ;
; |Block1|Csc21100_4bit_add_sub:inst|Csc21100_1bit_add_sub:Csc_Bit_Adder3|sum~0   ; |Block1|Csc21100_4bit_add_sub:inst|Csc21100_1bit_add_sub:Csc_Bit_Adder3|sum~0   ; out0             ;
; |Block1|Csc21100_4bit_add_sub:inst|Csc21100_1bit_add_sub:Csc_Bit_Adder3|sum     ; |Block1|Csc21100_4bit_add_sub:inst|Csc21100_1bit_add_sub:Csc_Bit_Adder3|sum     ; out0             ;
; |Block1|Csc21100_4bit_add_sub:inst|Csc21100_1bit_add_sub:Csc_Bit_Adder2|sum~0   ; |Block1|Csc21100_4bit_add_sub:inst|Csc21100_1bit_add_sub:Csc_Bit_Adder2|sum~0   ; out0             ;
; |Block1|Csc21100_4bit_add_sub:inst|Csc21100_1bit_add_sub:Csc_Bit_Adder2|sum     ; |Block1|Csc21100_4bit_add_sub:inst|Csc21100_1bit_add_sub:Csc_Bit_Adder2|sum     ; out0             ;
; |Block1|Csc21100_4bit_add_sub:inst|Csc21100_1bit_add_sub:Csc_Bit_Adder2|cout~0  ; |Block1|Csc21100_4bit_add_sub:inst|Csc21100_1bit_add_sub:Csc_Bit_Adder2|cout~0  ; out0             ;
; |Block1|Csc21100_4bit_add_sub:inst|Csc21100_1bit_add_sub:Csc_Bit_Adder2|cout~1  ; |Block1|Csc21100_4bit_add_sub:inst|Csc21100_1bit_add_sub:Csc_Bit_Adder2|cout~1  ; out0             ;
; |Block1|Csc21100_4bit_add_sub:inst|Csc21100_1bit_add_sub:Csc_Bit_Adder2|cout~2  ; |Block1|Csc21100_4bit_add_sub:inst|Csc21100_1bit_add_sub:Csc_Bit_Adder2|cout~2  ; out0             ;
; |Block1|Csc21100_4bit_add_sub:inst|Csc21100_1bit_add_sub:Csc_Bit_Adder2|cout~3  ; |Block1|Csc21100_4bit_add_sub:inst|Csc21100_1bit_add_sub:Csc_Bit_Adder2|cout~3  ; out0             ;
; |Block1|Csc21100_4bit_add_sub:inst|Csc21100_1bit_add_sub:Csc_Bit_Adder2|cout    ; |Block1|Csc21100_4bit_add_sub:inst|Csc21100_1bit_add_sub:Csc_Bit_Adder2|cout    ; out0             ;
; |Block1|Csc21100_4bit_add_sub:inst|Csc21100_1bit_add_sub:Csc_Bit_Adder1|sum~0   ; |Block1|Csc21100_4bit_add_sub:inst|Csc21100_1bit_add_sub:Csc_Bit_Adder1|sum~0   ; out0             ;
; |Block1|Csc21100_4bit_add_sub:inst|Csc21100_1bit_add_sub:Csc_Bit_Adder1|sum     ; |Block1|Csc21100_4bit_add_sub:inst|Csc21100_1bit_add_sub:Csc_Bit_Adder1|sum     ; out0             ;
; |Block1|Csc21100_4bit_add_sub:inst|Csc21100_1bit_add_sub:Csc_Bit_Adder1|cout~0  ; |Block1|Csc21100_4bit_add_sub:inst|Csc21100_1bit_add_sub:Csc_Bit_Adder1|cout~0  ; out0             ;
; |Block1|Csc21100_4bit_add_sub:inst|Csc21100_1bit_add_sub:Csc_Bit_Adder1|cout~1  ; |Block1|Csc21100_4bit_add_sub:inst|Csc21100_1bit_add_sub:Csc_Bit_Adder1|cout~1  ; out0             ;
; |Block1|Csc21100_4bit_add_sub:inst|Csc21100_1bit_add_sub:Csc_Bit_Adder1|cout~2  ; |Block1|Csc21100_4bit_add_sub:inst|Csc21100_1bit_add_sub:Csc_Bit_Adder1|cout~2  ; out0             ;
; |Block1|Csc21100_4bit_add_sub:inst|Csc21100_1bit_add_sub:Csc_Bit_Adder1|cout~3  ; |Block1|Csc21100_4bit_add_sub:inst|Csc21100_1bit_add_sub:Csc_Bit_Adder1|cout~3  ; out0             ;
; |Block1|Csc21100_4bit_add_sub:inst|Csc21100_1bit_add_sub:Csc_Bit_Adder1|cout    ; |Block1|Csc21100_4bit_add_sub:inst|Csc21100_1bit_add_sub:Csc_Bit_Adder1|cout    ; out0             ;
; |Block1|Csc21100_4bit_add_sub:inst|Csc21100_1bit_add_sub:Csc_Bit_Adder0|sum~0   ; |Block1|Csc21100_4bit_add_sub:inst|Csc21100_1bit_add_sub:Csc_Bit_Adder0|sum~0   ; out0             ;
; |Block1|Csc21100_4bit_add_sub:inst|Csc21100_1bit_add_sub:Csc_Bit_Adder0|cout~3  ; |Block1|Csc21100_4bit_add_sub:inst|Csc21100_1bit_add_sub:Csc_Bit_Adder0|cout~3  ; out0             ;
; |Block1|Csc21100_4bit_add_sub:inst1|Csc21100_1bit_add_sub:Csc_Bit_Adder3|sum~0  ; |Block1|Csc21100_4bit_add_sub:inst1|Csc21100_1bit_add_sub:Csc_Bit_Adder3|sum~0  ; out0             ;
; |Block1|Csc21100_4bit_add_sub:inst1|Csc21100_1bit_add_sub:Csc_Bit_Adder3|sum    ; |Block1|Csc21100_4bit_add_sub:inst1|Csc21100_1bit_add_sub:Csc_Bit_Adder3|sum    ; out0             ;
; |Block1|Csc21100_4bit_add_sub:inst1|Csc21100_1bit_add_sub:Csc_Bit_Adder2|sum~0  ; |Block1|Csc21100_4bit_add_sub:inst1|Csc21100_1bit_add_sub:Csc_Bit_Adder2|sum~0  ; out0             ;
; |Block1|Csc21100_4bit_add_sub:inst1|Csc21100_1bit_add_sub:Csc_Bit_Adder2|sum    ; |Block1|Csc21100_4bit_add_sub:inst1|Csc21100_1bit_add_sub:Csc_Bit_Adder2|sum    ; out0             ;
; |Block1|Csc21100_4bit_add_sub:inst1|Csc21100_1bit_add_sub:Csc_Bit_Adder2|cout~0 ; |Block1|Csc21100_4bit_add_sub:inst1|Csc21100_1bit_add_sub:Csc_Bit_Adder2|cout~0 ; out0             ;
; |Block1|Csc21100_4bit_add_sub:inst1|Csc21100_1bit_add_sub:Csc_Bit_Adder2|cout~1 ; |Block1|Csc21100_4bit_add_sub:inst1|Csc21100_1bit_add_sub:Csc_Bit_Adder2|cout~1 ; out0             ;
; |Block1|Csc21100_4bit_add_sub:inst1|Csc21100_1bit_add_sub:Csc_Bit_Adder2|cout~2 ; |Block1|Csc21100_4bit_add_sub:inst1|Csc21100_1bit_add_sub:Csc_Bit_Adder2|cout~2 ; out0             ;
; |Block1|Csc21100_4bit_add_sub:inst1|Csc21100_1bit_add_sub:Csc_Bit_Adder2|cout~3 ; |Block1|Csc21100_4bit_add_sub:inst1|Csc21100_1bit_add_sub:Csc_Bit_Adder2|cout~3 ; out0             ;
; |Block1|Csc21100_4bit_add_sub:inst1|Csc21100_1bit_add_sub:Csc_Bit_Adder2|cout   ; |Block1|Csc21100_4bit_add_sub:inst1|Csc21100_1bit_add_sub:Csc_Bit_Adder2|cout   ; out0             ;
; |Block1|Csc21100_4bit_add_sub:inst1|Csc21100_1bit_add_sub:Csc_Bit_Adder1|sum~0  ; |Block1|Csc21100_4bit_add_sub:inst1|Csc21100_1bit_add_sub:Csc_Bit_Adder1|sum~0  ; out0             ;
; |Block1|Csc21100_4bit_add_sub:inst1|Csc21100_1bit_add_sub:Csc_Bit_Adder1|sum    ; |Block1|Csc21100_4bit_add_sub:inst1|Csc21100_1bit_add_sub:Csc_Bit_Adder1|sum    ; out0             ;
; |Block1|Csc21100_4bit_add_sub:inst1|Csc21100_1bit_add_sub:Csc_Bit_Adder1|cout~0 ; |Block1|Csc21100_4bit_add_sub:inst1|Csc21100_1bit_add_sub:Csc_Bit_Adder1|cout~0 ; out0             ;
; |Block1|Csc21100_4bit_add_sub:inst1|Csc21100_1bit_add_sub:Csc_Bit_Adder1|cout~1 ; |Block1|Csc21100_4bit_add_sub:inst1|Csc21100_1bit_add_sub:Csc_Bit_Adder1|cout~1 ; out0             ;
; |Block1|Csc21100_4bit_add_sub:inst1|Csc21100_1bit_add_sub:Csc_Bit_Adder1|cout~2 ; |Block1|Csc21100_4bit_add_sub:inst1|Csc21100_1bit_add_sub:Csc_Bit_Adder1|cout~2 ; out0             ;
; |Block1|Csc21100_4bit_add_sub:inst1|Csc21100_1bit_add_sub:Csc_Bit_Adder1|cout~3 ; |Block1|Csc21100_4bit_add_sub:inst1|Csc21100_1bit_add_sub:Csc_Bit_Adder1|cout~3 ; out0             ;
; |Block1|Csc21100_4bit_add_sub:inst1|Csc21100_1bit_add_sub:Csc_Bit_Adder1|cout   ; |Block1|Csc21100_4bit_add_sub:inst1|Csc21100_1bit_add_sub:Csc_Bit_Adder1|cout   ; out0             ;
; |Block1|Csc21100_4bit_add_sub:inst1|Csc21100_1bit_add_sub:Csc_Bit_Adder0|sum~0  ; |Block1|Csc21100_4bit_add_sub:inst1|Csc21100_1bit_add_sub:Csc_Bit_Adder0|sum~0  ; out0             ;
; |Block1|Csc21100_4bit_add_sub:inst1|Csc21100_1bit_add_sub:Csc_Bit_Adder0|cout~3 ; |Block1|Csc21100_4bit_add_sub:inst1|Csc21100_1bit_add_sub:Csc_Bit_Adder0|cout~3 ; out0             ;
; |Block1|Csc21100_4bit_add_sub:inst4|Csc21100_1bit_add_sub:Csc_Bit_Adder3|sum~0  ; |Block1|Csc21100_4bit_add_sub:inst4|Csc21100_1bit_add_sub:Csc_Bit_Adder3|sum~0  ; out0             ;
; |Block1|Csc21100_4bit_add_sub:inst4|Csc21100_1bit_add_sub:Csc_Bit_Adder3|sum    ; |Block1|Csc21100_4bit_add_sub:inst4|Csc21100_1bit_add_sub:Csc_Bit_Adder3|sum    ; out0             ;
; |Block1|Csc21100_4bit_add_sub:inst4|Csc21100_1bit_add_sub:Csc_Bit_Adder2|sum~0  ; |Block1|Csc21100_4bit_add_sub:inst4|Csc21100_1bit_add_sub:Csc_Bit_Adder2|sum~0  ; out0             ;
; |Block1|Csc21100_4bit_add_sub:inst4|Csc21100_1bit_add_sub:Csc_Bit_Adder2|sum    ; |Block1|Csc21100_4bit_add_sub:inst4|Csc21100_1bit_add_sub:Csc_Bit_Adder2|sum    ; out0             ;
; |Block1|Csc21100_4bit_add_sub:inst4|Csc21100_1bit_add_sub:Csc_Bit_Adder2|cout~0 ; |Block1|Csc21100_4bit_add_sub:inst4|Csc21100_1bit_add_sub:Csc_Bit_Adder2|cout~0 ; out0             ;
; |Block1|Csc21100_4bit_add_sub:inst4|Csc21100_1bit_add_sub:Csc_Bit_Adder2|cout~1 ; |Block1|Csc21100_4bit_add_sub:inst4|Csc21100_1bit_add_sub:Csc_Bit_Adder2|cout~1 ; out0             ;
; |Block1|Csc21100_4bit_add_sub:inst4|Csc21100_1bit_add_sub:Csc_Bit_Adder2|cout~2 ; |Block1|Csc21100_4bit_add_sub:inst4|Csc21100_1bit_add_sub:Csc_Bit_Adder2|cout~2 ; out0             ;
; |Block1|Csc21100_4bit_add_sub:inst4|Csc21100_1bit_add_sub:Csc_Bit_Adder2|cout~3 ; |Block1|Csc21100_4bit_add_sub:inst4|Csc21100_1bit_add_sub:Csc_Bit_Adder2|cout~3 ; out0             ;
; |Block1|Csc21100_4bit_add_sub:inst4|Csc21100_1bit_add_sub:Csc_Bit_Adder2|cout   ; |Block1|Csc21100_4bit_add_sub:inst4|Csc21100_1bit_add_sub:Csc_Bit_Adder2|cout   ; out0             ;
; |Block1|Csc21100_4bit_add_sub:inst4|Csc21100_1bit_add_sub:Csc_Bit_Adder1|sum~0  ; |Block1|Csc21100_4bit_add_sub:inst4|Csc21100_1bit_add_sub:Csc_Bit_Adder1|sum~0  ; out0             ;
; |Block1|Csc21100_4bit_add_sub:inst4|Csc21100_1bit_add_sub:Csc_Bit_Adder1|sum    ; |Block1|Csc21100_4bit_add_sub:inst4|Csc21100_1bit_add_sub:Csc_Bit_Adder1|sum    ; out0             ;
; |Block1|Csc21100_4bit_add_sub:inst4|Csc21100_1bit_add_sub:Csc_Bit_Adder1|cout~0 ; |Block1|Csc21100_4bit_add_sub:inst4|Csc21100_1bit_add_sub:Csc_Bit_Adder1|cout~0 ; out0             ;
; |Block1|Csc21100_4bit_add_sub:inst4|Csc21100_1bit_add_sub:Csc_Bit_Adder1|cout~1 ; |Block1|Csc21100_4bit_add_sub:inst4|Csc21100_1bit_add_sub:Csc_Bit_Adder1|cout~1 ; out0             ;
; |Block1|Csc21100_4bit_add_sub:inst4|Csc21100_1bit_add_sub:Csc_Bit_Adder1|cout~2 ; |Block1|Csc21100_4bit_add_sub:inst4|Csc21100_1bit_add_sub:Csc_Bit_Adder1|cout~2 ; out0             ;
; |Block1|Csc21100_4bit_add_sub:inst4|Csc21100_1bit_add_sub:Csc_Bit_Adder1|cout~3 ; |Block1|Csc21100_4bit_add_sub:inst4|Csc21100_1bit_add_sub:Csc_Bit_Adder1|cout~3 ; out0             ;
; |Block1|Csc21100_4bit_add_sub:inst4|Csc21100_1bit_add_sub:Csc_Bit_Adder1|cout   ; |Block1|Csc21100_4bit_add_sub:inst4|Csc21100_1bit_add_sub:Csc_Bit_Adder1|cout   ; out0             ;
; |Block1|Csc21100_4bit_add_sub:inst4|Csc21100_1bit_add_sub:Csc_Bit_Adder0|sum~0  ; |Block1|Csc21100_4bit_add_sub:inst4|Csc21100_1bit_add_sub:Csc_Bit_Adder0|sum~0  ; out0             ;
; |Block1|Csc21100_4bit_add_sub:inst4|Csc21100_1bit_add_sub:Csc_Bit_Adder0|cout~3 ; |Block1|Csc21100_4bit_add_sub:inst4|Csc21100_1bit_add_sub:Csc_Bit_Adder0|cout~3 ; out0             ;
; |Block1|Csc21100_4bit_add_sub:inst2|Csc21100_1bit_add_sub:Csc_Bit_Adder3|sum~0  ; |Block1|Csc21100_4bit_add_sub:inst2|Csc21100_1bit_add_sub:Csc_Bit_Adder3|sum~0  ; out0             ;
; |Block1|Csc21100_4bit_add_sub:inst2|Csc21100_1bit_add_sub:Csc_Bit_Adder3|sum    ; |Block1|Csc21100_4bit_add_sub:inst2|Csc21100_1bit_add_sub:Csc_Bit_Adder3|sum    ; out0             ;
; |Block1|Csc21100_4bit_add_sub:inst2|Csc21100_1bit_add_sub:Csc_Bit_Adder2|sum~0  ; |Block1|Csc21100_4bit_add_sub:inst2|Csc21100_1bit_add_sub:Csc_Bit_Adder2|sum~0  ; out0             ;
; |Block1|Csc21100_4bit_add_sub:inst2|Csc21100_1bit_add_sub:Csc_Bit_Adder2|sum    ; |Block1|Csc21100_4bit_add_sub:inst2|Csc21100_1bit_add_sub:Csc_Bit_Adder2|sum    ; out0             ;
; |Block1|Csc21100_4bit_add_sub:inst2|Csc21100_1bit_add_sub:Csc_Bit_Adder2|cout~0 ; |Block1|Csc21100_4bit_add_sub:inst2|Csc21100_1bit_add_sub:Csc_Bit_Adder2|cout~0 ; out0             ;
; |Block1|Csc21100_4bit_add_sub:inst2|Csc21100_1bit_add_sub:Csc_Bit_Adder2|cout~1 ; |Block1|Csc21100_4bit_add_sub:inst2|Csc21100_1bit_add_sub:Csc_Bit_Adder2|cout~1 ; out0             ;
; |Block1|Csc21100_4bit_add_sub:inst2|Csc21100_1bit_add_sub:Csc_Bit_Adder2|cout~2 ; |Block1|Csc21100_4bit_add_sub:inst2|Csc21100_1bit_add_sub:Csc_Bit_Adder2|cout~2 ; out0             ;
; |Block1|Csc21100_4bit_add_sub:inst2|Csc21100_1bit_add_sub:Csc_Bit_Adder2|cout~3 ; |Block1|Csc21100_4bit_add_sub:inst2|Csc21100_1bit_add_sub:Csc_Bit_Adder2|cout~3 ; out0             ;
; |Block1|Csc21100_4bit_add_sub:inst2|Csc21100_1bit_add_sub:Csc_Bit_Adder2|cout   ; |Block1|Csc21100_4bit_add_sub:inst2|Csc21100_1bit_add_sub:Csc_Bit_Adder2|cout   ; out0             ;
; |Block1|Csc21100_4bit_add_sub:inst2|Csc21100_1bit_add_sub:Csc_Bit_Adder1|sum~0  ; |Block1|Csc21100_4bit_add_sub:inst2|Csc21100_1bit_add_sub:Csc_Bit_Adder1|sum~0  ; out0             ;
; |Block1|Csc21100_4bit_add_sub:inst2|Csc21100_1bit_add_sub:Csc_Bit_Adder1|sum    ; |Block1|Csc21100_4bit_add_sub:inst2|Csc21100_1bit_add_sub:Csc_Bit_Adder1|sum    ; out0             ;
; |Block1|Csc21100_4bit_add_sub:inst2|Csc21100_1bit_add_sub:Csc_Bit_Adder1|cout~0 ; |Block1|Csc21100_4bit_add_sub:inst2|Csc21100_1bit_add_sub:Csc_Bit_Adder1|cout~0 ; out0             ;
; |Block1|Csc21100_4bit_add_sub:inst2|Csc21100_1bit_add_sub:Csc_Bit_Adder1|cout~1 ; |Block1|Csc21100_4bit_add_sub:inst2|Csc21100_1bit_add_sub:Csc_Bit_Adder1|cout~1 ; out0             ;
; |Block1|Csc21100_4bit_add_sub:inst2|Csc21100_1bit_add_sub:Csc_Bit_Adder1|cout~2 ; |Block1|Csc21100_4bit_add_sub:inst2|Csc21100_1bit_add_sub:Csc_Bit_Adder1|cout~2 ; out0             ;
; |Block1|Csc21100_4bit_add_sub:inst2|Csc21100_1bit_add_sub:Csc_Bit_Adder1|cout~3 ; |Block1|Csc21100_4bit_add_sub:inst2|Csc21100_1bit_add_sub:Csc_Bit_Adder1|cout~3 ; out0             ;
; |Block1|Csc21100_4bit_add_sub:inst2|Csc21100_1bit_add_sub:Csc_Bit_Adder1|cout   ; |Block1|Csc21100_4bit_add_sub:inst2|Csc21100_1bit_add_sub:Csc_Bit_Adder1|cout   ; out0             ;
; |Block1|Csc21100_4bit_add_sub:inst2|Csc21100_1bit_add_sub:Csc_Bit_Adder0|sum~0  ; |Block1|Csc21100_4bit_add_sub:inst2|Csc21100_1bit_add_sub:Csc_Bit_Adder0|sum~0  ; out0             ;
; |Block1|Csc21100_4bit_add_sub:inst2|Csc21100_1bit_add_sub:Csc_Bit_Adder0|cout~3 ; |Block1|Csc21100_4bit_add_sub:inst2|Csc21100_1bit_add_sub:Csc_Bit_Adder0|cout~3 ; out0             ;
; |Block1|Csc21100_4bit_add_sub:inst3|Csc21100_1bit_add_sub:Csc_Bit_Adder3|sum~0  ; |Block1|Csc21100_4bit_add_sub:inst3|Csc21100_1bit_add_sub:Csc_Bit_Adder3|sum~0  ; out0             ;
; |Block1|Csc21100_4bit_add_sub:inst3|Csc21100_1bit_add_sub:Csc_Bit_Adder3|sum    ; |Block1|Csc21100_4bit_add_sub:inst3|Csc21100_1bit_add_sub:Csc_Bit_Adder3|sum    ; out0             ;
; |Block1|Csc21100_4bit_add_sub:inst3|Csc21100_1bit_add_sub:Csc_Bit_Adder2|sum~0  ; |Block1|Csc21100_4bit_add_sub:inst3|Csc21100_1bit_add_sub:Csc_Bit_Adder2|sum~0  ; out0             ;
; |Block1|Csc21100_4bit_add_sub:inst3|Csc21100_1bit_add_sub:Csc_Bit_Adder2|sum    ; |Block1|Csc21100_4bit_add_sub:inst3|Csc21100_1bit_add_sub:Csc_Bit_Adder2|sum    ; out0             ;
; |Block1|Csc21100_4bit_add_sub:inst3|Csc21100_1bit_add_sub:Csc_Bit_Adder2|cout~0 ; |Block1|Csc21100_4bit_add_sub:inst3|Csc21100_1bit_add_sub:Csc_Bit_Adder2|cout~0 ; out0             ;
; |Block1|Csc21100_4bit_add_sub:inst3|Csc21100_1bit_add_sub:Csc_Bit_Adder2|cout~1 ; |Block1|Csc21100_4bit_add_sub:inst3|Csc21100_1bit_add_sub:Csc_Bit_Adder2|cout~1 ; out0             ;
; |Block1|Csc21100_4bit_add_sub:inst3|Csc21100_1bit_add_sub:Csc_Bit_Adder2|cout~2 ; |Block1|Csc21100_4bit_add_sub:inst3|Csc21100_1bit_add_sub:Csc_Bit_Adder2|cout~2 ; out0             ;
; |Block1|Csc21100_4bit_add_sub:inst3|Csc21100_1bit_add_sub:Csc_Bit_Adder2|cout~3 ; |Block1|Csc21100_4bit_add_sub:inst3|Csc21100_1bit_add_sub:Csc_Bit_Adder2|cout~3 ; out0             ;
; |Block1|Csc21100_4bit_add_sub:inst3|Csc21100_1bit_add_sub:Csc_Bit_Adder2|cout   ; |Block1|Csc21100_4bit_add_sub:inst3|Csc21100_1bit_add_sub:Csc_Bit_Adder2|cout   ; out0             ;
; |Block1|Csc21100_4bit_add_sub:inst3|Csc21100_1bit_add_sub:Csc_Bit_Adder1|sum~0  ; |Block1|Csc21100_4bit_add_sub:inst3|Csc21100_1bit_add_sub:Csc_Bit_Adder1|sum~0  ; out0             ;
; |Block1|Csc21100_4bit_add_sub:inst3|Csc21100_1bit_add_sub:Csc_Bit_Adder1|sum    ; |Block1|Csc21100_4bit_add_sub:inst3|Csc21100_1bit_add_sub:Csc_Bit_Adder1|sum    ; out0             ;
; |Block1|Csc21100_4bit_add_sub:inst3|Csc21100_1bit_add_sub:Csc_Bit_Adder1|cout~0 ; |Block1|Csc21100_4bit_add_sub:inst3|Csc21100_1bit_add_sub:Csc_Bit_Adder1|cout~0 ; out0             ;
; |Block1|Csc21100_4bit_add_sub:inst3|Csc21100_1bit_add_sub:Csc_Bit_Adder1|cout~1 ; |Block1|Csc21100_4bit_add_sub:inst3|Csc21100_1bit_add_sub:Csc_Bit_Adder1|cout~1 ; out0             ;
; |Block1|Csc21100_4bit_add_sub:inst3|Csc21100_1bit_add_sub:Csc_Bit_Adder1|cout~2 ; |Block1|Csc21100_4bit_add_sub:inst3|Csc21100_1bit_add_sub:Csc_Bit_Adder1|cout~2 ; out0             ;
; |Block1|Csc21100_4bit_add_sub:inst3|Csc21100_1bit_add_sub:Csc_Bit_Adder1|cout~3 ; |Block1|Csc21100_4bit_add_sub:inst3|Csc21100_1bit_add_sub:Csc_Bit_Adder1|cout~3 ; out0             ;
; |Block1|Csc21100_4bit_add_sub:inst3|Csc21100_1bit_add_sub:Csc_Bit_Adder1|cout   ; |Block1|Csc21100_4bit_add_sub:inst3|Csc21100_1bit_add_sub:Csc_Bit_Adder1|cout   ; out0             ;
; |Block1|Csc21100_4bit_add_sub:inst3|Csc21100_1bit_add_sub:Csc_Bit_Adder0|sum~0  ; |Block1|Csc21100_4bit_add_sub:inst3|Csc21100_1bit_add_sub:Csc_Bit_Adder0|sum~0  ; out0             ;
; |Block1|Csc21100_4bit_add_sub:inst3|Csc21100_1bit_add_sub:Csc_Bit_Adder0|cout~3 ; |Block1|Csc21100_4bit_add_sub:inst3|Csc21100_1bit_add_sub:Csc_Bit_Adder0|cout~3 ; out0             ;
; |Block1|Csc21100_4bit_add_sub:inst5|Csc21100_1bit_add_sub:Csc_Bit_Adder3|sum~0  ; |Block1|Csc21100_4bit_add_sub:inst5|Csc21100_1bit_add_sub:Csc_Bit_Adder3|sum~0  ; out0             ;
; |Block1|Csc21100_4bit_add_sub:inst5|Csc21100_1bit_add_sub:Csc_Bit_Adder3|sum    ; |Block1|Csc21100_4bit_add_sub:inst5|Csc21100_1bit_add_sub:Csc_Bit_Adder3|sum    ; out0             ;
; |Block1|Csc21100_4bit_add_sub:inst5|Csc21100_1bit_add_sub:Csc_Bit_Adder2|sum~0  ; |Block1|Csc21100_4bit_add_sub:inst5|Csc21100_1bit_add_sub:Csc_Bit_Adder2|sum~0  ; out0             ;
; |Block1|Csc21100_4bit_add_sub:inst5|Csc21100_1bit_add_sub:Csc_Bit_Adder2|sum    ; |Block1|Csc21100_4bit_add_sub:inst5|Csc21100_1bit_add_sub:Csc_Bit_Adder2|sum    ; out0             ;
; |Block1|Csc21100_4bit_add_sub:inst5|Csc21100_1bit_add_sub:Csc_Bit_Adder2|cout~0 ; |Block1|Csc21100_4bit_add_sub:inst5|Csc21100_1bit_add_sub:Csc_Bit_Adder2|cout~0 ; out0             ;
; |Block1|Csc21100_4bit_add_sub:inst5|Csc21100_1bit_add_sub:Csc_Bit_Adder2|cout~1 ; |Block1|Csc21100_4bit_add_sub:inst5|Csc21100_1bit_add_sub:Csc_Bit_Adder2|cout~1 ; out0             ;
; |Block1|Csc21100_4bit_add_sub:inst5|Csc21100_1bit_add_sub:Csc_Bit_Adder2|cout~2 ; |Block1|Csc21100_4bit_add_sub:inst5|Csc21100_1bit_add_sub:Csc_Bit_Adder2|cout~2 ; out0             ;
; |Block1|Csc21100_4bit_add_sub:inst5|Csc21100_1bit_add_sub:Csc_Bit_Adder2|cout~3 ; |Block1|Csc21100_4bit_add_sub:inst5|Csc21100_1bit_add_sub:Csc_Bit_Adder2|cout~3 ; out0             ;
; |Block1|Csc21100_4bit_add_sub:inst5|Csc21100_1bit_add_sub:Csc_Bit_Adder2|cout   ; |Block1|Csc21100_4bit_add_sub:inst5|Csc21100_1bit_add_sub:Csc_Bit_Adder2|cout   ; out0             ;
; |Block1|Csc21100_4bit_add_sub:inst5|Csc21100_1bit_add_sub:Csc_Bit_Adder1|sum~0  ; |Block1|Csc21100_4bit_add_sub:inst5|Csc21100_1bit_add_sub:Csc_Bit_Adder1|sum~0  ; out0             ;
; |Block1|Csc21100_4bit_add_sub:inst5|Csc21100_1bit_add_sub:Csc_Bit_Adder1|sum    ; |Block1|Csc21100_4bit_add_sub:inst5|Csc21100_1bit_add_sub:Csc_Bit_Adder1|sum    ; out0             ;
; |Block1|Csc21100_4bit_add_sub:inst5|Csc21100_1bit_add_sub:Csc_Bit_Adder1|cout~0 ; |Block1|Csc21100_4bit_add_sub:inst5|Csc21100_1bit_add_sub:Csc_Bit_Adder1|cout~0 ; out0             ;
; |Block1|Csc21100_4bit_add_sub:inst5|Csc21100_1bit_add_sub:Csc_Bit_Adder1|cout~1 ; |Block1|Csc21100_4bit_add_sub:inst5|Csc21100_1bit_add_sub:Csc_Bit_Adder1|cout~1 ; out0             ;
; |Block1|Csc21100_4bit_add_sub:inst5|Csc21100_1bit_add_sub:Csc_Bit_Adder1|cout~2 ; |Block1|Csc21100_4bit_add_sub:inst5|Csc21100_1bit_add_sub:Csc_Bit_Adder1|cout~2 ; out0             ;
; |Block1|Csc21100_4bit_add_sub:inst5|Csc21100_1bit_add_sub:Csc_Bit_Adder1|cout~3 ; |Block1|Csc21100_4bit_add_sub:inst5|Csc21100_1bit_add_sub:Csc_Bit_Adder1|cout~3 ; out0             ;
; |Block1|Csc21100_4bit_add_sub:inst5|Csc21100_1bit_add_sub:Csc_Bit_Adder1|cout   ; |Block1|Csc21100_4bit_add_sub:inst5|Csc21100_1bit_add_sub:Csc_Bit_Adder1|cout   ; out0             ;
; |Block1|Csc21100_4bit_add_sub:inst5|Csc21100_1bit_add_sub:Csc_Bit_Adder0|sum~0  ; |Block1|Csc21100_4bit_add_sub:inst5|Csc21100_1bit_add_sub:Csc_Bit_Adder0|sum~0  ; out0             ;
; |Block1|Csc21100_4bit_add_sub:inst5|Csc21100_1bit_add_sub:Csc_Bit_Adder0|cout~3 ; |Block1|Csc21100_4bit_add_sub:inst5|Csc21100_1bit_add_sub:Csc_Bit_Adder0|cout~3 ; out0             ;
; |Block1|Csc21100_4bit_add_sub:inst6|Csc21100_1bit_add_sub:Csc_Bit_Adder3|sum~0  ; |Block1|Csc21100_4bit_add_sub:inst6|Csc21100_1bit_add_sub:Csc_Bit_Adder3|sum~0  ; out0             ;
; |Block1|Csc21100_4bit_add_sub:inst6|Csc21100_1bit_add_sub:Csc_Bit_Adder3|sum    ; |Block1|Csc21100_4bit_add_sub:inst6|Csc21100_1bit_add_sub:Csc_Bit_Adder3|sum    ; out0             ;
; |Block1|Csc21100_4bit_add_sub:inst6|Csc21100_1bit_add_sub:Csc_Bit_Adder2|sum~0  ; |Block1|Csc21100_4bit_add_sub:inst6|Csc21100_1bit_add_sub:Csc_Bit_Adder2|sum~0  ; out0             ;
; |Block1|Csc21100_4bit_add_sub:inst6|Csc21100_1bit_add_sub:Csc_Bit_Adder2|sum    ; |Block1|Csc21100_4bit_add_sub:inst6|Csc21100_1bit_add_sub:Csc_Bit_Adder2|sum    ; out0             ;
; |Block1|Csc21100_4bit_add_sub:inst6|Csc21100_1bit_add_sub:Csc_Bit_Adder2|cout~0 ; |Block1|Csc21100_4bit_add_sub:inst6|Csc21100_1bit_add_sub:Csc_Bit_Adder2|cout~0 ; out0             ;
; |Block1|Csc21100_4bit_add_sub:inst6|Csc21100_1bit_add_sub:Csc_Bit_Adder2|cout~1 ; |Block1|Csc21100_4bit_add_sub:inst6|Csc21100_1bit_add_sub:Csc_Bit_Adder2|cout~1 ; out0             ;
; |Block1|Csc21100_4bit_add_sub:inst6|Csc21100_1bit_add_sub:Csc_Bit_Adder2|cout~2 ; |Block1|Csc21100_4bit_add_sub:inst6|Csc21100_1bit_add_sub:Csc_Bit_Adder2|cout~2 ; out0             ;
; |Block1|Csc21100_4bit_add_sub:inst6|Csc21100_1bit_add_sub:Csc_Bit_Adder2|cout~3 ; |Block1|Csc21100_4bit_add_sub:inst6|Csc21100_1bit_add_sub:Csc_Bit_Adder2|cout~3 ; out0             ;
; |Block1|Csc21100_4bit_add_sub:inst6|Csc21100_1bit_add_sub:Csc_Bit_Adder2|cout   ; |Block1|Csc21100_4bit_add_sub:inst6|Csc21100_1bit_add_sub:Csc_Bit_Adder2|cout   ; out0             ;
; |Block1|Csc21100_4bit_add_sub:inst6|Csc21100_1bit_add_sub:Csc_Bit_Adder1|sum~0  ; |Block1|Csc21100_4bit_add_sub:inst6|Csc21100_1bit_add_sub:Csc_Bit_Adder1|sum~0  ; out0             ;
; |Block1|Csc21100_4bit_add_sub:inst6|Csc21100_1bit_add_sub:Csc_Bit_Adder1|sum    ; |Block1|Csc21100_4bit_add_sub:inst6|Csc21100_1bit_add_sub:Csc_Bit_Adder1|sum    ; out0             ;
; |Block1|Csc21100_4bit_add_sub:inst6|Csc21100_1bit_add_sub:Csc_Bit_Adder1|cout~0 ; |Block1|Csc21100_4bit_add_sub:inst6|Csc21100_1bit_add_sub:Csc_Bit_Adder1|cout~0 ; out0             ;
; |Block1|Csc21100_4bit_add_sub:inst6|Csc21100_1bit_add_sub:Csc_Bit_Adder1|cout~1 ; |Block1|Csc21100_4bit_add_sub:inst6|Csc21100_1bit_add_sub:Csc_Bit_Adder1|cout~1 ; out0             ;
; |Block1|Csc21100_4bit_add_sub:inst6|Csc21100_1bit_add_sub:Csc_Bit_Adder1|cout~2 ; |Block1|Csc21100_4bit_add_sub:inst6|Csc21100_1bit_add_sub:Csc_Bit_Adder1|cout~2 ; out0             ;
; |Block1|Csc21100_4bit_add_sub:inst6|Csc21100_1bit_add_sub:Csc_Bit_Adder1|cout~3 ; |Block1|Csc21100_4bit_add_sub:inst6|Csc21100_1bit_add_sub:Csc_Bit_Adder1|cout~3 ; out0             ;
; |Block1|Csc21100_4bit_add_sub:inst6|Csc21100_1bit_add_sub:Csc_Bit_Adder1|cout   ; |Block1|Csc21100_4bit_add_sub:inst6|Csc21100_1bit_add_sub:Csc_Bit_Adder1|cout   ; out0             ;
; |Block1|Csc21100_4bit_add_sub:inst6|Csc21100_1bit_add_sub:Csc_Bit_Adder0|sum~0  ; |Block1|Csc21100_4bit_add_sub:inst6|Csc21100_1bit_add_sub:Csc_Bit_Adder0|sum~0  ; out0             ;
; |Block1|Csc21100_4bit_add_sub:inst6|Csc21100_1bit_add_sub:Csc_Bit_Adder0|cout~3 ; |Block1|Csc21100_4bit_add_sub:inst6|Csc21100_1bit_add_sub:Csc_Bit_Adder0|cout~3 ; out0             ;
+---------------------------------------------------------------------------------+---------------------------------------------------------------------------------+------------------+


+---------------------+
; Simulator INI Usage ;
+--------+------------+
; Option ; Usage      ;
+--------+------------+


+--------------------+
; Simulator Messages ;
+--------------------+
Info: *******************************************************************
Info: Running Quartus II Simulator
    Info: Version 9.1 Build 350 03/24/2010 Service Pack 2 SJ Web Edition
    Info: Processing started: Tue Oct 24 09:36:24 2017
Info: Command: quartus_sim --read_settings_files=on --write_settings_files=off Multiplier -c Multiplier
Info: Using vector source file "C:/Users/gerti/Desktop/VHDL Report/Multiplication/Multiplier/TreeAdder_Waveform.vwf"
Info: Option to preserve fewer signal transitions to reduce memory requirements is enabled
    Info: Simulation has been partitioned into sub-simulations according to the maximum transition count determined by the engine. Transitions from memory will be flushed out to disk at the end of each sub-simulation to reduce memory requirements.
Info: Simulation partitioned into 1 sub-simulations
Info: Simulation coverage is       0.00 %
Info: Number of transitions in simulation is 0
Info: Quartus II Simulator was successful. 0 errors, 0 warnings
    Info: Peak virtual memory: 152 megabytes
    Info: Processing ended: Tue Oct 24 09:36:25 2017
    Info: Elapsed time: 00:00:01
    Info: Total CPU time (on all processors): 00:00:00


