Analysis & Synthesis report for RCA8_bit
Fri Nov 03 23:37:50 2017
Quartus II Version 9.1 Build 350 03/24/2010 Service Pack 2 SJ Web Edition


---------------------
; Table of Contents ;
---------------------
  1. Legal Notice
  2. Analysis & Synthesis Summary
  3. Analysis & Synthesis Settings
  4. Parallel Compilation
  5. Analysis & Synthesis Source Files Read
  6. Analysis & Synthesis Resource Usage Summary
  7. Analysis & Synthesis Resource Utilization by Entity
  8. General Register Statistics
  9. Parameter Settings for User Entity Instance: My_LPM_Adder:inst2|lpm_add_sub:lpm_add_sub_component
 10. Port Connectivity Checks: "Csc21100_8bit_add_sub:inst|Csc21100_4bit_add_sub:Csc_Bit_Adder1"
 11. Port Connectivity Checks: "Csc21100_8bit_add_sub:inst|Csc21100_4bit_add_sub:Csc_Bit_Adder0"
 12. Port Connectivity Checks: "RCA8_bit:inst1|cla_logic:CLA0"
 13. Analysis & Synthesis Messages



----------------
; Legal Notice ;
----------------
Copyright (C) 1991-2010 Altera Corporation
Your use of Altera Corporation's design tools, logic functions 
and other software and tools, and its AMPP partner logic 
functions, and any output files from any of the foregoing 
(including device programming or simulation files), and any 
associated documentation or information are expressly subject 
to the terms and conditions of the Altera Program License 
Subscription Agreement, Altera MegaCore Function License 
Agreement, or other applicable license agreement, including, 
without limitation, that your use is for the sole purpose of 
programming logic devices manufactured by Altera and sold by 
Altera or its authorized distributors.  Please refer to the 
applicable agreement for further details.



+-----------------------------------------------------------------------------------+
; Analysis & Synthesis Summary                                                      ;
+------------------------------------+----------------------------------------------+
; Analysis & Synthesis Status        ; Successful - Fri Nov 03 23:37:50 2017        ;
; Quartus II Version                 ; 9.1 Build 350 03/24/2010 SP 2 SJ Web Edition ;
; Revision Name                      ; RCA8_bit                                     ;
; Top-level Entity Name              ; Block2                                       ;
; Family                             ; Cyclone II                                   ;
; Total logic elements               ; 47                                           ;
;     Total combinational functions  ; 47                                           ;
;     Dedicated logic registers      ; 0                                            ;
; Total registers                    ; 0                                            ;
; Total pins                         ; 40                                           ;
; Total virtual pins                 ; 0                                            ;
; Total memory bits                  ; 0                                            ;
; Embedded Multiplier 9-bit elements ; 0                                            ;
; Total PLLs                         ; 0                                            ;
+------------------------------------+----------------------------------------------+


+----------------------------------------------------------------------------------------------------------------------+
; Analysis & Synthesis Settings                                                                                        ;
+----------------------------------------------------------------------------+--------------------+--------------------+
; Option                                                                     ; Setting            ; Default Value      ;
+----------------------------------------------------------------------------+--------------------+--------------------+
; Device                                                                     ; EP2C35F672C6       ;                    ;
; Top-level entity name                                                      ; Block2             ; RCA8_bit           ;
; Family name                                                                ; Cyclone II         ; Stratix II         ;
; Use Generated Physical Constraints File                                    ; Off                ;                    ;
; Use smart compilation                                                      ; Off                ; Off                ;
; Enable parallel Assembler and TimeQuest Timing Analyzer during compilation ; On                 ; On                 ;
; Enable compact report table                                                ; Off                ; Off                ;
; Restructure Multiplexers                                                   ; Auto               ; Auto               ;
; Create Debugging Nodes for IP Cores                                        ; Off                ; Off                ;
; Preserve fewer node names                                                  ; On                 ; On                 ;
; Disable OpenCore Plus hardware evaluation                                  ; Off                ; Off                ;
; Verilog Version                                                            ; Verilog_2001       ; Verilog_2001       ;
; VHDL Version                                                               ; VHDL_1993          ; VHDL_1993          ;
; State Machine Processing                                                   ; Auto               ; Auto               ;
; Safe State Machine                                                         ; Off                ; Off                ;
; Extract Verilog State Machines                                             ; On                 ; On                 ;
; Extract VHDL State Machines                                                ; On                 ; On                 ;
; Ignore Verilog initial constructs                                          ; Off                ; Off                ;
; Iteration limit for constant Verilog loops                                 ; 5000               ; 5000               ;
; Iteration limit for non-constant Verilog loops                             ; 250                ; 250                ;
; Add Pass-Through Logic to Inferred RAMs                                    ; On                 ; On                 ;
; Parallel Synthesis                                                         ; On                 ; On                 ;
; DSP Block Balancing                                                        ; Auto               ; Auto               ;
; NOT Gate Push-Back                                                         ; On                 ; On                 ;
; Power-Up Don't Care                                                        ; On                 ; On                 ;
; Remove Redundant Logic Cells                                               ; Off                ; Off                ;
; Remove Duplicate Registers                                                 ; On                 ; On                 ;
; Ignore CARRY Buffers                                                       ; Off                ; Off                ;
; Ignore CASCADE Buffers                                                     ; Off                ; Off                ;
; Ignore GLOBAL Buffers                                                      ; Off                ; Off                ;
; Ignore ROW GLOBAL Buffers                                                  ; Off                ; Off                ;
; Ignore LCELL Buffers                                                       ; Off                ; Off                ;
; Ignore SOFT Buffers                                                        ; On                 ; On                 ;
; Limit AHDL Integers to 32 Bits                                             ; Off                ; Off                ;
; Optimization Technique                                                     ; Balanced           ; Balanced           ;
; Carry Chain Length                                                         ; 70                 ; 70                 ;
; Auto Carry Chains                                                          ; On                 ; On                 ;
; Auto Open-Drain Pins                                                       ; On                 ; On                 ;
; Perform WYSIWYG Primitive Resynthesis                                      ; Off                ; Off                ;
; Auto ROM Replacement                                                       ; On                 ; On                 ;
; Auto RAM Replacement                                                       ; On                 ; On                 ;
; Auto Shift Register Replacement                                            ; Auto               ; Auto               ;
; Auto Clock Enable Replacement                                              ; On                 ; On                 ;
; Strict RAM Replacement                                                     ; Off                ; Off                ;
; Allow Synchronous Control Signals                                          ; On                 ; On                 ;
; Force Use of Synchronous Clear Signals                                     ; Off                ; Off                ;
; Auto RAM to Logic Cell Conversion                                          ; Off                ; Off                ;
; Auto Resource Sharing                                                      ; Off                ; Off                ;
; Allow Any RAM Size For Recognition                                         ; Off                ; Off                ;
; Allow Any ROM Size For Recognition                                         ; Off                ; Off                ;
; Allow Any Shift Register Size For Recognition                              ; Off                ; Off                ;
; Use LogicLock Constraints during Resource Balancing                        ; On                 ; On                 ;
; Ignore translate_off and synthesis_off directives                          ; Off                ; Off                ;
; Timing-Driven Synthesis                                                    ; Off                ; Off                ;
; Show Parameter Settings Tables in Synthesis Report                         ; On                 ; On                 ;
; Ignore Maximum Fan-Out Assignments                                         ; Off                ; Off                ;
; Synchronization Register Chain Length                                      ; 2                  ; 2                  ;
; PowerPlay Power Optimization                                               ; Normal compilation ; Normal compilation ;
; HDL message level                                                          ; Level2             ; Level2             ;
; Suppress Register Optimization Related Messages                            ; Off                ; Off                ;
; Number of Removed Registers Reported in Synthesis Report                   ; 5000               ; 5000               ;
; Number of Inverted Registers Reported in Synthesis Report                  ; 100                ; 100                ;
; Clock MUX Protection                                                       ; On                 ; On                 ;
; Auto Gated Clock Conversion                                                ; Off                ; Off                ;
; Block Design Naming                                                        ; Auto               ; Auto               ;
; SDC constraint protection                                                  ; Off                ; Off                ;
; Synthesis Effort                                                           ; Auto               ; Auto               ;
; Shift Register Replacement - Allow Asynchronous Clear Signal               ; On                 ; On                 ;
; Analysis & Synthesis Message Level                                         ; Medium             ; Medium             ;
; Disable Register Merging Across Hierarchies                                ; Auto               ; Auto               ;
; Resource Aware Inference For Block RAM                                     ; On                 ; On                 ;
+----------------------------------------------------------------------------+--------------------+--------------------+


Parallel compilation was disabled, but you have multiple processors available. Enable parallel compilation to reduce compilation time.
+-------------------------------------+
; Parallel Compilation                ;
+----------------------------+--------+
; Processors                 ; Number ;
+----------------------------+--------+
; Number detected on machine ; 2      ;
; Maximum allowed            ; 1      ;
+----------------------------+--------+


+------------------------------------------------------------------------------------------------------------------------------------------------------------------------------------+
; Analysis & Synthesis Source Files Read                                                                                                                                             ;
+----------------------------------------+-----------------+------------------------------------+------------------------------------------------------------------------------------+
; File Name with User-Entered Path       ; Used in Netlist ; File Type                          ; File Name with Absolute Path                                                       ;
+----------------------------------------+-----------------+------------------------------------+------------------------------------------------------------------------------------+
; Csc21100_8bit_add_sub.vhd              ; yes             ; User VHDL File                     ; C:/Users/gerti/Desktop/VHDL Report/Lab6/CLA_Add_Sub8_bit/Csc21100_8bit_add_sub.vhd ;
; Csc21100_4bit_add_sub.vhd              ; yes             ; User VHDL File                     ; C:/Users/gerti/Desktop/VHDL Report/Lab6/CLA_Add_Sub8_bit/Csc21100_4bit_add_sub.vhd ;
; add_sub.vhd                            ; yes             ; User VHDL File                     ; C:/Users/gerti/Desktop/VHDL Report/Lab6/CLA_Add_Sub8_bit/add_sub.vhd               ;
; cla_logic.vhd                          ; yes             ; User VHDL File                     ; C:/Users/gerti/Desktop/VHDL Report/Lab6/CLA_Add_Sub8_bit/cla_logic.vhd             ;
; full_adder_g_p.vhd                     ; yes             ; User VHDL File                     ; C:/Users/gerti/Desktop/VHDL Report/Lab6/CLA_Add_Sub8_bit/full_adder_g_p.vhd        ;
; RCA8_bit.vhd                           ; yes             ; User VHDL File                     ; C:/Users/gerti/Desktop/VHDL Report/Lab6/CLA_Add_Sub8_bit/RCA8_bit.vhd              ;
; ../Ripple_Carry_Adder/My_LPM_Adder.vhd ; yes             ; User Wizard-Generated File         ; C:/Users/gerti/Desktop/VHDL Report/Lab6/Ripple_Carry_Adder/My_LPM_Adder.vhd        ;
; Block2.bdf                             ; yes             ; User Block Diagram/Schematic File  ; C:/Users/gerti/Desktop/VHDL Report/Lab6/CLA_Add_Sub8_bit/Block2.bdf                ;
; lpm_add_sub.tdf                        ; yes             ; Megafunction                       ; d:/quartusii/quartus/libraries/megafunctions/lpm_add_sub.tdf                       ;
; db/add_sub_k8i.tdf                     ; yes             ; Auto-Generated Megafunction        ; C:/Users/gerti/Desktop/VHDL Report/Lab6/CLA_Add_Sub8_bit/db/add_sub_k8i.tdf        ;
+----------------------------------------+-----------------+------------------------------------+------------------------------------------------------------------------------------+


+-----------------------------------------------------+
; Analysis & Synthesis Resource Usage Summary         ;
+---------------------------------------------+-------+
; Resource                                    ; Usage ;
+---------------------------------------------+-------+
; Estimated Total logic elements              ; 47    ;
;                                             ;       ;
; Total combinational functions               ; 47    ;
; Logic element usage by number of LUT inputs ;       ;
;     -- 4 input functions                    ; 28    ;
;     -- 3 input functions                    ; 14    ;
;     -- <=2 input functions                  ; 5     ;
;                                             ;       ;
; Logic elements by mode                      ;       ;
;     -- normal mode                          ; 40    ;
;     -- arithmetic mode                      ; 7     ;
;                                             ;       ;
; Total registers                             ; 0     ;
;     -- Dedicated logic registers            ; 0     ;
;     -- I/O registers                        ; 0     ;
;                                             ;       ;
; I/O pins                                    ; 40    ;
; Maximum fan-out node                        ; a[3]  ;
; Maximum fan-out                             ; 12    ;
; Total fan-out                               ; 188   ;
; Average fan-out                             ; 2.16  ;
+---------------------------------------------+-------+


+--------------------------------------------------------------------------------------------------------------------------------------------------------------------------------------------------------------------------------------------------------------------------+
; Analysis & Synthesis Resource Utilization by Entity                                                                                                                                                                                                                      ;
+----------------------------------------------+-------------------+--------------+-------------+--------------+---------+-----------+------+--------------+------------------------------------------------------------------------------------------------+--------------+
; Compilation Hierarchy Node                   ; LC Combinationals ; LC Registers ; Memory Bits ; DSP Elements ; DSP 9x9 ; DSP 18x18 ; Pins ; Virtual Pins ; Full Hierarchy Name                                                                            ; Library Name ;
+----------------------------------------------+-------------------+--------------+-------------+--------------+---------+-----------+------+--------------+------------------------------------------------------------------------------------------------+--------------+
; |Block2                                      ; 47 (0)            ; 0 (0)        ; 0           ; 0            ; 0       ; 0         ; 40   ; 0            ; |Block2                                                                                        ; work         ;
;    |Csc21100_8bit_add_sub:inst|              ; 11 (0)            ; 0 (0)        ; 0           ; 0            ; 0       ; 0         ; 0    ; 0            ; |Block2|Csc21100_8bit_add_sub:inst                                                             ;              ;
;       |Csc21100_4bit_add_sub:Csc_Bit_Adder0| ; 4 (0)             ; 0 (0)        ; 0           ; 0            ; 0       ; 0         ; 0    ; 0            ; |Block2|Csc21100_8bit_add_sub:inst|Csc21100_4bit_add_sub:Csc_Bit_Adder0                        ;              ;
;          |add_sub:Csc_Bit_Adder2|            ; 1 (1)             ; 0 (0)        ; 0           ; 0            ; 0       ; 0         ; 0    ; 0            ; |Block2|Csc21100_8bit_add_sub:inst|Csc21100_4bit_add_sub:Csc_Bit_Adder0|add_sub:Csc_Bit_Adder2 ;              ;
;          |add_sub:Csc_Bit_Adder3|            ; 3 (3)             ; 0 (0)        ; 0           ; 0            ; 0       ; 0         ; 0    ; 0            ; |Block2|Csc21100_8bit_add_sub:inst|Csc21100_4bit_add_sub:Csc_Bit_Adder0|add_sub:Csc_Bit_Adder3 ;              ;
;       |Csc21100_4bit_add_sub:Csc_Bit_Adder1| ; 7 (0)             ; 0 (0)        ; 0           ; 0            ; 0       ; 0         ; 0    ; 0            ; |Block2|Csc21100_8bit_add_sub:inst|Csc21100_4bit_add_sub:Csc_Bit_Adder1                        ;              ;
;          |add_sub:Csc_Bit_Adder0|            ; 2 (2)             ; 0 (0)        ; 0           ; 0            ; 0       ; 0         ; 0    ; 0            ; |Block2|Csc21100_8bit_add_sub:inst|Csc21100_4bit_add_sub:Csc_Bit_Adder1|add_sub:Csc_Bit_Adder0 ;              ;
;          |add_sub:Csc_Bit_Adder1|            ; 2 (2)             ; 0 (0)        ; 0           ; 0            ; 0       ; 0         ; 0    ; 0            ; |Block2|Csc21100_8bit_add_sub:inst|Csc21100_4bit_add_sub:Csc_Bit_Adder1|add_sub:Csc_Bit_Adder1 ;              ;
;          |add_sub:Csc_Bit_Adder2|            ; 2 (2)             ; 0 (0)        ; 0           ; 0            ; 0       ; 0         ; 0    ; 0            ; |Block2|Csc21100_8bit_add_sub:inst|Csc21100_4bit_add_sub:Csc_Bit_Adder1|add_sub:Csc_Bit_Adder2 ;              ;
;          |add_sub:Csc_Bit_Adder3|            ; 1 (1)             ; 0 (0)        ; 0           ; 0            ; 0       ; 0         ; 0    ; 0            ; |Block2|Csc21100_8bit_add_sub:inst|Csc21100_4bit_add_sub:Csc_Bit_Adder1|add_sub:Csc_Bit_Adder3 ;              ;
;    |My_LPM_Adder:inst2|                      ; 8 (0)             ; 0 (0)        ; 0           ; 0            ; 0       ; 0         ; 0    ; 0            ; |Block2|My_LPM_Adder:inst2                                                                     ;              ;
;       |lpm_add_sub:lpm_add_sub_component|    ; 8 (0)             ; 0 (0)        ; 0           ; 0            ; 0       ; 0         ; 0    ; 0            ; |Block2|My_LPM_Adder:inst2|lpm_add_sub:lpm_add_sub_component                                   ;              ;
;          |add_sub_k8i:auto_generated|        ; 8 (8)             ; 0 (0)        ; 0           ; 0            ; 0       ; 0         ; 0    ; 0            ; |Block2|My_LPM_Adder:inst2|lpm_add_sub:lpm_add_sub_component|add_sub_k8i:auto_generated        ;              ;
;    |RCA8_bit:inst1|                          ; 28 (0)            ; 0 (0)        ; 0           ; 0            ; 0       ; 0         ; 0    ; 0            ; |Block2|RCA8_bit:inst1                                                                         ;              ;
;       |cla_logic:CLA0|                       ; 16 (16)           ; 0 (0)        ; 0           ; 0            ; 0       ; 0         ; 0    ; 0            ; |Block2|RCA8_bit:inst1|cla_logic:CLA0                                                          ;              ;
;       |full_adder_g_p:ADD81|                 ; 1 (1)             ; 0 (0)        ; 0           ; 0            ; 0       ; 0         ; 0    ; 0            ; |Block2|RCA8_bit:inst1|full_adder_g_p:ADD81                                                    ;              ;
;       |full_adder_g_p:ADD82|                 ; 1 (1)             ; 0 (0)        ; 0           ; 0            ; 0       ; 0         ; 0    ; 0            ; |Block2|RCA8_bit:inst1|full_adder_g_p:ADD82                                                    ;              ;
;       |full_adder_g_p:ADD83|                 ; 2 (2)             ; 0 (0)        ; 0           ; 0            ; 0       ; 0         ; 0    ; 0            ; |Block2|RCA8_bit:inst1|full_adder_g_p:ADD83                                                    ;              ;
;       |full_adder_g_p:ADD84|                 ; 2 (2)             ; 0 (0)        ; 0           ; 0            ; 0       ; 0         ; 0    ; 0            ; |Block2|RCA8_bit:inst1|full_adder_g_p:ADD84                                                    ;              ;
;       |full_adder_g_p:ADD85|                 ; 2 (2)             ; 0 (0)        ; 0           ; 0            ; 0       ; 0         ; 0    ; 0            ; |Block2|RCA8_bit:inst1|full_adder_g_p:ADD85                                                    ;              ;
;       |full_adder_g_p:ADD86|                 ; 3 (3)             ; 0 (0)        ; 0           ; 0            ; 0       ; 0         ; 0    ; 0            ; |Block2|RCA8_bit:inst1|full_adder_g_p:ADD86                                                    ;              ;
;       |full_adder_g_p:ADD87|                 ; 1 (1)             ; 0 (0)        ; 0           ; 0            ; 0       ; 0         ; 0    ; 0            ; |Block2|RCA8_bit:inst1|full_adder_g_p:ADD87                                                    ;              ;
+----------------------------------------------+-------------------+--------------+-------------+--------------+---------+-----------+------+--------------+------------------------------------------------------------------------------------------------+--------------+
Note: For table entries with two numbers listed, the numbers in parentheses indicate the number of resources of the given type used by the specific entity alone. The numbers listed outside of parentheses indicate the total resources of the given type used by the specific entity and all of its sub-entities in the hierarchy.


+------------------------------------------------------+
; General Register Statistics                          ;
+----------------------------------------------+-------+
; Statistic                                    ; Value ;
+----------------------------------------------+-------+
; Total registers                              ; 0     ;
; Number of registers using Synchronous Clear  ; 0     ;
; Number of registers using Synchronous Load   ; 0     ;
; Number of registers using Asynchronous Clear ; 0     ;
; Number of registers using Asynchronous Load  ; 0     ;
; Number of registers using Clock Enable       ; 0     ;
; Number of registers using Preset             ; 0     ;
+----------------------------------------------+-------+


+---------------------------------------------------------------------------------------------------+
; Parameter Settings for User Entity Instance: My_LPM_Adder:inst2|lpm_add_sub:lpm_add_sub_component ;
+------------------------+-------------+------------------------------------------------------------+
; Parameter Name         ; Value       ; Type                                                       ;
+------------------------+-------------+------------------------------------------------------------+
; LPM_WIDTH              ; 8           ; Signed Integer                                             ;
; LPM_REPRESENTATION     ; UNSIGNED    ; Untyped                                                    ;
; LPM_DIRECTION          ; DEFAULT     ; Untyped                                                    ;
; ONE_INPUT_IS_CONSTANT  ; NO          ; Untyped                                                    ;
; LPM_PIPELINE           ; 0           ; Untyped                                                    ;
; MAXIMIZE_SPEED         ; 5           ; Untyped                                                    ;
; REGISTERED_AT_END      ; 0           ; Untyped                                                    ;
; OPTIMIZE_FOR_SPEED     ; 5           ; Untyped                                                    ;
; USE_CS_BUFFERS         ; 1           ; Untyped                                                    ;
; CARRY_CHAIN            ; MANUAL      ; Untyped                                                    ;
; CARRY_CHAIN_LENGTH     ; 48          ; CARRY_CHAIN_LENGTH                                         ;
; DEVICE_FAMILY          ; Cyclone II  ; Untyped                                                    ;
; USE_WYS                ; OFF         ; Untyped                                                    ;
; STYLE                  ; FAST        ; Untyped                                                    ;
; CBXI_PARAMETER         ; add_sub_k8i ; Untyped                                                    ;
; AUTO_CARRY_CHAINS      ; ON          ; AUTO_CARRY                                                 ;
; IGNORE_CARRY_BUFFERS   ; OFF         ; IGNORE_CARRY                                               ;
; AUTO_CASCADE_CHAINS    ; ON          ; AUTO_CASCADE                                               ;
; IGNORE_CASCADE_BUFFERS ; OFF         ; IGNORE_CASCADE                                             ;
+------------------------+-------------+------------------------------------------------------------+
Note: In order to hide this table in the UI and the text report file, please set the "Show Parameter Settings Tables in Synthesis Report" option in "Analysis and Synthesis Settings -> More Settings" to "Off".


+----------------------------------------------------------------------------------------------------------------+
; Port Connectivity Checks: "Csc21100_8bit_add_sub:inst|Csc21100_4bit_add_sub:Csc_Bit_Adder1"                    ;
+------+--------+----------+-------------------------------------------------------------------------------------+
; Port ; Type   ; Severity ; Details                                                                             ;
+------+--------+----------+-------------------------------------------------------------------------------------+
; cout ; Output ; Info     ; Connected to dangling logic. Logic that only feeds a dangling port will be removed. ;
+------+--------+----------+-------------------------------------------------------------------------------------+


+--------------------------------------------------------------------------------------------------------------------+
; Port Connectivity Checks: "Csc21100_8bit_add_sub:inst|Csc21100_4bit_add_sub:Csc_Bit_Adder0"                        ;
+----------+--------+----------+-------------------------------------------------------------------------------------+
; Port     ; Type   ; Severity ; Details                                                                             ;
+----------+--------+----------+-------------------------------------------------------------------------------------+
; overflow ; Output ; Info     ; Connected to dangling logic. Logic that only feeds a dangling port will be removed. ;
+----------+--------+----------+-------------------------------------------------------------------------------------+


+----------------------------------------------------------------------------------------------------------------+
; Port Connectivity Checks: "RCA8_bit:inst1|cla_logic:CLA0"                                                      ;
+------+--------+----------+-------------------------------------------------------------------------------------+
; Port ; Type   ; Severity ; Details                                                                             ;
+------+--------+----------+-------------------------------------------------------------------------------------+
; c[0] ; Output ; Info     ; Connected to dangling logic. Logic that only feeds a dangling port will be removed. ;
+------+--------+----------+-------------------------------------------------------------------------------------+


+-------------------------------+
; Analysis & Synthesis Messages ;
+-------------------------------+
Info: *******************************************************************
Info: Running Quartus II Analysis & Synthesis
    Info: Version 9.1 Build 350 03/24/2010 Service Pack 2 SJ Web Edition
    Info: Processing started: Fri Nov 03 23:37:47 2017
Info: Command: quartus_map --read_settings_files=on --write_settings_files=off RCA8_bit -c RCA8_bit
Info: Found 3 design units, including 1 entities, in source file csc21100_8bit_add_sub.vhd
    Info: Found design unit 1: Csc211_Gerti_Kulla_Package2
    Info: Found design unit 2: Csc21100_8bit_add_sub-Behaviour
    Info: Found entity 1: Csc21100_8bit_add_sub
Info: Found 3 design units, including 1 entities, in source file csc21100_4bit_add_sub.vhd
    Info: Found design unit 1: Csc211_Gerti_Kulla_Package
    Info: Found design unit 2: Csc21100_4bit_add_sub-Behaviour
    Info: Found entity 1: Csc21100_4bit_add_sub
Info: Found 2 design units, including 1 entities, in source file add_sub.vhd
    Info: Found design unit 1: add_sub-Behaviour
    Info: Found entity 1: add_sub
Info: Found 2 design units, including 1 entities, in source file cla_logic.vhd
    Info: Found design unit 1: cla_logic-arch
    Info: Found entity 1: cla_logic
Info: Found 2 design units, including 1 entities, in source file full_adder_g_p.vhd
    Info: Found design unit 1: full_adder_g_p-arch
    Info: Found entity 1: full_adder_g_p
Info: Found 3 design units, including 1 entities, in source file cla4.vhd
    Info: Found design unit 1: Csc211_Gerti_Kulla_CLA_Package
    Info: Found design unit 2: cla4-arch
    Info: Found entity 1: cla4
Info: Found 3 design units, including 1 entities, in source file cla4_add_subtract.vhd
    Info: Found design unit 1: Csc211_Gerti_Kulla_CLA_Package2
    Info: Found design unit 2: cla4_add_subtract-arch
    Info: Found entity 1: cla4_add_subtract
Info: Found 3 design units, including 1 entities, in source file rca8_bit.vhd
    Info: Found design unit 1: Csc211_Gerti_Kulla_CLA_Package3
    Info: Found design unit 2: RCA8_bit-arch
    Info: Found entity 1: RCA8_bit
Info: Found 2 design units, including 1 entities, in source file display.vhd
    Info: Found design unit 1: Display-struct
    Info: Found entity 1: Display
Info: Found 1 design units, including 1 entities, in source file block1.bdf
    Info: Found entity 1: Block1
Info: Found 2 design units, including 1 entities, in source file /users/gerti/desktop/vhdl report/lab6/ripple_carry_adder/my_lpm_adder.vhd
    Info: Found design unit 1: my_lpm_adder-SYN
    Info: Found entity 1: My_LPM_Adder
Info: Found 1 design units, including 1 entities, in source file block2.bdf
    Info: Found entity 1: Block2
Info: Elaborating entity "Block2" for the top level hierarchy
Info: Elaborating entity "RCA8_bit" for hierarchy "RCA8_bit:inst1"
Warning (10492): VHDL Process Statement warning at RCA8_bit.vhd(51): signal "b" is read inside the Process Statement but isn't in the Process Statement's sensitivity list
Warning (10492): VHDL Process Statement warning at RCA8_bit.vhd(52): signal "b" is read inside the Process Statement but isn't in the Process Statement's sensitivity list
Info: Elaborating entity "full_adder_g_p" for hierarchy "RCA8_bit:inst1|full_adder_g_p:ADD80"
Info: Elaborating entity "cla_logic" for hierarchy "RCA8_bit:inst1|cla_logic:CLA0"
Warning (10873): Using initial value X (don't care) for net "C[0]" at cla_logic.vhd(7)
Info: Elaborating entity "My_LPM_Adder" for hierarchy "My_LPM_Adder:inst2"
Info: Elaborating entity "lpm_add_sub" for hierarchy "My_LPM_Adder:inst2|lpm_add_sub:lpm_add_sub_component"
Info: Elaborated megafunction instantiation "My_LPM_Adder:inst2|lpm_add_sub:lpm_add_sub_component"
Info: Instantiated megafunction "My_LPM_Adder:inst2|lpm_add_sub:lpm_add_sub_component" with the following parameter:
    Info: Parameter "lpm_direction" = "UNUSED"
    Info: Parameter "lpm_hint" = "ONE_INPUT_IS_CONSTANT=NO,CIN_USED=YES"
    Info: Parameter "lpm_representation" = "UNSIGNED"
    Info: Parameter "lpm_type" = "LPM_ADD_SUB"
    Info: Parameter "lpm_width" = "8"
Info: Found 1 design units, including 1 entities, in source file db/add_sub_k8i.tdf
    Info: Found entity 1: add_sub_k8i
Info: Elaborating entity "add_sub_k8i" for hierarchy "My_LPM_Adder:inst2|lpm_add_sub:lpm_add_sub_component|add_sub_k8i:auto_generated"
Info: Elaborating entity "Csc21100_8bit_add_sub" for hierarchy "Csc21100_8bit_add_sub:inst"
Warning (10036): Verilog HDL or VHDL warning at Csc21100_8bit_add_sub.vhd(36): object "s_cout" assigned a value but never read
Warning (10036): Verilog HDL or VHDL warning at Csc21100_8bit_add_sub.vhd(36): object "sig_overflow" assigned a value but never read
Info: Elaborating entity "Csc21100_4bit_add_sub" for hierarchy "Csc21100_8bit_add_sub:inst|Csc21100_4bit_add_sub:Csc_Bit_Adder0"
Warning (10492): VHDL Process Statement warning at Csc21100_4bit_add_sub.vhd(34): signal "b" is read inside the Process Statement but isn't in the Process Statement's sensitivity list
Warning (10492): VHDL Process Statement warning at Csc21100_4bit_add_sub.vhd(36): signal "b" is read inside the Process Statement but isn't in the Process Statement's sensitivity list
Info: Elaborating entity "add_sub" for hierarchy "Csc21100_8bit_add_sub:inst|Csc21100_4bit_add_sub:Csc_Bit_Adder0|add_sub:Csc_Bit_Adder0"
Info: Implemented 87 device resources after synthesis - the final resource count might be different
    Info: Implemented 16 input pins
    Info: Implemented 24 output pins
    Info: Implemented 47 logic cells
Info: Quartus II Analysis & Synthesis was successful. 0 errors, 7 warnings
    Info: Peak virtual memory: 238 megabytes
    Info: Processing ended: Fri Nov 03 23:37:50 2017
    Info: Elapsed time: 00:00:03
    Info: Total CPU time (on all processors): 00:00:03


