Analysis & Synthesis report for FSM
Thu Nov 30 22:22:37 2017
Quartus II Version 9.1 Build 350 03/24/2010 Service Pack 2 SJ Web Edition


---------------------
; Table of Contents ;
---------------------
  1. Legal Notice
  2. Analysis & Synthesis Summary
  3. Analysis & Synthesis Settings
  4. Parallel Compilation
  5. Analysis & Synthesis Source Files Read
  6. Analysis & Synthesis Resource Usage Summary
  7. Analysis & Synthesis Resource Utilization by Entity
  8. State Machine - |Block1|FSM:inst|Y_D
  9. General Register Statistics
 10. Inverted Register Statistics
 11. Multiplexer Restructuring Statistics (Restructuring Performed)
 12. Parameter Settings for Inferred Entity Instance: count_mod10:inst5|lpm_divide:Mod0
 13. Parameter Settings for Inferred Entity Instance: count_mod10:inst5|lpm_divide:Mod1
 14. Parameter Settings for Inferred Entity Instance: count_mod10:inst5|lpm_divide:Mod2
 15. Analysis & Synthesis Messages



----------------
; Legal Notice ;
----------------
Copyright (C) 1991-2010 Altera Corporation
Your use of Altera Corporation's design tools, logic functions 
and other software and tools, and its AMPP partner logic 
functions, and any output files from any of the foregoing 
(including device programming or simulation files), and any 
associated documentation or information are expressly subject 
to the terms and conditions of the Altera Program License 
Subscription Agreement, Altera MegaCore Function License 
Agreement, or other applicable license agreement, including, 
without limitation, that your use is for the sole purpose of 
programming logic devices manufactured by Altera and sold by 
Altera or its authorized distributors.  Please refer to the 
applicable agreement for further details.



+-----------------------------------------------------------------------------------+
; Analysis & Synthesis Summary                                                      ;
+------------------------------------+----------------------------------------------+
; Analysis & Synthesis Status        ; Successful - Thu Nov 30 22:22:37 2017        ;
; Quartus II Version                 ; 9.1 Build 350 03/24/2010 SP 2 SJ Web Edition ;
; Revision Name                      ; FSM                                          ;
; Top-level Entity Name              ; Block1                                       ;
; Family                             ; Cyclone II                                   ;
; Total logic elements               ; 5,496                                        ;
;     Total combinational functions  ; 5,496                                        ;
;     Dedicated logic registers      ; 45                                           ;
; Total registers                    ; 45                                           ;
; Total pins                         ; 21                                           ;
; Total virtual pins                 ; 0                                            ;
; Total memory bits                  ; 0                                            ;
; Embedded Multiplier 9-bit elements ; 0                                            ;
; Total PLLs                         ; 0                                            ;
+------------------------------------+----------------------------------------------+


+----------------------------------------------------------------------------------------------------------------------+
; Analysis & Synthesis Settings                                                                                        ;
+----------------------------------------------------------------------------+--------------------+--------------------+
; Option                                                                     ; Setting            ; Default Value      ;
+----------------------------------------------------------------------------+--------------------+--------------------+
; Device                                                                     ; EP2C35F672C6       ;                    ;
; Top-level entity name                                                      ; Block1             ; FSM                ;
; Family name                                                                ; Cyclone II         ; Stratix II         ;
; Use Generated Physical Constraints File                                    ; Off                ;                    ;
; Use smart compilation                                                      ; Off                ; Off                ;
; Enable parallel Assembler and TimeQuest Timing Analyzer during compilation ; On                 ; On                 ;
; Enable compact report table                                                ; Off                ; Off                ;
; Restructure Multiplexers                                                   ; Auto               ; Auto               ;
; Create Debugging Nodes for IP Cores                                        ; Off                ; Off                ;
; Preserve fewer node names                                                  ; On                 ; On                 ;
; Disable OpenCore Plus hardware evaluation                                  ; Off                ; Off                ;
; Verilog Version                                                            ; Verilog_2001       ; Verilog_2001       ;
; VHDL Version                                                               ; VHDL_1993          ; VHDL_1993          ;
; State Machine Processing                                                   ; Auto               ; Auto               ;
; Safe State Machine                                                         ; Off                ; Off                ;
; Extract Verilog State Machines                                             ; On                 ; On                 ;
; Extract VHDL State Machines                                                ; On                 ; On                 ;
; Ignore Verilog initial constructs                                          ; Off                ; Off                ;
; Iteration limit for constant Verilog loops                                 ; 5000               ; 5000               ;
; Iteration limit for non-constant Verilog loops                             ; 250                ; 250                ;
; Add Pass-Through Logic to Inferred RAMs                                    ; On                 ; On                 ;
; Parallel Synthesis                                                         ; On                 ; On                 ;
; DSP Block Balancing                                                        ; Auto               ; Auto               ;
; NOT Gate Push-Back                                                         ; On                 ; On                 ;
; Power-Up Don't Care                                                        ; On                 ; On                 ;
; Remove Redundant Logic Cells                                               ; Off                ; Off                ;
; Remove Duplicate Registers                                                 ; On                 ; On                 ;
; Ignore CARRY Buffers                                                       ; Off                ; Off                ;
; Ignore CASCADE Buffers                                                     ; Off                ; Off                ;
; Ignore GLOBAL Buffers                                                      ; Off                ; Off                ;
; Ignore ROW GLOBAL Buffers                                                  ; Off                ; Off                ;
; Ignore LCELL Buffers                                                       ; Off                ; Off                ;
; Ignore SOFT Buffers                                                        ; On                 ; On                 ;
; Limit AHDL Integers to 32 Bits                                             ; Off                ; Off                ;
; Optimization Technique                                                     ; Balanced           ; Balanced           ;
; Carry Chain Length                                                         ; 70                 ; 70                 ;
; Auto Carry Chains                                                          ; On                 ; On                 ;
; Auto Open-Drain Pins                                                       ; On                 ; On                 ;
; Perform WYSIWYG Primitive Resynthesis                                      ; Off                ; Off                ;
; Auto ROM Replacement                                                       ; On                 ; On                 ;
; Auto RAM Replacement                                                       ; On                 ; On                 ;
; Auto Shift Register Replacement                                            ; Auto               ; Auto               ;
; Auto Clock Enable Replacement                                              ; On                 ; On                 ;
; Strict RAM Replacement                                                     ; Off                ; Off                ;
; Allow Synchronous Control Signals                                          ; On                 ; On                 ;
; Force Use of Synchronous Clear Signals                                     ; Off                ; Off                ;
; Auto RAM to Logic Cell Conversion                                          ; Off                ; Off                ;
; Auto Resource Sharing                                                      ; Off                ; Off                ;
; Allow Any RAM Size For Recognition                                         ; Off                ; Off                ;
; Allow Any ROM Size For Recognition                                         ; Off                ; Off                ;
; Allow Any Shift Register Size For Recognition                              ; Off                ; Off                ;
; Use LogicLock Constraints during Resource Balancing                        ; On                 ; On                 ;
; Ignore translate_off and synthesis_off directives                          ; Off                ; Off                ;
; Timing-Driven Synthesis                                                    ; Off                ; Off                ;
; Show Parameter Settings Tables in Synthesis Report                         ; On                 ; On                 ;
; Ignore Maximum Fan-Out Assignments                                         ; Off                ; Off                ;
; Synchronization Register Chain Length                                      ; 2                  ; 2                  ;
; PowerPlay Power Optimization                                               ; Normal compilation ; Normal compilation ;
; HDL message level                                                          ; Level2             ; Level2             ;
; Suppress Register Optimization Related Messages                            ; Off                ; Off                ;
; Number of Removed Registers Reported in Synthesis Report                   ; 5000               ; 5000               ;
; Number of Inverted Registers Reported in Synthesis Report                  ; 100                ; 100                ;
; Clock MUX Protection                                                       ; On                 ; On                 ;
; Auto Gated Clock Conversion                                                ; Off                ; Off                ;
; Block Design Naming                                                        ; Auto               ; Auto               ;
; SDC constraint protection                                                  ; Off                ; Off                ;
; Synthesis Effort                                                           ; Auto               ; Auto               ;
; Shift Register Replacement - Allow Asynchronous Clear Signal               ; On                 ; On                 ;
; Analysis & Synthesis Message Level                                         ; Medium             ; Medium             ;
; Disable Register Merging Across Hierarchies                                ; Auto               ; Auto               ;
; Resource Aware Inference For Block RAM                                     ; On                 ; On                 ;
+----------------------------------------------------------------------------+--------------------+--------------------+


Parallel compilation was disabled, but you have multiple processors available. Enable parallel compilation to reduce compilation time.
+-------------------------------------+
; Parallel Compilation                ;
+----------------------------+--------+
; Processors                 ; Number ;
+----------------------------+--------+
; Number detected on machine ; 2      ;
; Maximum allowed            ; 1      ;
+----------------------------+--------+


+----------------------------------------------------------------------------------------------------------------------------------------------------------------------+
; Analysis & Synthesis Source Files Read                                                                                                                               ;
+----------------------------------+-----------------+------------------------------------+----------------------------------------------------------------------------+
; File Name with User-Entered Path ; Used in Netlist ; File Type                          ; File Name with Absolute Path                                               ;
+----------------------------------+-----------------+------------------------------------+----------------------------------------------------------------------------+
; FSM.vhd                          ; yes             ; User VHDL File                     ; C:/Users/gerti/Desktop/VHDL Report/laboratory9/Lab9/FSM.vhd                ;
; Block1.bdf                       ; yes             ; User Block Diagram/Schematic File  ; C:/Users/gerti/Desktop/VHDL Report/laboratory9/Lab9/Block1.bdf             ;
; Seg_Display.vhd                  ; yes             ; User VHDL File                     ; C:/Users/gerti/Desktop/VHDL Report/laboratory9/Lab9/Seg_Display.vhd        ;
; count_mod10.vhd                  ; yes             ; User VHDL File                     ; C:/Users/gerti/Desktop/VHDL Report/laboratory9/Lab9/count_mod10.vhd        ;
; lpm_divide.tdf                   ; yes             ; Megafunction                       ; d:/quartusii/quartus/libraries/megafunctions/lpm_divide.tdf                ;
; db/lpm_divide_qlo.tdf            ; yes             ; Auto-Generated Megafunction        ; C:/Users/gerti/Desktop/VHDL Report/laboratory9/Lab9/db/lpm_divide_qlo.tdf  ;
; db/abs_divider_4dg.tdf           ; yes             ; Auto-Generated Megafunction        ; C:/Users/gerti/Desktop/VHDL Report/laboratory9/Lab9/db/abs_divider_4dg.tdf ;
; db/alt_u_div_k5f.tdf             ; yes             ; Auto-Generated Megafunction        ; C:/Users/gerti/Desktop/VHDL Report/laboratory9/Lab9/db/alt_u_div_k5f.tdf   ;
; db/add_sub_lkc.tdf               ; yes             ; Auto-Generated Megafunction        ; C:/Users/gerti/Desktop/VHDL Report/laboratory9/Lab9/db/add_sub_lkc.tdf     ;
; db/add_sub_mkc.tdf               ; yes             ; Auto-Generated Megafunction        ; C:/Users/gerti/Desktop/VHDL Report/laboratory9/Lab9/db/add_sub_mkc.tdf     ;
; db/lpm_abs_0s9.tdf               ; yes             ; Auto-Generated Megafunction        ; C:/Users/gerti/Desktop/VHDL Report/laboratory9/Lab9/db/lpm_abs_0s9.tdf     ;
+----------------------------------+-----------------+------------------------------------+----------------------------------------------------------------------------+


+-------------------------------------------------------------------------+
; Analysis & Synthesis Resource Usage Summary                             ;
+---------------------------------------------+---------------------------+
; Resource                                    ; Usage                     ;
+---------------------------------------------+---------------------------+
; Estimated Total logic elements              ; 5,496                     ;
;                                             ;                           ;
; Total combinational functions               ; 5496                      ;
; Logic element usage by number of LUT inputs ;                           ;
;     -- 4 input functions                    ; 1681                      ;
;     -- 3 input functions                    ; 1828                      ;
;     -- <=2 input functions                  ; 1987                      ;
;                                             ;                           ;
; Logic elements by mode                      ;                           ;
;     -- normal mode                          ; 3616                      ;
;     -- arithmetic mode                      ; 1880                      ;
;                                             ;                           ;
; Total registers                             ; 45                        ;
;     -- Dedicated logic registers            ; 45                        ;
;     -- I/O registers                        ; 0                         ;
;                                             ;                           ;
; I/O pins                                    ; 21                        ;
; Maximum fan-out node                        ; count_mod10:inst5|Add3~60 ;
; Maximum fan-out                             ; 129                       ;
; Total fan-out                               ; 16161                     ;
; Average fan-out                             ; 2.91                      ;
+---------------------------------------------+---------------------------+


+----------------------------------------------------------------------------------------------------------------------------------------------------------------------------------------------------------------------------------------------------------------------------------------------+
; Analysis & Synthesis Resource Utilization by Entity                                                                                                                                                                                                                                          ;
+------------------------------------------+-------------------+--------------+-------------+--------------+---------+-----------+------+--------------+------------------------------------------------------------------------------------------------------------------------+--------------+
; Compilation Hierarchy Node               ; LC Combinationals ; LC Registers ; Memory Bits ; DSP Elements ; DSP 9x9 ; DSP 18x18 ; Pins ; Virtual Pins ; Full Hierarchy Name                                                                                                    ; Library Name ;
+------------------------------------------+-------------------+--------------+-------------+--------------+---------+-----------+------+--------------+------------------------------------------------------------------------------------------------------------------------+--------------+
; |Block1                                  ; 5496 (0)          ; 45 (0)       ; 0           ; 0            ; 0       ; 0         ; 21   ; 0            ; |Block1                                                                                                                ; work         ;
;    |FSM:inst|                            ; 11 (11)           ; 9 (9)        ; 0           ; 0            ; 0       ; 0         ; 0    ; 0            ; |Block1|FSM:inst                                                                                                       ;              ;
;    |Seg_Display:inst3|                   ; 7 (7)             ; 0 (0)        ; 0           ; 0            ; 0       ; 0         ; 0    ; 0            ; |Block1|Seg_Display:inst3                                                                                              ;              ;
;    |count_mod10:inst5|                   ; 5478 (430)        ; 36 (36)      ; 0           ; 0            ; 0       ; 0         ; 0    ; 0            ; |Block1|count_mod10:inst5                                                                                              ;              ;
;       |lpm_divide:Mod0|                  ; 1693 (0)          ; 0 (0)        ; 0           ; 0            ; 0       ; 0         ; 0    ; 0            ; |Block1|count_mod10:inst5|lpm_divide:Mod0                                                                              ;              ;
;          |lpm_divide_qlo:auto_generated| ; 1693 (0)          ; 0 (0)        ; 0           ; 0            ; 0       ; 0         ; 0    ; 0            ; |Block1|count_mod10:inst5|lpm_divide:Mod0|lpm_divide_qlo:auto_generated                                                ;              ;
;             |abs_divider_4dg:divider|    ; 1693 (95)         ; 0 (0)        ; 0           ; 0            ; 0       ; 0         ; 0    ; 0            ; |Block1|count_mod10:inst5|lpm_divide:Mod0|lpm_divide_qlo:auto_generated|abs_divider_4dg:divider                        ;              ;
;                |alt_u_div_k5f:divider|   ; 1566 (1566)       ; 0 (0)        ; 0           ; 0            ; 0       ; 0         ; 0    ; 0            ; |Block1|count_mod10:inst5|lpm_divide:Mod0|lpm_divide_qlo:auto_generated|abs_divider_4dg:divider|alt_u_div_k5f:divider  ;              ;
;                |lpm_abs_0s9:my_abs_num|  ; 32 (32)           ; 0 (0)        ; 0           ; 0            ; 0       ; 0         ; 0    ; 0            ; |Block1|count_mod10:inst5|lpm_divide:Mod0|lpm_divide_qlo:auto_generated|abs_divider_4dg:divider|lpm_abs_0s9:my_abs_num ;              ;
;       |lpm_divide:Mod1|                  ; 1693 (0)          ; 0 (0)        ; 0           ; 0            ; 0       ; 0         ; 0    ; 0            ; |Block1|count_mod10:inst5|lpm_divide:Mod1                                                                              ;              ;
;          |lpm_divide_qlo:auto_generated| ; 1693 (0)          ; 0 (0)        ; 0           ; 0            ; 0       ; 0         ; 0    ; 0            ; |Block1|count_mod10:inst5|lpm_divide:Mod1|lpm_divide_qlo:auto_generated                                                ;              ;
;             |abs_divider_4dg:divider|    ; 1693 (95)         ; 0 (0)        ; 0           ; 0            ; 0       ; 0         ; 0    ; 0            ; |Block1|count_mod10:inst5|lpm_divide:Mod1|lpm_divide_qlo:auto_generated|abs_divider_4dg:divider                        ;              ;
;                |alt_u_div_k5f:divider|   ; 1566 (1566)       ; 0 (0)        ; 0           ; 0            ; 0       ; 0         ; 0    ; 0            ; |Block1|count_mod10:inst5|lpm_divide:Mod1|lpm_divide_qlo:auto_generated|abs_divider_4dg:divider|alt_u_div_k5f:divider  ;              ;
;                |lpm_abs_0s9:my_abs_num|  ; 32 (32)           ; 0 (0)        ; 0           ; 0            ; 0       ; 0         ; 0    ; 0            ; |Block1|count_mod10:inst5|lpm_divide:Mod1|lpm_divide_qlo:auto_generated|abs_divider_4dg:divider|lpm_abs_0s9:my_abs_num ;              ;
;       |lpm_divide:Mod2|                  ; 1662 (0)          ; 0 (0)        ; 0           ; 0            ; 0       ; 0         ; 0    ; 0            ; |Block1|count_mod10:inst5|lpm_divide:Mod2                                                                              ;              ;
;          |lpm_divide_qlo:auto_generated| ; 1662 (0)          ; 0 (0)        ; 0           ; 0            ; 0       ; 0         ; 0    ; 0            ; |Block1|count_mod10:inst5|lpm_divide:Mod2|lpm_divide_qlo:auto_generated                                                ;              ;
;             |abs_divider_4dg:divider|    ; 1662 (64)         ; 0 (0)        ; 0           ; 0            ; 0       ; 0         ; 0    ; 0            ; |Block1|count_mod10:inst5|lpm_divide:Mod2|lpm_divide_qlo:auto_generated|abs_divider_4dg:divider                        ;              ;
;                |alt_u_div_k5f:divider|   ; 1566 (1566)       ; 0 (0)        ; 0           ; 0            ; 0       ; 0         ; 0    ; 0            ; |Block1|count_mod10:inst5|lpm_divide:Mod2|lpm_divide_qlo:auto_generated|abs_divider_4dg:divider|alt_u_div_k5f:divider  ;              ;
;                |lpm_abs_0s9:my_abs_num|  ; 32 (32)           ; 0 (0)        ; 0           ; 0            ; 0       ; 0         ; 0    ; 0            ; |Block1|count_mod10:inst5|lpm_divide:Mod2|lpm_divide_qlo:auto_generated|abs_divider_4dg:divider|lpm_abs_0s9:my_abs_num ;              ;
+------------------------------------------+-------------------+--------------+-------------+--------------+---------+-----------+------+--------------+------------------------------------------------------------------------------------------------------------------------+--------------+
Note: For table entries with two numbers listed, the numbers in parentheses indicate the number of resources of the given type used by the specific entity alone. The numbers listed outside of parentheses indicate the total resources of the given type used by the specific entity and all of its sub-entities in the hierarchy.


Encoding Type:  One-Hot
+-------------------------------------------------------------------------------+
; State Machine - |Block1|FSM:inst|Y_D                                          ;
+-------+-------+-------+-------+-------+-------+-------+-------+-------+-------+
; Name  ; Y_D.I ; Y_D.H ; Y_D.G ; Y_D.F ; Y_D.E ; Y_D.D ; Y_D.C ; Y_D.B ; Y_D.A ;
+-------+-------+-------+-------+-------+-------+-------+-------+-------+-------+
; Y_D.A ; 0     ; 0     ; 0     ; 0     ; 0     ; 0     ; 0     ; 0     ; 0     ;
; Y_D.B ; 0     ; 0     ; 0     ; 0     ; 0     ; 0     ; 0     ; 1     ; 1     ;
; Y_D.C ; 0     ; 0     ; 0     ; 0     ; 0     ; 0     ; 1     ; 0     ; 1     ;
; Y_D.D ; 0     ; 0     ; 0     ; 0     ; 0     ; 1     ; 0     ; 0     ; 1     ;
; Y_D.E ; 0     ; 0     ; 0     ; 0     ; 1     ; 0     ; 0     ; 0     ; 1     ;
; Y_D.F ; 0     ; 0     ; 0     ; 1     ; 0     ; 0     ; 0     ; 0     ; 1     ;
; Y_D.G ; 0     ; 0     ; 1     ; 0     ; 0     ; 0     ; 0     ; 0     ; 1     ;
; Y_D.H ; 0     ; 1     ; 0     ; 0     ; 0     ; 0     ; 0     ; 0     ; 1     ;
; Y_D.I ; 1     ; 0     ; 0     ; 0     ; 0     ; 0     ; 0     ; 0     ; 1     ;
+-------+-------+-------+-------+-------+-------+-------+-------+-------+-------+


+------------------------------------------------------+
; General Register Statistics                          ;
+----------------------------------------------+-------+
; Statistic                                    ; Value ;
+----------------------------------------------+-------+
; Total registers                              ; 45    ;
; Number of registers using Synchronous Clear  ; 29    ;
; Number of registers using Synchronous Load   ; 3     ;
; Number of registers using Asynchronous Clear ; 0     ;
; Number of registers using Asynchronous Load  ; 0     ;
; Number of registers using Clock Enable       ; 28    ;
; Number of registers using Preset             ; 0     ;
+----------------------------------------------+-------+


+--------------------------------------------------+
; Inverted Register Statistics                     ;
+----------------------------------------+---------+
; Inverted Register                      ; Fan out ;
+----------------------------------------+---------+
; count_mod10:inst5|COUNT[0]             ; 7       ;
; Total number of inverted registers = 1 ;         ;
+----------------------------------------+---------+


+------------------------------------------------------------------------------------------------------------------------------------------------------------------+
; Multiplexer Restructuring Statistics (Restructuring Performed)                                                                                                   ;
+--------------------+-----------+---------------+----------------------+------------------------+------------+----------------------------------------------------+
; Multiplexer Inputs ; Bus Width ; Baseline Area ; Area if Restructured ; Saving if Restructured ; Registered ; Example Multiplexer Output                         ;
+--------------------+-----------+---------------+----------------------+------------------------+------------+----------------------------------------------------+
; 8:1                ; 28 bits   ; 140 LEs       ; 84 LEs               ; 56 LEs                 ; Yes        ; |Block1|count_mod10:inst5|\P_COUNT:intern_value[9] ;
; 3:1                ; 31 bits   ; 62 LEs        ; 62 LEs               ; 0 LEs                  ; No         ; |Block1|count_mod10:inst5|Add2                     ;
; 7:1                ; 3 bits    ; 12 LEs        ; 9 LEs                ; 3 LEs                  ; No         ; |Block1|count_mod10:inst5|COUNT                    ;
+--------------------+-----------+---------------+----------------------+------------------------+------------+----------------------------------------------------+


+------------------------------------------------------------------------------------+
; Parameter Settings for Inferred Entity Instance: count_mod10:inst5|lpm_divide:Mod0 ;
+------------------------+----------------+------------------------------------------+
; Parameter Name         ; Value          ; Type                                     ;
+------------------------+----------------+------------------------------------------+
; LPM_WIDTHN             ; 32             ; Untyped                                  ;
; LPM_WIDTHD             ; 32             ; Untyped                                  ;
; LPM_NREPRESENTATION    ; SIGNED         ; Untyped                                  ;
; LPM_DREPRESENTATION    ; SIGNED         ; Untyped                                  ;
; LPM_PIPELINE           ; 0              ; Untyped                                  ;
; LPM_REMAINDERPOSITIVE  ; FALSE          ; Untyped                                  ;
; MAXIMIZE_SPEED         ; 5              ; Untyped                                  ;
; CBXI_PARAMETER         ; lpm_divide_qlo ; Untyped                                  ;
; CARRY_CHAIN            ; MANUAL         ; Untyped                                  ;
; OPTIMIZE_FOR_SPEED     ; 5              ; Untyped                                  ;
; AUTO_CARRY_CHAINS      ; ON             ; AUTO_CARRY                               ;
; IGNORE_CARRY_BUFFERS   ; OFF            ; IGNORE_CARRY                             ;
; AUTO_CASCADE_CHAINS    ; ON             ; AUTO_CASCADE                             ;
; IGNORE_CASCADE_BUFFERS ; OFF            ; IGNORE_CASCADE                           ;
+------------------------+----------------+------------------------------------------+
Note: In order to hide this table in the UI and the text report file, please set the "Show Parameter Settings Tables in Synthesis Report" option in "Analysis and Synthesis Settings -> More Settings" to "Off".


+------------------------------------------------------------------------------------+
; Parameter Settings for Inferred Entity Instance: count_mod10:inst5|lpm_divide:Mod1 ;
+------------------------+----------------+------------------------------------------+
; Parameter Name         ; Value          ; Type                                     ;
+------------------------+----------------+------------------------------------------+
; LPM_WIDTHN             ; 32             ; Untyped                                  ;
; LPM_WIDTHD             ; 32             ; Untyped                                  ;
; LPM_NREPRESENTATION    ; SIGNED         ; Untyped                                  ;
; LPM_DREPRESENTATION    ; SIGNED         ; Untyped                                  ;
; LPM_PIPELINE           ; 0              ; Untyped                                  ;
; LPM_REMAINDERPOSITIVE  ; FALSE          ; Untyped                                  ;
; MAXIMIZE_SPEED         ; 5              ; Untyped                                  ;
; CBXI_PARAMETER         ; lpm_divide_qlo ; Untyped                                  ;
; CARRY_CHAIN            ; MANUAL         ; Untyped                                  ;
; OPTIMIZE_FOR_SPEED     ; 5              ; Untyped                                  ;
; AUTO_CARRY_CHAINS      ; ON             ; AUTO_CARRY                               ;
; IGNORE_CARRY_BUFFERS   ; OFF            ; IGNORE_CARRY                             ;
; AUTO_CASCADE_CHAINS    ; ON             ; AUTO_CASCADE                             ;
; IGNORE_CASCADE_BUFFERS ; OFF            ; IGNORE_CASCADE                           ;
+------------------------+----------------+------------------------------------------+
Note: In order to hide this table in the UI and the text report file, please set the "Show Parameter Settings Tables in Synthesis Report" option in "Analysis and Synthesis Settings -> More Settings" to "Off".


+------------------------------------------------------------------------------------+
; Parameter Settings for Inferred Entity Instance: count_mod10:inst5|lpm_divide:Mod2 ;
+------------------------+----------------+------------------------------------------+
; Parameter Name         ; Value          ; Type                                     ;
+------------------------+----------------+------------------------------------------+
; LPM_WIDTHN             ; 32             ; Untyped                                  ;
; LPM_WIDTHD             ; 32             ; Untyped                                  ;
; LPM_NREPRESENTATION    ; SIGNED         ; Untyped                                  ;
; LPM_DREPRESENTATION    ; SIGNED         ; Untyped                                  ;
; LPM_PIPELINE           ; 0              ; Untyped                                  ;
; LPM_REMAINDERPOSITIVE  ; FALSE          ; Untyped                                  ;
; MAXIMIZE_SPEED         ; 5              ; Untyped                                  ;
; CBXI_PARAMETER         ; lpm_divide_qlo ; Untyped                                  ;
; CARRY_CHAIN            ; MANUAL         ; Untyped                                  ;
; OPTIMIZE_FOR_SPEED     ; 5              ; Untyped                                  ;
; AUTO_CARRY_CHAINS      ; ON             ; AUTO_CARRY                               ;
; IGNORE_CARRY_BUFFERS   ; OFF            ; IGNORE_CARRY                             ;
; AUTO_CASCADE_CHAINS    ; ON             ; AUTO_CASCADE                             ;
; IGNORE_CASCADE_BUFFERS ; OFF            ; IGNORE_CASCADE                           ;
+------------------------+----------------+------------------------------------------+
Note: In order to hide this table in the UI and the text report file, please set the "Show Parameter Settings Tables in Synthesis Report" option in "Analysis and Synthesis Settings -> More Settings" to "Off".


+-------------------------------+
; Analysis & Synthesis Messages ;
+-------------------------------+
Info: *******************************************************************
Info: Running Quartus II Analysis & Synthesis
    Info: Version 9.1 Build 350 03/24/2010 Service Pack 2 SJ Web Edition
    Info: Processing started: Thu Nov 30 22:22:15 2017
Info: Command: quartus_map --read_settings_files=on --write_settings_files=off FSM -c FSM
Info: Found 2 design units, including 1 entities, in source file fsm.vhd
    Info: Found design unit 1: FSM-Struct
    Info: Found entity 1: FSM
Info: Found 1 design units, including 1 entities, in source file block1.bdf
    Info: Found entity 1: Block1
Info: Found 2 design units, including 1 entities, in source file count10.vhd
    Info: Found design unit 1: COUNT10-behav_COUNT
    Info: Found entity 1: COUNT10
Info: Found 2 design units, including 1 entities, in source file seg_display.vhd
    Info: Found design unit 1: Seg_Display-struct
    Info: Found entity 1: Seg_Display
Info: Found 2 design units, including 1 entities, in source file count_mod10.vhd
    Info: Found design unit 1: count_mod10-behav_COUNT
    Info: Found entity 1: count_mod10
Info: Elaborating entity "Block1" for the top level hierarchy
Info: Elaborating entity "FSM" for hierarchy "FSM:inst"
Info: Elaborating entity "Seg_Display" for hierarchy "Seg_Display:inst3"
Info: Elaborating entity "count_mod10" for hierarchy "count_mod10:inst5"
Info: Inferred 3 megafunctions from design logic
    Info: Inferred divider/modulo megafunction ("lpm_divide") from the following logic: "count_mod10:inst5|Mod0"
    Info: Inferred divider/modulo megafunction ("lpm_divide") from the following logic: "count_mod10:inst5|Mod1"
    Info: Inferred divider/modulo megafunction ("lpm_divide") from the following logic: "count_mod10:inst5|Mod2"
Info: Elaborated megafunction instantiation "count_mod10:inst5|lpm_divide:Mod0"
Info: Instantiated megafunction "count_mod10:inst5|lpm_divide:Mod0" with the following parameter:
    Info: Parameter "LPM_WIDTHN" = "32"
    Info: Parameter "LPM_WIDTHD" = "32"
    Info: Parameter "LPM_NREPRESENTATION" = "SIGNED"
    Info: Parameter "LPM_DREPRESENTATION" = "SIGNED"
    Info: Parameter "LPM_HINT" = "LPM_REMAINDERPOSITIVE=FALSE"
Info: Found 1 design units, including 1 entities, in source file db/lpm_divide_qlo.tdf
    Info: Found entity 1: lpm_divide_qlo
Info: Found 1 design units, including 1 entities, in source file db/abs_divider_4dg.tdf
    Info: Found entity 1: abs_divider_4dg
Info: Found 1 design units, including 1 entities, in source file db/alt_u_div_k5f.tdf
    Info: Found entity 1: alt_u_div_k5f
Info: Found 1 design units, including 1 entities, in source file db/add_sub_lkc.tdf
    Info: Found entity 1: add_sub_lkc
Info: Found 1 design units, including 1 entities, in source file db/add_sub_mkc.tdf
    Info: Found entity 1: add_sub_mkc
Info: Found 1 design units, including 1 entities, in source file db/lpm_abs_0s9.tdf
    Info: Found entity 1: lpm_abs_0s9
Info: Implemented 5520 device resources after synthesis - the final resource count might be different
    Info: Implemented 4 input pins
    Info: Implemented 17 output pins
    Info: Implemented 5499 logic cells
Info: Quartus II Analysis & Synthesis was successful. 0 errors, 0 warnings
    Info: Peak virtual memory: 323 megabytes
    Info: Processing ended: Thu Nov 30 22:22:37 2017
    Info: Elapsed time: 00:00:22
    Info: Total CPU time (on all processors): 00:00:22


