Classic Timing Analyzer report for Csc21100_Half_adder
Thu Sep 14 22:43:50 2017
Quartus II Version 9.1 Build 350 03/24/2010 Service Pack 2 SJ Web Edition


---------------------
; Table of Contents ;
---------------------
  1. Legal Notice
  2. Timing Analyzer Summary
  3. Timing Analyzer Settings
  4. Parallel Compilation
  5. tpd
  6. Timing Analyzer Messages



----------------
; Legal Notice ;
----------------
Copyright (C) 1991-2010 Altera Corporation
Your use of Altera Corporation's design tools, logic functions 
and other software and tools, and its AMPP partner logic 
functions, and any output files from any of the foregoing 
(including device programming or simulation files), and any 
associated documentation or information are expressly subject 
to the terms and conditions of the Altera Program License 
Subscription Agreement, Altera MegaCore Function License 
Agreement, or other applicable license agreement, including, 
without limitation, that your use is for the sole purpose of 
programming logic devices manufactured by Altera and sold by 
Altera or its authorized distributors.  Please refer to the 
applicable agreement for further details.



+-------------------------------------------------------------------------------------------------------------------------+
; Timing Analyzer Summary                                                                                                 ;
+------------------------------+-------+---------------+-------------+------+------+------------+----------+--------------+
; Type                         ; Slack ; Required Time ; Actual Time ; From ; To   ; From Clock ; To Clock ; Failed Paths ;
+------------------------------+-------+---------------+-------------+------+------+------------+----------+--------------+
; Worst-case tpd               ; N/A   ; None          ; 12.949 ns   ; cin  ; sum3 ; --         ; --       ; 0            ;
; Total number of failed paths ;       ;               ;             ;      ;      ;            ;          ; 0            ;
+------------------------------+-------+---------------+-------------+------+------+------------+----------+--------------+


+-----------------------------------------------------------------------------------------------------------------------------------------------------+
; Timing Analyzer Settings                                                                                                                            ;
+------------------------------------------------------------------------------------------------------+--------------------+------+----+-------------+
; Option                                                                                               ; Setting            ; From ; To ; Entity Name ;
+------------------------------------------------------------------------------------------------------+--------------------+------+----+-------------+
; Device Name                                                                                          ; EP2C35F672C6       ;      ;    ;             ;
; Timing Models                                                                                        ; Final              ;      ;    ;             ;
; Default hold multicycle                                                                              ; Same as Multicycle ;      ;    ;             ;
; Cut paths between unrelated clock domains                                                            ; On                 ;      ;    ;             ;
; Cut off read during write signal paths                                                               ; On                 ;      ;    ;             ;
; Cut off feedback from I/O pins                                                                       ; On                 ;      ;    ;             ;
; Report Combined Fast/Slow Timing                                                                     ; Off                ;      ;    ;             ;
; Ignore Clock Settings                                                                                ; Off                ;      ;    ;             ;
; Analyze latches as synchronous elements                                                              ; On                 ;      ;    ;             ;
; Enable Recovery/Removal analysis                                                                     ; Off                ;      ;    ;             ;
; Enable Clock Latency                                                                                 ; Off                ;      ;    ;             ;
; Use TimeQuest Timing Analyzer                                                                        ; Off                ;      ;    ;             ;
; Minimum Core Junction Temperature                                                                    ; 0                  ;      ;    ;             ;
; Maximum Core Junction Temperature                                                                    ; 85                 ;      ;    ;             ;
; Number of source nodes to report per destination node                                                ; 10                 ;      ;    ;             ;
; Number of destination nodes to report                                                                ; 10                 ;      ;    ;             ;
; Number of paths to report                                                                            ; 200                ;      ;    ;             ;
; Report Minimum Timing Checks                                                                         ; Off                ;      ;    ;             ;
; Use Fast Timing Models                                                                               ; Off                ;      ;    ;             ;
; Report IO Paths Separately                                                                           ; Off                ;      ;    ;             ;
; Perform Multicorner Analysis                                                                         ; On                 ;      ;    ;             ;
; Reports the worst-case path for each clock domain and analysis                                       ; Off                ;      ;    ;             ;
; Reports worst-case timing paths for each clock domain and analysis                                   ; On                 ;      ;    ;             ;
; Specifies the maximum number of worst-case timing paths to report for each clock domain and analysis ; 100                ;      ;    ;             ;
; Removes common clock path pessimism (CCPP) during slack computation                                  ; Off                ;      ;    ;             ;
; Output I/O Timing Endpoint                                                                           ; Near End           ;      ;    ;             ;
+------------------------------------------------------------------------------------------------------+--------------------+------+----+-------------+


Parallel compilation was disabled, but you have multiple processors available. Enable parallel compilation to reduce compilation time.
+-------------------------------------+
; Parallel Compilation                ;
+----------------------------+--------+
; Processors                 ; Number ;
+----------------------------+--------+
; Number detected on machine ; 2      ;
; Maximum allowed            ; 1      ;
+----------------------------+--------+


+-----------------------------------------------------------+
; tpd                                                       ;
+-------+-------------------+-----------------+------+------+
; Slack ; Required P2P Time ; Actual P2P Time ; From ; To   ;
+-------+-------------------+-----------------+------+------+
; N/A   ; None              ; 12.949 ns       ; cin  ; sum3 ;
; N/A   ; None              ; 12.741 ns       ; cin  ; cout ;
; N/A   ; None              ; 12.544 ns       ; cin  ; sum2 ;
; N/A   ; None              ; 11.875 ns       ; cin  ; sum1 ;
; N/A   ; None              ; 8.299 ns        ; b0   ; sum3 ;
; N/A   ; None              ; 8.193 ns        ; a1   ; sum3 ;
; N/A   ; None              ; 8.091 ns        ; b0   ; cout ;
; N/A   ; None              ; 8.010 ns        ; a0   ; sum3 ;
; N/A   ; None              ; 7.985 ns        ; a1   ; cout ;
; N/A   ; None              ; 7.894 ns        ; b0   ; sum2 ;
; N/A   ; None              ; 7.802 ns        ; a0   ; cout ;
; N/A   ; None              ; 7.788 ns        ; a1   ; sum2 ;
; N/A   ; None              ; 7.774 ns        ; b1   ; sum3 ;
; N/A   ; None              ; 7.605 ns        ; a0   ; sum2 ;
; N/A   ; None              ; 7.566 ns        ; b1   ; cout ;
; N/A   ; None              ; 7.369 ns        ; b1   ; sum2 ;
; N/A   ; None              ; 7.307 ns        ; b3   ; sum3 ;
; N/A   ; None              ; 7.225 ns        ; b0   ; sum1 ;
; N/A   ; None              ; 7.117 ns        ; a1   ; sum1 ;
; N/A   ; None              ; 7.099 ns        ; b3   ; cout ;
; N/A   ; None              ; 6.951 ns        ; b2   ; sum3 ;
; N/A   ; None              ; 6.936 ns        ; a0   ; sum1 ;
; N/A   ; None              ; 6.852 ns        ; b0   ; sum0 ;
; N/A   ; None              ; 6.743 ns        ; b2   ; cout ;
; N/A   ; None              ; 6.704 ns        ; b1   ; sum1 ;
; N/A   ; None              ; 6.702 ns        ; a2   ; sum3 ;
; N/A   ; None              ; 6.593 ns        ; a3   ; sum3 ;
; N/A   ; None              ; 6.546 ns        ; b2   ; sum2 ;
; N/A   ; None              ; 6.538 ns        ; a0   ; sum0 ;
; N/A   ; None              ; 6.494 ns        ; a2   ; cout ;
; N/A   ; None              ; 6.383 ns        ; a3   ; cout ;
; N/A   ; None              ; 6.297 ns        ; a2   ; sum2 ;
+-------+-------------------+-----------------+------+------+


+--------------------------+
; Timing Analyzer Messages ;
+--------------------------+
Info: *******************************************************************
Info: Running Quartus II Classic Timing Analyzer
    Info: Version 9.1 Build 350 03/24/2010 Service Pack 2 SJ Web Edition
    Info: Processing started: Thu Sep 14 22:43:48 2017
Info: Command: quartus_tan --read_settings_files=off --write_settings_files=off Csc21100_Half_adder -c Csc21100_Half_adder --timing_analysis_only
Info: Longest tpd from source pin "cin" to destination pin "sum3" is 12.949 ns
    Info: 1: + IC(0.000 ns) + CELL(0.852 ns) = 0.852 ns; Loc. = PIN_V2; Fanout = 7; PIN Node = 'cin'
    Info: 2: + IC(6.513 ns) + CELL(0.416 ns) = 7.781 ns; Loc. = LCCOMB_X60_Y4_N26; Fanout = 2; COMB Node = 'block_4_bit_add_sub:inst|block_logic_2_half_adder:inst|inst5~0'
    Info: 3: + IC(0.247 ns) + CELL(0.150 ns) = 8.178 ns; Loc. = LCCOMB_X60_Y4_N6; Fanout = 2; COMB Node = 'block_4_bit_add_sub:inst|block_logic_2_half_adder:inst1|inst5'
    Info: 4: + IC(0.266 ns) + CELL(0.438 ns) = 8.882 ns; Loc. = LCCOMB_X60_Y4_N2; Fanout = 2; COMB Node = 'block_4_bit_add_sub:inst|block_logic_2_half_adder:inst2|inst5~0'
    Info: 5: + IC(0.249 ns) + CELL(0.150 ns) = 9.281 ns; Loc. = LCCOMB_X60_Y4_N22; Fanout = 1; COMB Node = 'block_4_bit_add_sub:inst|block_logic_2_half_adder:inst3|block_logic_gates:inst1|inst3~0'
    Info: 6: + IC(0.880 ns) + CELL(2.788 ns) = 12.949 ns; Loc. = PIN_AC22; Fanout = 0; PIN Node = 'sum3'
    Info: Total cell delay = 4.794 ns ( 37.02 % )
    Info: Total interconnect delay = 8.155 ns ( 62.98 % )
Info: Quartus II Classic Timing Analyzer was successful. 0 errors, 0 warnings
    Info: Peak virtual memory: 173 megabytes
    Info: Processing ended: Thu Sep 14 22:43:54 2017
    Info: Elapsed time: 00:00:06
    Info: Total CPU time (on all processors): 00:00:01


