Classic Timing Analyzer report for add_sub
Fri Nov 03 21:59:12 2017
Quartus II Version 9.1 Build 350 03/24/2010 Service Pack 2 SJ Web Edition


---------------------
; Table of Contents ;
---------------------
  1. Legal Notice
  2. Timing Analyzer Summary
  3. Timing Analyzer Settings
  4. Parallel Compilation
  5. tpd
  6. Timing Analyzer Messages



----------------
; Legal Notice ;
----------------
Copyright (C) 1991-2010 Altera Corporation
Your use of Altera Corporation's design tools, logic functions 
and other software and tools, and its AMPP partner logic 
functions, and any output files from any of the foregoing 
(including device programming or simulation files), and any 
associated documentation or information are expressly subject 
to the terms and conditions of the Altera Program License 
Subscription Agreement, Altera MegaCore Function License 
Agreement, or other applicable license agreement, including, 
without limitation, that your use is for the sole purpose of 
programming logic devices manufactured by Altera and sold by 
Altera or its authorized distributors.  Please refer to the 
applicable agreement for further details.



+---------------------------------------------------------------------------------------------------------------------------+
; Timing Analyzer Summary                                                                                                   ;
+------------------------------+-------+---------------+-------------+------+--------+------------+----------+--------------+
; Type                         ; Slack ; Required Time ; Actual Time ; From ; To     ; From Clock ; To Clock ; Failed Paths ;
+------------------------------+-------+---------------+-------------+------+--------+------------+----------+--------------+
; Worst-case tpd               ; N/A   ; None          ; 16.388 ns   ; cin  ; sum[7] ; --         ; --       ; 0            ;
; Total number of failed paths ;       ;               ;             ;      ;        ;            ;          ; 0            ;
+------------------------------+-------+---------------+-------------+------+--------+------------+----------+--------------+


+-----------------------------------------------------------------------------------------------------------------------------------------------------+
; Timing Analyzer Settings                                                                                                                            ;
+------------------------------------------------------------------------------------------------------+--------------------+------+----+-------------+
; Option                                                                                               ; Setting            ; From ; To ; Entity Name ;
+------------------------------------------------------------------------------------------------------+--------------------+------+----+-------------+
; Device Name                                                                                          ; EP2C35F672C6       ;      ;    ;             ;
; Timing Models                                                                                        ; Final              ;      ;    ;             ;
; Default hold multicycle                                                                              ; Same as Multicycle ;      ;    ;             ;
; Cut paths between unrelated clock domains                                                            ; On                 ;      ;    ;             ;
; Cut off read during write signal paths                                                               ; On                 ;      ;    ;             ;
; Cut off feedback from I/O pins                                                                       ; On                 ;      ;    ;             ;
; Report Combined Fast/Slow Timing                                                                     ; Off                ;      ;    ;             ;
; Ignore Clock Settings                                                                                ; Off                ;      ;    ;             ;
; Analyze latches as synchronous elements                                                              ; On                 ;      ;    ;             ;
; Enable Recovery/Removal analysis                                                                     ; Off                ;      ;    ;             ;
; Enable Clock Latency                                                                                 ; Off                ;      ;    ;             ;
; Use TimeQuest Timing Analyzer                                                                        ; Off                ;      ;    ;             ;
; Minimum Core Junction Temperature                                                                    ; 0                  ;      ;    ;             ;
; Maximum Core Junction Temperature                                                                    ; 85                 ;      ;    ;             ;
; Number of source nodes to report per destination node                                                ; 10                 ;      ;    ;             ;
; Number of destination nodes to report                                                                ; 10                 ;      ;    ;             ;
; Number of paths to report                                                                            ; 200                ;      ;    ;             ;
; Report Minimum Timing Checks                                                                         ; Off                ;      ;    ;             ;
; Use Fast Timing Models                                                                               ; Off                ;      ;    ;             ;
; Report IO Paths Separately                                                                           ; Off                ;      ;    ;             ;
; Perform Multicorner Analysis                                                                         ; On                 ;      ;    ;             ;
; Reports the worst-case path for each clock domain and analysis                                       ; Off                ;      ;    ;             ;
; Reports worst-case timing paths for each clock domain and analysis                                   ; On                 ;      ;    ;             ;
; Specifies the maximum number of worst-case timing paths to report for each clock domain and analysis ; 100                ;      ;    ;             ;
; Removes common clock path pessimism (CCPP) during slack computation                                  ; Off                ;      ;    ;             ;
; Output I/O Timing Endpoint                                                                           ; Near End           ;      ;    ;             ;
+------------------------------------------------------------------------------------------------------+--------------------+------+----+-------------+


Parallel compilation was disabled, but you have multiple processors available. Enable parallel compilation to reduce compilation time.
+-------------------------------------+
; Parallel Compilation                ;
+----------------------------+--------+
; Processors                 ; Number ;
+----------------------------+--------+
; Number detected on machine ; 2      ;
; Maximum allowed            ; 1      ;
+----------------------------+--------+


+-------------------------------------------------------------------------------------------------------------------------------------+
; tpd                                                                                                                                 ;
+-----------------------------------------+-----------------------------------------------------+-----------------+------+------------+
; Slack                                   ; Required P2P Time                                   ; Actual P2P Time ; From ; To         ;
+-----------------------------------------+-----------------------------------------------------+-----------------+------+------------+
; N/A                                     ; None                                                ; 16.388 ns       ; cin  ; sum[7]     ;
; N/A                                     ; None                                                ; 15.495 ns       ; cin  ; sum[6]     ;
; N/A                                     ; None                                                ; 15.276 ns       ; cin  ; overflow   ;
; N/A                                     ; None                                                ; 14.441 ns       ; cin  ; sum[5]     ;
; N/A                                     ; None                                                ; 14.298 ns       ; cin  ; output1[6] ;
; N/A                                     ; None                                                ; 14.266 ns       ; cin  ; output1[4] ;
; N/A                                     ; None                                                ; 14.242 ns       ; cin  ; output1[5] ;
; N/A                                     ; None                                                ; 14.058 ns       ; cin  ; output1[1] ;
; N/A                                     ; None                                                ; 13.997 ns       ; cin  ; output2[5] ;
; N/A                                     ; None                                                ; 13.997 ns       ; cin  ; output2[6] ;
; N/A                                     ; None                                                ; 13.927 ns       ; cin  ; sum[2]     ;
; N/A                                     ; None                                                ; 13.828 ns       ; cin  ; output2[0] ;
; N/A                                     ; None                                                ; 13.808 ns       ; cin  ; output2[1] ;
; N/A                                     ; None                                                ; 13.728 ns       ; cin  ; output1[0] ;
; N/A                                     ; None                                                ; 13.720 ns       ; cin  ; sum[3]     ;
; N/A                                     ; None                                                ; 13.635 ns       ; cin  ; sum[1]     ;
; N/A                                     ; None                                                ; 13.444 ns       ; b[5] ; sum[7]     ;
; N/A                                     ; None                                                ; 13.368 ns       ; cin  ; output2[2] ;
; N/A                                     ; None                                                ; 13.348 ns       ; cin  ; output2[3] ;
; N/A                                     ; None                                                ; 13.348 ns       ; cin  ; output2[4] ;
; N/A                                     ; None                                                ; 13.222 ns       ; b[6] ; sum[7]     ;
; N/A                                     ; None                                                ; 12.747 ns       ; b[0] ; sum[7]     ;
; N/A                                     ; None                                                ; 12.599 ns       ; b[7] ; sum[7]     ;
; N/A                                     ; None                                                ; 12.553 ns       ; a[0] ; sum[7]     ;
; N/A                                     ; None                                                ; 12.551 ns       ; b[5] ; sum[6]     ;
; N/A                                     ; None                                                ; 12.537 ns       ; cin  ; output1[3] ;
; N/A                                     ; None                                                ; 12.526 ns       ; cin  ; output1[2] ;
; N/A                                     ; None                                                ; 12.332 ns       ; b[5] ; overflow   ;
; N/A                                     ; None                                                ; 12.323 ns       ; b[6] ; sum[6]     ;
; N/A                                     ; None                                                ; 12.110 ns       ; b[6] ; overflow   ;
; N/A                                     ; None                                                ; 12.067 ns       ; a[1] ; sum[7]     ;
; N/A                                     ; None                                                ; 11.854 ns       ; b[0] ; sum[6]     ;
; N/A                                     ; None                                                ; 11.660 ns       ; a[0] ; sum[6]     ;
; N/A                                     ; None                                                ; 11.635 ns       ; b[0] ; overflow   ;
; N/A                                     ; None                                                ; 11.627 ns       ; b[4] ; sum[7]     ;
; N/A                                     ; None                                                ; 11.528 ns       ; b[1] ; sum[7]     ;
; N/A                                     ; None                                                ; 11.492 ns       ; b[5] ; sum[5]     ;
; N/A                                     ; None                                                ; 11.490 ns       ; b[7] ; overflow   ;
; N/A                                     ; None                                                ; 11.441 ns       ; a[0] ; overflow   ;
; N/A                                     ; None                                                ; 11.424 ns       ; a[2] ; sum[7]     ;
; N/A                                     ; None                                                ; 11.221 ns       ; b[3] ; sum[7]     ;
; N/A                                     ; None                                                ; 11.217 ns       ; b[2] ; sum[7]     ;
; N/A                                     ; None                                                ; 11.174 ns       ; a[1] ; sum[6]     ;
; N/A                                     ; None                                                ; 10.955 ns       ; a[1] ; overflow   ;
; N/A                                     ; None                                                ; 10.800 ns       ; b[0] ; sum[5]     ;
; N/A                                     ; None                                                ; 10.734 ns       ; b[4] ; sum[6]     ;
; N/A                                     ; None                                                ; 10.657 ns       ; b[0] ; output1[6] ;
; N/A                                     ; None                                                ; 10.635 ns       ; b[1] ; sum[6]     ;
; N/A                                     ; None                                                ; 10.625 ns       ; b[0] ; output1[4] ;
; N/A                                     ; None                                                ; 10.606 ns       ; a[0] ; sum[5]     ;
; N/A                                     ; None                                                ; 10.601 ns       ; b[0] ; output1[5] ;
; N/A                                     ; None                                                ; 10.531 ns       ; a[2] ; sum[6]     ;
; N/A                                     ; None                                                ; 10.515 ns       ; b[4] ; overflow   ;
; N/A                                     ; None                                                ; 10.463 ns       ; a[0] ; output1[6] ;
; N/A                                     ; None                                                ; 10.431 ns       ; a[0] ; output1[4] ;
; N/A                                     ; None                                                ; 10.417 ns       ; b[0] ; output1[1] ;
; N/A                                     ; None                                                ; 10.416 ns       ; b[1] ; overflow   ;
; N/A                                     ; None                                                ; 10.407 ns       ; a[0] ; output1[5] ;
; N/A                                     ; None                                                ; 10.356 ns       ; b[0] ; output2[5] ;
; N/A                                     ; None                                                ; 10.356 ns       ; b[0] ; output2[6] ;
; N/A                                     ; None                                                ; 10.328 ns       ; b[3] ; sum[6]     ;
; N/A                                     ; None                                                ; 10.324 ns       ; b[2] ; sum[6]     ;
; N/A                                     ; None                                                ; 10.312 ns       ; a[2] ; overflow   ;
; N/A                                     ; None                                                ; 10.286 ns       ; b[0] ; sum[2]     ;
; N/A                                     ; None                                                ; 10.223 ns       ; a[0] ; output1[1] ;
; N/A                                     ; None                                                ; 10.187 ns       ; b[0] ; output2[0] ;
; N/A                                     ; None                                                ; 10.167 ns       ; b[0] ; output2[1] ;
; N/A                                     ; None                                                ; 10.162 ns       ; a[0] ; output2[5] ;
; N/A                                     ; None                                                ; 10.162 ns       ; a[0] ; output2[6] ;
; N/A                                     ; None                                                ; 10.120 ns       ; a[1] ; sum[5]     ;
; N/A                                     ; None                                                ; 10.109 ns       ; b[3] ; overflow   ;
; N/A                                     ; None                                                ; 10.105 ns       ; b[2] ; overflow   ;
; N/A                                     ; None                                                ; 10.092 ns       ; a[0] ; sum[2]     ;
; N/A                                     ; None                                                ; 10.087 ns       ; b[0] ; output1[0] ;
; N/A                                     ; None                                                ; 10.079 ns       ; b[0] ; sum[3]     ;
; N/A                                     ; None                                                ; 9.994 ns        ; b[0] ; sum[1]     ;
; N/A                                     ; None                                                ; 9.993 ns        ; a[0] ; output2[0] ;
; N/A                                     ; None                                                ; 9.977 ns        ; a[1] ; output1[6] ;
; N/A                                     ; None                                                ; 9.973 ns        ; a[0] ; output2[1] ;
; N/A                                     ; None                                                ; 9.959 ns        ; a[4] ; sum[7]     ;
; N/A                                     ; None                                                ; 9.945 ns        ; a[1] ; output1[4] ;
; N/A                                     ; None                                                ; 9.921 ns        ; a[1] ; output1[5] ;
; N/A                                     ; None                                                ; 9.893 ns        ; a[0] ; output1[0] ;
; N/A                                     ; None                                                ; 9.885 ns        ; a[0] ; sum[3]     ;
; N/A                                     ; None                                                ; 9.800 ns        ; a[0] ; sum[1]     ;
; N/A                                     ; None                                                ; 9.737 ns        ; a[1] ; output1[1] ;
; N/A                                     ; None                                                ; 9.727 ns        ; b[0] ; output2[2] ;
; N/A                                     ; None                                                ; 9.707 ns        ; b[0] ; output2[3] ;
; N/A                                     ; None                                                ; 9.707 ns        ; b[0] ; output2[4] ;
; N/A                                     ; None                                                ; 9.680 ns        ; b[4] ; sum[5]     ;
; N/A                                     ; None                                                ; 9.676 ns        ; a[1] ; output2[5] ;
; N/A                                     ; None                                                ; 9.676 ns        ; a[1] ; output2[6] ;
; N/A                                     ; None                                                ; 9.606 ns        ; a[1] ; sum[2]     ;
; N/A                                     ; None                                                ; 9.581 ns        ; b[1] ; sum[5]     ;
; N/A                                     ; None                                                ; 9.533 ns        ; a[0] ; output2[2] ;
; N/A                                     ; None                                                ; 9.513 ns        ; a[0] ; output2[3] ;
; N/A                                     ; None                                                ; 9.513 ns        ; a[0] ; output2[4] ;
; N/A                                     ; None                                                ; 9.507 ns        ; a[1] ; output2[0] ;
; N/A                                     ; None                                                ; 9.487 ns        ; a[1] ; output2[1] ;
; N/A                                     ; None                                                ; 9.477 ns        ; a[2] ; sum[5]     ;
; N/A                                     ; None                                                ; 9.438 ns        ; b[1] ; output1[6] ;
; N/A                                     ; None                                                ; 9.407 ns        ; a[1] ; output1[0] ;
; N/A                                     ; None                                                ; 9.406 ns        ; b[1] ; output1[4] ;
; N/A                                     ; None                                                ; 9.399 ns        ; a[1] ; sum[3]     ;
; N/A                                     ; None                                                ; 9.382 ns        ; b[1] ; output1[5] ;
; N/A                                     ; None                                                ; 9.334 ns        ; a[2] ; output1[6] ;
; N/A                                     ; None                                                ; 9.312 ns        ; a[1] ; sum[1]     ;
; N/A                                     ; None                                                ; 9.309 ns        ; b[0] ; sum[0]     ;
; N/A                                     ; None                                                ; 9.302 ns        ; a[2] ; output1[4] ;
; N/A                                     ; None                                                ; 9.285 ns        ; a[3] ; sum[7]     ;
; N/A                                     ; None                                                ; 9.278 ns        ; a[2] ; output1[5] ;
; N/A                                     ; None                                                ; 9.274 ns        ; b[3] ; sum[5]     ;
; N/A                                     ; None                                                ; 9.270 ns        ; b[2] ; sum[5]     ;
; N/A                                     ; None                                                ; 9.198 ns        ; b[1] ; output1[1] ;
; N/A                                     ; None                                                ; 9.137 ns        ; b[1] ; output2[5] ;
; N/A                                     ; None                                                ; 9.137 ns        ; b[1] ; output2[6] ;
; N/A                                     ; None                                                ; 9.127 ns        ; b[2] ; output1[6] ;
; N/A                                     ; None                                                ; 9.118 ns        ; a[0] ; sum[0]     ;
; N/A                                     ; None                                                ; 9.095 ns        ; b[2] ; output1[4] ;
; N/A                                     ; None                                                ; 9.094 ns        ; a[2] ; output1[1] ;
; N/A                                     ; None                                                ; 9.071 ns        ; b[2] ; output1[5] ;
; N/A                                     ; None                                                ; 9.067 ns        ; b[1] ; sum[2]     ;
; N/A                                     ; None                                                ; 9.066 ns        ; a[4] ; sum[6]     ;
; N/A                                     ; None                                                ; 9.047 ns        ; a[1] ; output2[2] ;
; N/A                                     ; None                                                ; 9.033 ns        ; a[2] ; output2[5] ;
; N/A                                     ; None                                                ; 9.033 ns        ; a[2] ; output2[6] ;
; N/A                                     ; None                                                ; 9.027 ns        ; a[1] ; output2[3] ;
; N/A                                     ; None                                                ; 9.027 ns        ; a[1] ; output2[4] ;
; N/A                                     ; None                                                ; 8.968 ns        ; b[1] ; output2[0] ;
; N/A                                     ; None                                                ; 8.963 ns        ; a[2] ; sum[2]     ;
; N/A                                     ; None                                                ; 8.948 ns        ; b[1] ; output2[1] ;
; N/A                                     ; None                                                ; 8.896 ns        ; b[0] ; output1[3] ;
; N/A                                     ; None                                                ; 8.887 ns        ; b[2] ; output1[1] ;
; N/A                                     ; None                                                ; 8.885 ns        ; b[0] ; output1[2] ;
; N/A                                     ; None                                                ; 8.868 ns        ; b[1] ; output1[0] ;
; N/A                                     ; None                                                ; 8.864 ns        ; a[2] ; output2[0] ;
; N/A                                     ; None                                                ; 8.860 ns        ; b[1] ; sum[3]     ;
; N/A                                     ; None                                                ; 8.847 ns        ; a[4] ; overflow   ;
; N/A                                     ; None                                                ; 8.844 ns        ; a[2] ; output2[1] ;
; N/A                                     ; None                                                ; 8.826 ns        ; b[2] ; output2[5] ;
; N/A                                     ; None                                                ; 8.826 ns        ; b[2] ; output2[6] ;
; N/A                                     ; None                                                ; 8.792 ns        ; a[7] ; sum[7]     ;
; N/A                                     ; None                                                ; 8.775 ns        ; b[1] ; sum[1]     ;
; N/A                                     ; None                                                ; 8.764 ns        ; a[2] ; output1[0] ;
; N/A                                     ; None                                                ; 8.757 ns        ; b[2] ; sum[2]     ;
; N/A                                     ; None                                                ; 8.756 ns        ; a[2] ; sum[3]     ;
; N/A                                     ; None                                                ; 8.702 ns        ; a[0] ; output1[3] ;
; N/A                                     ; None                                                ; 8.691 ns        ; a[0] ; output1[2] ;
; N/A                                     ; None                                                ; 8.657 ns        ; b[2] ; output2[0] ;
; N/A                                     ; None                                                ; 8.637 ns        ; b[2] ; output2[1] ;
; N/A                                     ; None                                                ; 8.557 ns        ; b[2] ; output1[0] ;
; N/A                                     ; None                                                ; 8.549 ns        ; b[2] ; sum[3]     ;
; N/A                                     ; None                                                ; 8.508 ns        ; b[1] ; output2[2] ;
; N/A                                     ; None                                                ; 8.488 ns        ; b[1] ; output2[3] ;
; N/A                                     ; None                                                ; 8.488 ns        ; b[1] ; output2[4] ;
; N/A                                     ; None                                                ; 8.454 ns        ; a[5] ; sum[7]     ;
; N/A                                     ; None                                                ; 8.427 ns        ; b[3] ; output1[6] ;
; N/A                                     ; None                                                ; 8.404 ns        ; a[2] ; output2[2] ;
; N/A                                     ; None                                                ; 8.395 ns        ; b[3] ; output1[4] ;
; N/A                                     ; None                                                ; 8.392 ns        ; a[3] ; sum[6]     ;
; N/A                                     ; None                                                ; 8.384 ns        ; a[2] ; output2[3] ;
; N/A                                     ; None                                                ; 8.384 ns        ; a[2] ; output2[4] ;
; N/A                                     ; None                                                ; 8.371 ns        ; b[3] ; output1[5] ;
; N/A                                     ; None                                                ; 8.216 ns        ; a[1] ; output1[3] ;
; N/A                                     ; None                                                ; 8.205 ns        ; a[1] ; output1[2] ;
; N/A                                     ; None                                                ; 8.197 ns        ; b[2] ; output2[2] ;
; N/A                                     ; None                                                ; 8.187 ns        ; b[3] ; output1[1] ;
; N/A                                     ; None                                                ; 8.182 ns        ; b[4] ; sum[4]     ;
; N/A                                     ; None                                                ; 8.177 ns        ; b[2] ; output2[3] ;
; N/A                                     ; None                                                ; 8.177 ns        ; b[2] ; output2[4] ;
; N/A                                     ; None                                                ; 8.173 ns        ; a[3] ; overflow   ;
; N/A                                     ; None                                                ; 8.126 ns        ; b[3] ; output2[5] ;
; N/A                                     ; None                                                ; 8.126 ns        ; b[3] ; output2[6] ;
; N/A                                     ; None                                                ; 8.012 ns        ; a[4] ; sum[5]     ;
; N/A                                     ; None                                                ; 7.957 ns        ; b[3] ; output2[0] ;
; N/A                                     ; None                                                ; 7.937 ns        ; b[3] ; output2[1] ;
; N/A                                     ; None                                                ; 7.912 ns        ; a[6] ; sum[7]     ;
; N/A                                     ; None                                                ; 7.857 ns        ; b[3] ; output1[0] ;
; N/A                                     ; None                                                ; 7.849 ns        ; b[3] ; sum[3]     ;
; N/A                                     ; None                                                ; 7.684 ns        ; a[7] ; overflow   ;
; N/A                                     ; None                                                ; 7.677 ns        ; b[1] ; output1[3] ;
; N/A                                     ; None                                                ; 7.666 ns        ; b[1] ; output1[2] ;
; N/A                                     ; None                                                ; 7.573 ns        ; a[2] ; output1[3] ;
; N/A                                     ; None                                                ; 7.562 ns        ; a[2] ; output1[2] ;
; N/A                                     ; None                                                ; 7.561 ns        ; a[5] ; sum[6]     ;
; N/A                                     ; None                                                ; 7.497 ns        ; b[3] ; output2[2] ;
; N/A                                     ; None                                                ; 7.477 ns        ; b[3] ; output2[3] ;
; N/A                                     ; None                                                ; 7.477 ns        ; b[3] ; output2[4] ;
; N/A                                     ; None                                                ; 7.367 ns        ; b[2] ; output1[3] ;
; N/A                                     ; None                                                ; 7.356 ns        ; b[2] ; output1[2] ;
; N/A                                     ; None                                                ; 7.342 ns        ; a[5] ; overflow   ;
; N/A                                     ; None                                                ; 7.338 ns        ; a[3] ; sum[5]     ;
; N/A                                     ; None                                                ; 7.190 ns        ; a[3] ; output1[6] ;
; N/A                                     ; None                                                ; 7.158 ns        ; a[3] ; output1[4] ;
; N/A                                     ; None                                                ; 7.134 ns        ; a[3] ; output1[5] ;
; N/A                                     ; None                                                ; 7.014 ns        ; a[6] ; sum[6]     ;
; N/A                                     ; None                                                ; 6.950 ns        ; a[3] ; output1[1] ;
; N/A                                     ; None                                                ; 6.889 ns        ; a[3] ; output2[5] ;
; N/A                                     ; None                                                ; 6.889 ns        ; a[3] ; output2[6] ;
; N/A                                     ; None                                                ; 6.800 ns        ; a[6] ; overflow   ;
; Timing analysis restricted to 200 rows. ; To change the limit use Settings (Assignments menu) ;                 ;      ;            ;
+-----------------------------------------+-----------------------------------------------------+-----------------+------+------------+


+--------------------------+
; Timing Analyzer Messages ;
+--------------------------+
Info: *******************************************************************
Info: Running Quartus II Classic Timing Analyzer
    Info: Version 9.1 Build 350 03/24/2010 Service Pack 2 SJ Web Edition
    Info: Processing started: Fri Nov 03 21:59:12 2017
Info: Command: quartus_tan --read_settings_files=off --write_settings_files=off add_sub -c add_sub --timing_analysis_only
Info: Longest tpd from source pin "cin" to destination pin "sum[7]" is 16.388 ns
    Info: 1: + IC(0.000 ns) + CELL(0.852 ns) = 0.852 ns; Loc. = PIN_V2; Fanout = 8; PIN Node = 'cin'
    Info: 2: + IC(6.030 ns) + CELL(0.438 ns) = 7.320 ns; Loc. = LCCOMB_X32_Y4_N8; Fanout = 2; COMB Node = 'Csc21100_8bit_add_sub:inst|Csc21100_4bit_add_sub:Csc_Bit_Adder0|add_sub:Csc_Bit_Adder0|cout~0'
    Info: 3: + IC(0.263 ns) + CELL(0.420 ns) = 8.003 ns; Loc. = LCCOMB_X32_Y4_N10; Fanout = 2; COMB Node = 'Csc21100_8bit_add_sub:inst|Csc21100_4bit_add_sub:Csc_Bit_Adder0|add_sub:Csc_Bit_Adder1|cout~0'
    Info: 4: + IC(0.246 ns) + CELL(0.150 ns) = 8.399 ns; Loc. = LCCOMB_X32_Y4_N4; Fanout = 3; COMB Node = 'Csc21100_8bit_add_sub:inst|Csc21100_4bit_add_sub:Csc_Bit_Adder0|add_sub:Csc_Bit_Adder2|cout~0'
    Info: 5: + IC(0.266 ns) + CELL(0.420 ns) = 9.085 ns; Loc. = LCCOMB_X32_Y4_N2; Fanout = 2; COMB Node = 'Csc21100_8bit_add_sub:inst|Csc21100_4bit_add_sub:Csc_Bit_Adder1|add_sub:Csc_Bit_Adder0|cout~1'
    Info: 6: + IC(0.486 ns) + CELL(0.438 ns) = 10.009 ns; Loc. = LCCOMB_X33_Y4_N0; Fanout = 2; COMB Node = 'Csc21100_8bit_add_sub:inst|Csc21100_4bit_add_sub:Csc_Bit_Adder1|add_sub:Csc_Bit_Adder1|cout~0'
    Info: 7: + IC(0.252 ns) + CELL(0.150 ns) = 10.411 ns; Loc. = LCCOMB_X33_Y4_N2; Fanout = 2; COMB Node = 'Csc21100_8bit_add_sub:inst|Csc21100_4bit_add_sub:Csc_Bit_Adder1|add_sub:Csc_Bit_Adder2|cout~0'
    Info: 8: + IC(0.255 ns) + CELL(0.419 ns) = 11.085 ns; Loc. = LCCOMB_X33_Y4_N22; Fanout = 1; COMB Node = 'Csc21100_8bit_add_sub:inst|Csc21100_4bit_add_sub:Csc_Bit_Adder1|add_sub:Csc_Bit_Adder3|sum~0'
    Info: 9: + IC(2.505 ns) + CELL(2.798 ns) = 16.388 ns; Loc. = PIN_AC21; Fanout = 0; PIN Node = 'sum[7]'
    Info: Total cell delay = 6.085 ns ( 37.13 % )
    Info: Total interconnect delay = 10.303 ns ( 62.87 % )
Info: Quartus II Classic Timing Analyzer was successful. 0 errors, 0 warnings
    Info: Peak virtual memory: 177 megabytes
    Info: Processing ended: Fri Nov 03 21:59:12 2017
    Info: Elapsed time: 00:00:00
    Info: Total CPU time (on all processors): 00:00:01


