Flow report for JK_ff
Mon Nov 13 10:07:40 2017
Quartus II Version 9.1 Build 350 03/24/2010 Service Pack 2 SJ Web Edition


---------------------
; Table of Contents ;
---------------------
  1. Legal Notice
  2. Flow Summary
  3. Flow Settings
  4. Flow Non-Default Global Settings
  5. Flow Elapsed Time
  6. Flow OS Summary
  7. Flow Log



----------------
; Legal Notice ;
----------------
Copyright (C) 1991-2010 Altera Corporation
Your use of Altera Corporation's design tools, logic functions 
and other software and tools, and its AMPP partner logic 
functions, and any output files from any of the foregoing 
(including device programming or simulation files), and any 
associated documentation or information are expressly subject 
to the terms and conditions of the Altera Program License 
Subscription Agreement, Altera MegaCore Function License 
Agreement, or other applicable license agreement, including, 
without limitation, that your use is for the sole purpose of 
programming logic devices manufactured by Altera and sold by 
Altera or its authorized distributors.  Please refer to the 
applicable agreement for further details.



+-----------------------------------------------------------------------------------+
; Flow Summary                                                                      ;
+------------------------------------+----------------------------------------------+
; Flow Status                        ; Successful - Mon Nov 13 10:07:40 2017        ;
; Quartus II Version                 ; 9.1 Build 350 03/24/2010 SP 2 SJ Web Edition ;
; Revision Name                      ; JK_ff                                        ;
; Top-level Entity Name              ; T_f_f                                        ;
; Family                             ; Cyclone II                                   ;
; Device                             ; EP2C35F672C6                                 ;
; Timing Models                      ; Final                                        ;
; Met timing requirements            ; Yes                                          ;
; Total logic elements               ; 4 / 33,216 ( < 1 % )                         ;
;     Total combinational functions  ; 4 / 33,216 ( < 1 % )                         ;
;     Dedicated logic registers      ; 0 / 33,216 ( 0 % )                           ;
; Total registers                    ; 0                                            ;
; Total pins                         ; 4 / 475 ( < 1 % )                            ;
; Total virtual pins                 ; 0                                            ;
; Total memory bits                  ; 0 / 483,840 ( 0 % )                          ;
; Embedded Multiplier 9-bit elements ; 0 / 70 ( 0 % )                               ;
; Total PLLs                         ; 0 / 4 ( 0 % )                                ;
+------------------------------------+----------------------------------------------+


+-----------------------------------------+
; Flow Settings                           ;
+-------------------+---------------------+
; Option            ; Setting             ;
+-------------------+---------------------+
; Start date & time ; 11/13/2017 10:07:26 ;
; Main task         ; Compilation         ;
; Revision Name     ; JK_ff               ;
+-------------------+---------------------+


+-------------------------------------------------------------------------------------------------------------------+
; Flow Non-Default Global Settings                                                                                  ;
+------------------------------------+-------------------------------+---------------+-------------+----------------+
; Assignment Name                    ; Value                         ; Default Value ; Entity Name ; Section Id     ;
+------------------------------------+-------------------------------+---------------+-------------+----------------+
; COMPILER_SIGNATURE_ID              ; 2200303521616.151058564608324 ; --            ; --          ; --             ;
; MAX_CORE_JUNCTION_TEMP             ; 85                            ; --            ; --          ; --             ;
; MIN_CORE_JUNCTION_TEMP             ; 0                             ; --            ; --          ; --             ;
; PARTITION_COLOR                    ; 16764057                      ; --            ; T_f_f       ; Top            ;
; PARTITION_NETLIST_TYPE             ; SOURCE                        ; --            ; T_f_f       ; Top            ;
; TOP_LEVEL_ENTITY                   ; T_f_f                         ; JK_ff         ; --          ; --             ;
; USE_GENERATED_PHYSICAL_CONSTRAINTS ; Off                           ; --            ; --          ; eda_blast_fpga ;
+------------------------------------+-------------------------------+---------------+-------------+----------------+


+-----------------------------------------------------------------------------------------------------------------------------+
; Flow Elapsed Time                                                                                                           ;
+-------------------------+--------------+-------------------------+---------------------+------------------------------------+
; Module Name             ; Elapsed Time ; Average Processors Used ; Peak Virtual Memory ; Total CPU Time (on all processors) ;
+-------------------------+--------------+-------------------------+---------------------+------------------------------------+
; Analysis & Synthesis    ; 00:00:02     ; 1.0                     ; 229 MB              ; 00:00:01                           ;
; Fitter                  ; 00:00:07     ; 1.0                     ; 275 MB              ; 00:00:07                           ;
; Assembler               ; 00:00:02     ; 1.0                     ; 257 MB              ; 00:00:03                           ;
; Classic Timing Analyzer ; 00:00:01     ; 1.0                     ; 161 MB              ; 00:00:01                           ;
; Total                   ; 00:00:12     ; --                      ; --                  ; 00:00:12                           ;
+-------------------------+--------------+-------------------------+---------------------+------------------------------------+


+------------------------------------------------------------------------------------------+
; Flow OS Summary                                                                          ;
+-------------------------+------------------+---------------+------------+----------------+
; Module Name             ; Machine Hostname ; OS Name       ; OS Version ; Processor type ;
+-------------------------+------------------+---------------+------------+----------------+
; Analysis & Synthesis    ; gerti-PC         ; Windows Vista ; 6.1        ; x86_64         ;
; Fitter                  ; gerti-PC         ; Windows Vista ; 6.1        ; x86_64         ;
; Assembler               ; gerti-PC         ; Windows Vista ; 6.1        ; x86_64         ;
; Classic Timing Analyzer ; gerti-PC         ; Windows Vista ; 6.1        ; x86_64         ;
+-------------------------+------------------+---------------+------------+----------------+


------------
; Flow Log ;
------------
quartus_map --read_settings_files=on --write_settings_files=off JK_ff -c JK_ff
quartus_fit --read_settings_files=off --write_settings_files=off JK_ff -c JK_ff
quartus_asm --read_settings_files=off --write_settings_files=off JK_ff -c JK_ff
quartus_tan --read_settings_files=off --write_settings_files=off JK_ff -c JK_ff --timing_analysis_only



